<?xml version="1.0" encoding="UTF-8"?>
<!-- Generated by org.testng.reporters.JUnitXMLReporter -->
<testsuite hostname="RLE0160" name="Default test" tests="2" failures="1" timestamp="6 Feb 2017 07:03:52 GMT" time="17.434" errors="0">
  <testcase name="verifyHamMenu_HomeButton" time="1.323" classname="scripts.VerifyHamburgerMenu">
    <failure type="java.lang.StackOverflowError">
      <![CDATA[java.lang.StackOverflowError
	at com.sun.proxy.$Proxy6.how(Unknown Source)
	at org.openqa.selenium.support.pagefactory.AbstractAnnotations.assertValidFindBy(AbstractAnnotations.java:171)
	at org.openqa.selenium.support.pagefactory.AbstractAnnotations.buildByFromFindBy(AbstractAnnotations.java:79)
	at org.openqa.selenium.support.pagefactory.Annotations.buildBy(Annotations.java:74)
	at org.openqa.selenium.support.pagefactory.DefaultElementLocator.<init>(DefaultElementLocator.java:58)
	at org.openqa.selenium.support.pagefactory.DefaultElementLocator.<init>(DefaultElementLocator.java:46)
	at org.openqa.selenium.support.pagefactory.DefaultElementLocatorFactory.createLocator(DefaultElementLocatorFactory.java:32)
	at org.openqa.selenium.support.pagefactory.DefaultFieldDecorator.decorate(DefaultFieldDecorator.java:56)
	at org.openqa.selenium.support.PageFactory.proxyFields(PageFactory.java:113)
	at org.openqa.selenium.support.PageFactory.initElements(PageFactory.java:105)
	at org.openqa.selenium.support.PageFactory.initElements(PageFactory.java:92)
	at org.openqa.selenium.support.PageFactory.initElements(PageFactory.java:79)
	at pom.BasePage.<init>(BasePage.java:15)
	at pom.ScholasticInternational_Home.<init>(ScholasticInternational_Home.java:12)
	at pom.ScholasticInternational_Home.<init>(ScholasticInternational_Home.java:19)
	at pom.ScholasticInternational_Home.<init>(ScholasticInternational_Home.java:19)
	at pom.ScholasticInternational_Home.<init>(ScholasticInternational_Home.java:19)
	at pom.ScholasticInternational_Home.<init>(ScholasticInternational_Home.java:19)
	at pom.ScholasticInternational_Home.<init>(ScholasticInternational_Home.java:19)
	at pom.ScholasticInternational_Home.<init>(ScholasticInternational_Home.java:19)
	at pom.ScholasticInternational_Home.<init>(ScholasticInternational_Home.java:19)
	at pom.ScholasticInternational_Home.<init>(ScholasticInternational_Home.java:19)
	at pom.ScholasticInternational_Home.<init>(ScholasticInternational_Home.java:19)
	at pom.ScholasticInternational_Home.<init>(ScholasticInternational_Home.java:19)
	at pom.ScholasticInternational_Home.<init>(ScholasticInternational_Home.java:19)
	at pom.ScholasticInternational_Home.<init>(ScholasticInternational_Home.java:19)
	at pom.ScholasticInternational_Home.<init>(ScholasticInternational_Home.java:19)
	at pom.ScholasticInternational_Home.<init>(ScholasticInternational_Home.java:19)
	at pom.ScholasticInternational_Home.<init>(ScholasticInternational_Home.java:19)
	at pom.ScholasticInternational_Home.<init>(ScholasticInternational_Home.java:19)
	at pom.ScholasticInternational_Home.<init>(ScholasticInternational_Home.java:19)
	at pom.ScholasticInternational_Home.<init>(ScholasticInternational_Home.java:19)
	at pom.ScholasticInternational_Home.<init>(ScholasticInternational_Home.java:19)
	at pom.ScholasticInternational_Home.<init>(ScholasticInternational_Home.java:19)
	at pom.ScholasticInternational_Home.<init>(ScholasticInternational_Home.java:19)
	at pom.ScholasticInternational_Home.<init>(ScholasticInternational_Home.java:19)
	at pom.ScholasticInternational_Home.<init>(ScholasticInternational_Home.java:19)
	at pom.ScholasticInternational_Home.<init>(ScholasticInternational_Home.java:19)
	at pom.ScholasticInternational_Home.<init>(ScholasticInternational_Home.java:19)
	at pom.ScholasticInternational_Home.<init>(ScholasticInternational_Home.java:19)
	at pom.ScholasticInternational_Home.<init>(ScholasticInternational_Home.java:19)
	at pom.ScholasticInternational_Home.<init>(ScholasticInternational_Home.java:19)
	at pom.ScholasticInternational_Home.<init>(ScholasticInternational_Home.java:19)
	at pom.ScholasticInternational_Home.<init>(ScholasticInternational_Home.java:19)
	at pom.ScholasticInternational_Home.<init>(ScholasticInternational_Home.java:19)
	at pom.ScholasticInternational_Home.<init>(ScholasticInternational_Home.java:19)
	at pom.ScholasticInternational_Home.<init>(ScholasticInternational_Home.java:19)
	at pom.ScholasticInternational_Home.<init>(ScholasticInternational_Home.java:19)
	at pom.ScholasticInternational_Home.<init>(ScholasticInternational_Home.java:19)
	at pom.ScholasticInternational_Home.<init>(ScholasticInternational_Home.java:19)
	at pom.ScholasticInternational_Home.<init>(ScholasticInternational_Home.java:19)
	at pom.ScholasticInternational_Home.<init>(ScholasticInternational_Home.java:19)
	at pom.ScholasticInternational_Home.<init>(ScholasticInternational_Home.java:19)
	at pom.ScholasticInternational_Home.<init>(ScholasticInternational_Home.java:19)
	at pom.ScholasticInternational_Home.<init>(ScholasticInternational_Home.java:19)
	at pom.ScholasticInternational_Home.<init>(ScholasticInternational_Home.java:19)
	at pom.ScholasticInternational_Home.<init>(ScholasticInternational_Home.java:19)
	at pom.ScholasticInternational_Home.<init>(ScholasticInternational_Home.java:19)
	at pom.ScholasticInternational_Home.<init>(ScholasticInternational_Home.java:19)
	at pom.ScholasticInternational_Home.<init>(ScholasticInternational_Home.java:19)
	at pom.ScholasticInternational_Home.<init>(ScholasticInternational_Home.java:19)
	at pom.ScholasticInternational_Home.<init>(ScholasticInternational_Home.java:19)
	at pom.ScholasticInternational_Home.<init>(ScholasticInternational_Home.java:19)
	at pom.ScholasticInternational_Home.<init>(ScholasticInternational_Home.java:19)
	at pom.ScholasticInternational_Home.<init>(ScholasticInternational_Home.java:19)
	at pom.ScholasticInternational_Home.<init>(ScholasticInternational_Home.java:19)
	at pom.ScholasticInternational_Home.<init>(ScholasticInternational_Home.java:19)
	at pom.ScholasticInternational_Home.<init>(ScholasticInternational_Home.java:19)
	at pom.ScholasticInternational_Home.<init>(ScholasticInternational_Home.java:19)
	at pom.ScholasticInternational_Home.<init>(ScholasticInternational_Home.java:19)
	at pom.ScholasticInternational_Home.<init>(ScholasticInternational_Home.java:19)
	at pom.ScholasticInternational_Home.<init>(ScholasticInternational_Home.java:19)
	at pom.ScholasticInternational_Home.<init>(ScholasticInternational_Home.java:19)
	at pom.ScholasticInternational_Home.<init>(ScholasticInternational_Home.java:19)
	at pom.ScholasticInternational_Home.<init>(ScholasticInternational_Home.java:19)
	at pom.ScholasticInternational_Home.<init>(ScholasticInternational_Home.java:19)
	at pom.ScholasticInternational_Home.<init>(ScholasticInternational_Home.java:19)
	at pom.ScholasticInternational_Home.<init>(ScholasticInternational_Home.java:19)
	at pom.ScholasticInternational_Home.<init>(ScholasticInternational_Home.java:19)
	at pom.ScholasticInternational_Home.<init>(ScholasticInternational_Home.java:19)
	at pom.ScholasticInternational_Home.<init>(ScholasticInternational_Home.java:19)
	at pom.ScholasticInternational_Home.<init>(ScholasticInternational_Home.java:19)
	at pom.ScholasticInternational_Home.<init>(ScholasticInternational_Home.java:19)
	at pom.ScholasticInternational_Home.<init>(ScholasticInternational_Home.java:19)
	at pom.ScholasticInternational_Home.<init>(ScholasticInternational_Home.java:19)
	at pom.ScholasticInternational_Home.<init>(ScholasticInternational_Home.java:19)
	at pom.ScholasticInternational_Home.<init>(ScholasticInternational_Home.java:19)
	at pom.ScholasticInternational_Home.<init>(ScholasticInternational_Home.java:19)
	at pom.ScholasticInternational_Home.<init>(ScholasticInternational_Home.java:19)
	at pom.ScholasticInternational_Home.<init>(ScholasticInternational_Home.java:19)
	at pom.ScholasticInternational_Home.<init>(ScholasticInternational_Home.java:19)
	at pom.ScholasticInternational_Home.<init>(ScholasticInternational_Home.java:19)
	at pom.ScholasticInternational_Home.<init>(ScholasticInternational_Home.java:19)
	at pom.ScholasticInternational_Home.<init>(ScholasticInternational_Home.java:19)
	at pom.ScholasticInternational_Home.<init>(ScholasticInternational_Home.java:19)
	at pom.ScholasticInternational_Home.<init>(ScholasticInternational_Home.java:19)
	at pom.ScholasticInternational_Home.<init>(ScholasticInternational_Home.java:19)
	at pom.ScholasticInternational_Home.<init>(ScholasticInternational_Home.java:19)
	at pom.ScholasticInternational_Home.<init>(ScholasticInternational_Home.java:19)
	at pom.ScholasticInternational_Home.<init>(ScholasticInternational_Home.java:19)
	at pom.ScholasticInternational_Home.<init>(ScholasticInternational_Home.java:19)
	at pom.ScholasticInternational_Home.<init>(ScholasticInternational_Home.java:19)
	at pom.ScholasticInternational_Home.<init>(ScholasticInternational_Home.java:19)
	at pom.ScholasticInternational_Home.<init>(ScholasticInternational_Home.java:19)
	at pom.ScholasticInternational_Home.<init>(ScholasticInternational_Home.java:19)
	at pom.ScholasticInternational_Home.<init>(ScholasticInternational_Home.java:19)
	at pom.ScholasticInternational_Home.<init>(ScholasticInternational_Home.java:19)
	at pom.ScholasticInternational_Home.<init>(ScholasticInternational_Home.java:19)
	at pom.ScholasticInternational_Home.<init>(ScholasticInternational_Home.java:19)
	at pom.ScholasticInternational_Home.<init>(ScholasticInternational_Home.java:19)
	at pom.ScholasticInternational_Home.<init>(ScholasticInternational_Home.java:19)
	at pom.ScholasticInternational_Home.<init>(ScholasticInternational_Home.java:19)
	at pom.ScholasticInternational_Home.<init>(ScholasticInternational_Home.java:19)
	at pom.ScholasticInternational_Home.<init>(ScholasticInternational_Home.java:19)
	at pom.ScholasticInternational_Home.<init>(ScholasticInternational_Home.java:19)
	at pom.ScholasticInternational_Home.<init>(ScholasticInternational_Home.java:19)
	at pom.ScholasticInternational_Home.<init>(ScholasticInternational_Home.java:19)
	at pom.ScholasticInternational_Home.<init>(ScholasticInternational_Home.java:19)
	at pom.ScholasticInternational_Home.<init>(ScholasticInternational_Home.java:19)
	at pom.ScholasticInternational_Home.<init>(ScholasticInternational_Home.java:19)
	at pom.ScholasticInternational_Home.<init>(ScholasticInternational_Home.java:19)
	at pom.ScholasticInternational_Home.<init>(ScholasticInternational_Home.java:19)
	at pom.ScholasticInternational_Home.<init>(ScholasticInternational_Home.java:19)
	at pom.ScholasticInternational_Home.<init>(ScholasticInternational_Home.java:19)
	at pom.ScholasticInternational_Home.<init>(ScholasticInternational_Home.java:19)
	at pom.ScholasticInternational_Home.<init>(ScholasticInternational_Home.java:19)
	at pom.ScholasticInternational_Home.<init>(ScholasticInternational_Home.java:19)
	at pom.ScholasticInternational_Home.<init>(ScholasticInternational_Home.java:19)
	at pom.ScholasticInternational_Home.<init>(ScholasticInternational_Home.java:19)
	at pom.ScholasticInternational_Home.<init>(ScholasticInternational_Home.java:19)
	at pom.ScholasticInternational_Home.<init>(ScholasticInternational_Home.java:19)
	at pom.ScholasticInternational_Home.<init>(ScholasticInternational_Home.java:19)
	at pom.ScholasticInternational_Home.<init>(ScholasticInternational_Home.java:19)
	at pom.ScholasticInternational_Home.<init>(ScholasticInternational_Home.java:19)
	at pom.ScholasticInternational_Home.<init>(ScholasticInternational_Home.java:19)
	at pom.ScholasticInternational_Home.<init>(ScholasticInternational_Home.java:19)
	at pom.ScholasticInternational_Home.<init>(ScholasticInternational_Home.java:19)
	at pom.ScholasticInternational_Home.<init>(ScholasticInternational_Home.java:19)
	at pom.ScholasticInternational_Home.<init>(ScholasticInternational_Home.java:19)
	at pom.ScholasticInternational_Home.<init>(ScholasticInternational_Home.java:19)
	at pom.ScholasticInternational_Home.<init>(ScholasticInternational_Home.java:19)
	at pom.ScholasticInternational_Home.<init>(ScholasticInternational_Home.java:19)
	at pom.ScholasticInternational_Home.<init>(ScholasticInternational_Home.java:19)
	at pom.ScholasticInternational_Home.<init>(ScholasticInternational_Home.java:19)
	at pom.ScholasticInternational_Home.<init>(ScholasticInternational_Home.java:19)
	at pom.ScholasticInternational_Home.<init>(ScholasticInternational_Home.java:19)
	at pom.ScholasticInternational_Home.<init>(ScholasticInternational_Home.java:19)
	at pom.ScholasticInternational_Home.<init>(ScholasticInternational_Home.java:19)
	at pom.ScholasticInternational_Home.<init>(ScholasticInternational_Home.java:19)
	at pom.ScholasticInternational_Home.<init>(ScholasticInternational_Home.java:19)
	at pom.ScholasticInternational_Home.<init>(ScholasticInternational_Home.java:19)
	at pom.ScholasticInternational_Home.<init>(ScholasticInternational_Home.java:19)
	at pom.ScholasticInternational_Home.<init>(ScholasticInternational_Home.java:19)
	at pom.ScholasticInternational_Home.<init>(ScholasticInternational_Home.java:19)
	at pom.ScholasticInternational_Home.<init>(ScholasticInternational_Home.java:19)
	at pom.ScholasticInternational_Home.<init>(ScholasticInternational_Home.java:19)
	at pom.ScholasticInternational_Home.<init>(ScholasticInternational_Home.java:19)
	at pom.ScholasticInternational_Home.<init>(ScholasticInternational_Home.java:19)
	at pom.ScholasticInternational_Home.<init>(ScholasticInternational_Home.java:19)
	at pom.ScholasticInternational_Home.<init>(ScholasticInternational_Home.java:19)
	at pom.ScholasticInternational_Home.<init>(ScholasticInternational_Home.java:19)
	at pom.ScholasticInternational_Home.<init>(ScholasticInternational_Home.java:19)
	at pom.ScholasticInternational_Home.<init>(ScholasticInternational_Home.java:19)
	at pom.ScholasticInternational_Home.<init>(ScholasticInternational_Home.java:19)
	at pom.ScholasticInternational_Home.<init>(ScholasticInternational_Home.java:19)
	at pom.ScholasticInternational_Home.<init>(ScholasticInternational_Home.java:19)
	at pom.ScholasticInternational_Home.<init>(ScholasticInternational_Home.java:19)
	at pom.ScholasticInternational_Home.<init>(ScholasticInternational_Home.java:19)
	at pom.ScholasticInternational_Home.<init>(ScholasticInternational_Home.java:19)
	at pom.ScholasticInternational_Home.<init>(ScholasticInternational_Home.java:19)
	at pom.ScholasticInternational_Home.<init>(ScholasticInternational_Home.java:19)
	at pom.ScholasticInternational_Home.<init>(ScholasticInternational_Home.java:19)
	at pom.ScholasticInternational_Home.<init>(ScholasticInternational_Home.java:19)
	at pom.ScholasticInternational_Home.<init>(ScholasticInternational_Home.java:19)
	at pom.ScholasticInternational_Home.<init>(ScholasticInternational_Home.java:19)
	at pom.ScholasticInternational_Home.<init>(ScholasticInternational_Home.java:19)
	at pom.ScholasticInternational_Home.<init>(ScholasticInternational_Home.java:19)
	at pom.ScholasticInternational_Home.<init>(ScholasticInternational_Home.java:19)
	at pom.ScholasticInternational_Home.<init>(ScholasticInternational_Home.java:19)
	at pom.ScholasticInternational_Home.<init>(ScholasticInternational_Home.java:19)
	at pom.ScholasticInternational_Home.<init>(ScholasticInternational_Home.java:19)
	at pom.ScholasticInternational_Home.<init>(ScholasticInternational_Home.java:19)
	at pom.ScholasticInternational_Home.<init>(ScholasticInternational_Home.java:19)
	at pom.ScholasticInternational_Home.<init>(ScholasticInternational_Home.java:19)
	at pom.ScholasticInternational_Home.<init>(ScholasticInternational_Home.java:19)
	at pom.ScholasticInternational_Home.<init>(ScholasticInternational_Home.java:19)
	at pom.ScholasticInternational_Home.<init>(ScholasticInternational_Home.java:19)
	at pom.ScholasticInternational_Home.<init>(ScholasticInternational_Home.java:19)
	at pom.ScholasticInternational_Home.<init>(ScholasticInternational_Home.java:19)
	at pom.ScholasticInternational_Home.<init>(ScholasticInternational_Home.java:19)
	at pom.ScholasticInternational_Home.<init>(ScholasticInternational_Home.java:19)
	at pom.ScholasticInternational_Home.<init>(ScholasticInternational_Home.java:19)
	at pom.ScholasticInternational_Home.<init>(ScholasticInternational_Home.java:19)
	at pom.ScholasticInternational_Home.<init>(ScholasticInternational_Home.java:19)
	at pom.ScholasticInternational_Home.<init>(ScholasticInternational_Home.java:19)
	at pom.ScholasticInternational_Home.<init>(ScholasticInternational_Home.java:19)
	at pom.ScholasticInternational_Home.<init>(ScholasticInternational_Home.java:19)
	at pom.ScholasticInternational_Home.<init>(ScholasticInternational_Home.java:19)
	at pom.ScholasticInternational_Home.<init>(ScholasticInternational_Home.java:19)
	at pom.ScholasticInternational_Home.<init>(ScholasticInternational_Home.java:19)
	at pom.ScholasticInternational_Home.<init>(ScholasticInternational_Home.java:19)
	at pom.ScholasticInternational_Home.<init>(ScholasticInternational_Home.java:19)
	at pom.ScholasticInternational_Home.<init>(ScholasticInternational_Home.java:19)
	at pom.ScholasticInternational_Home.<init>(ScholasticInternational_Home.java:19)
	at pom.ScholasticInternational_Home.<init>(ScholasticInternational_Home.java:19)
	at pom.ScholasticInternational_Home.<init>(ScholasticInternational_Home.java:19)
	at pom.ScholasticInternational_Home.<init>(ScholasticInternational_Home.java:19)
	at pom.ScholasticInternational_Home.<init>(ScholasticInternational_Home.java:19)
	at pom.ScholasticInternational_Home.<init>(ScholasticInternational_Home.java:19)
	at pom.ScholasticInternational_Home.<init>(ScholasticInternational_Home.java:19)
	at pom.ScholasticInternational_Home.<init>(ScholasticInternational_Home.java:19)
	at pom.ScholasticInternational_Home.<init>(ScholasticInternational_Home.java:19)
	at pom.ScholasticInternational_Home.<init>(ScholasticInternational_Home.java:19)
	at pom.ScholasticInternational_Home.<init>(ScholasticInternational_Home.java:19)
	at pom.ScholasticInternational_Home.<init>(ScholasticInternational_Home.java:19)
	at pom.ScholasticInternational_Home.<init>(ScholasticInternational_Home.java:19)
	at pom.ScholasticInternational_Home.<init>(ScholasticInternational_Home.java:19)
	at pom.ScholasticInternational_Home.<init>(ScholasticInternational_Home.java:19)
	at pom.ScholasticInternational_Home.<init>(ScholasticInternational_Home.java:19)
	at pom.ScholasticInternational_Home.<init>(ScholasticInternational_Home.java:19)
	at pom.ScholasticInternational_Home.<init>(ScholasticInternational_Home.java:19)
	at pom.ScholasticInternational_Home.<init>(ScholasticInternational_Home.java:19)
	at pom.ScholasticInternational_Home.<init>(ScholasticInternational_Home.java:19)
	at pom.ScholasticInternational_Home.<init>(ScholasticInternational_Home.java:19)
	at pom.ScholasticInternational_Home.<init>(ScholasticInternational_Home.java:19)
	at pom.ScholasticInternational_Home.<init>(ScholasticInternational_Home.java:19)
	at pom.ScholasticInternational_Home.<init>(ScholasticInternational_Home.java:19)
	at pom.ScholasticInternational_Home.<init>(ScholasticInternational_Home.java:19)
	at pom.ScholasticInternational_Home.<init>(ScholasticInternational_Home.java:19)
	at pom.ScholasticInternational_Home.<init>(ScholasticInternational_Home.java:19)
	at pom.ScholasticInternational_Home.<init>(ScholasticInternational_Home.java:19)
	at pom.ScholasticInternational_Home.<init>(ScholasticInternational_Home.java:19)
	at pom.ScholasticInternational_Home.<init>(ScholasticInternational_Home.java:19)
	at pom.ScholasticInternational_Home.<init>(ScholasticInternational_Home.java:19)
	at pom.ScholasticInternational_Home.<init>(ScholasticInternational_Home.java:19)
	at pom.ScholasticInternational_Home.<init>(ScholasticInternational_Home.java:19)
	at pom.ScholasticInternational_Home.<init>(ScholasticInternational_Home.java:19)
	at pom.ScholasticInternational_Home.<init>(ScholasticInternational_Home.java:19)
	at pom.ScholasticInternational_Home.<init>(ScholasticInternational_Home.java:19)
	at pom.ScholasticInternational_Home.<init>(ScholasticInternational_Home.java:19)
	at pom.ScholasticInternational_Home.<init>(ScholasticInternational_Home.java:19)
	at pom.ScholasticInternational_Home.<init>(ScholasticInternational_Home.java:19)
	at pom.ScholasticInternational_Home.<init>(ScholasticInternational_Home.java:19)
	at pom.ScholasticInternational_Home.<init>(ScholasticInternational_Home.java:19)
	at pom.ScholasticInternational_Home.<init>(ScholasticInternational_Home.java:19)
	at pom.ScholasticInternational_Home.<init>(ScholasticInternational_Home.java:19)
	at pom.ScholasticInternational_Home.<init>(ScholasticInternational_Home.java:19)
	at pom.ScholasticInternational_Home.<init>(ScholasticInternational_Home.java:19)
	at pom.ScholasticInternational_Home.<init>(ScholasticInternational_Home.java:19)
	at pom.ScholasticInternational_Home.<init>(ScholasticInternational_Home.java:19)
	at pom.ScholasticInternational_Home.<init>(ScholasticInternational_Home.java:19)
	at pom.ScholasticInternational_Home.<init>(ScholasticInternational_Home.java:19)
	at pom.ScholasticInternational_Home.<init>(ScholasticInternational_Home.java:19)
	at pom.ScholasticInternational_Home.<init>(ScholasticInternational_Home.java:19)
	at pom.ScholasticInternational_Home.<init>(ScholasticInternational_Home.java:19)
	at pom.ScholasticInternational_Home.<init>(ScholasticInternational_Home.java:19)
	at pom.ScholasticInternational_Home.<init>(ScholasticInternational_Home.java:19)
	at pom.ScholasticInternational_Home.<init>(ScholasticInternational_Home.java:19)
	at pom.ScholasticInternational_Home.<init>(ScholasticInternational_Home.java:19)
	at pom.ScholasticInternational_Home.<init>(ScholasticInternational_Home.java:19)
	at pom.ScholasticInternational_Home.<init>(ScholasticInternational_Home.java:19)
	at pom.ScholasticInternational_Home.<init>(ScholasticInternational_Home.java:19)
	at pom.ScholasticInternational_Home.<init>(ScholasticInternational_Home.java:19)
	at pom.ScholasticInternational_Home.<init>(ScholasticInternational_Home.java:19)
	at pom.ScholasticInternational_Home.<init>(ScholasticInternational_Home.java:19)
	at pom.ScholasticInternational_Home.<init>(ScholasticInternational_Home.java:19)
	at pom.ScholasticInternational_Home.<init>(ScholasticInternational_Home.java:19)
	at pom.ScholasticInternational_Home.<init>(ScholasticInternational_Home.java:19)
	at pom.ScholasticInternational_Home.<init>(ScholasticInternational_Home.java:19)
	at pom.ScholasticInternational_Home.<init>(ScholasticInternational_Home.java:19)
	at pom.ScholasticInternational_Home.<init>(ScholasticInternational_Home.java:19)
	at pom.ScholasticInternational_Home.<init>(ScholasticInternational_Home.java:19)
	at pom.ScholasticInternational_Home.<init>(ScholasticInternational_Home.java:19)
	at pom.ScholasticInternational_Home.<init>(ScholasticInternational_Home.java:19)
	at pom.ScholasticInternational_Home.<init>(ScholasticInternational_Home.java:19)
	at pom.ScholasticInternational_Home.<init>(ScholasticInternational_Home.java:19)
	at pom.ScholasticInternational_Home.<init>(ScholasticInternational_Home.java:19)
	at pom.ScholasticInternational_Home.<init>(ScholasticInternational_Home.java:19)
	at pom.ScholasticInternational_Home.<init>(ScholasticInternational_Home.java:19)
	at pom.ScholasticInternational_Home.<init>(ScholasticInternational_Home.java:19)
	at pom.ScholasticInternational_Home.<init>(ScholasticInternational_Home.java:19)
	at pom.ScholasticInternational_Home.<init>(ScholasticInternational_Home.java:19)
	at pom.ScholasticInternational_Home.<init>(ScholasticInternational_Home.java:19)
	at pom.ScholasticInternational_Home.<init>(ScholasticInternational_Home.java:19)
	at pom.ScholasticInternational_Home.<init>(ScholasticInternational_Home.java:19)
	at pom.ScholasticInternational_Home.<init>(ScholasticInternational_Home.java:19)
	at pom.ScholasticInternational_Home.<init>(ScholasticInternational_Home.java:19)
	at pom.ScholasticInternational_Home.<init>(ScholasticInternational_Home.java:19)
	at pom.ScholasticInternational_Home.<init>(ScholasticInternational_Home.java:19)
	at pom.ScholasticInternational_Home.<init>(ScholasticInternational_Home.java:19)
	at pom.ScholasticInternational_Home.<init>(ScholasticInternational_Home.java:19)
	at pom.ScholasticInternational_Home.<init>(ScholasticInternational_Home.java:19)
	at pom.ScholasticInternational_Home.<init>(ScholasticInternational_Home.java:19)
	at pom.ScholasticInternational_Home.<init>(ScholasticInternational_Home.java:19)
	at pom.ScholasticInternational_Home.<init>(ScholasticInternational_Home.java:19)
	at pom.ScholasticInternational_Home.<init>(ScholasticInternational_Home.java:19)
	at pom.ScholasticInternational_Home.<init>(ScholasticInternational_Home.java:19)
	at pom.ScholasticInternational_Home.<init>(ScholasticInternational_Home.java:19)
	at pom.ScholasticInternational_Home.<init>(ScholasticInternational_Home.java:19)
	at pom.ScholasticInternational_Home.<init>(ScholasticInternational_Home.java:19)
	at pom.ScholasticInternational_Home.<init>(ScholasticInternational_Home.java:19)
	at pom.ScholasticInternational_Home.<init>(ScholasticInternational_Home.java:19)
	at pom.ScholasticInternational_Home.<init>(ScholasticInternational_Home.java:19)
	at pom.ScholasticInternational_Home.<init>(ScholasticInternational_Home.java:19)
	at pom.ScholasticInternational_Home.<init>(ScholasticInternational_Home.java:19)
	at pom.ScholasticInternational_Home.<init>(ScholasticInternational_Home.java:19)
	at pom.ScholasticInternational_Home.<init>(ScholasticInternational_Home.java:19)
	at pom.ScholasticInternational_Home.<init>(ScholasticInternational_Home.java:19)
	at pom.ScholasticInternational_Home.<init>(ScholasticInternational_Home.java:19)
	at pom.ScholasticInternational_Home.<init>(ScholasticInternational_Home.java:19)
	at pom.ScholasticInternational_Home.<init>(ScholasticInternational_Home.java:19)
	at pom.ScholasticInternational_Home.<init>(ScholasticInternational_Home.java:19)
	at pom.ScholasticInternational_Home.<init>(ScholasticInternational_Home.java:19)
	at pom.ScholasticInternational_Home.<init>(ScholasticInternational_Home.java:19)
	at pom.ScholasticInternational_Home.<init>(ScholasticInternational_Home.java:19)
	at pom.ScholasticInternational_Home.<init>(ScholasticInternational_Home.java:19)
	at pom.ScholasticInternational_Home.<init>(ScholasticInternational_Home.java:19)
	at pom.ScholasticInternational_Home.<init>(ScholasticInternational_Home.java:19)
	at pom.ScholasticInternational_Home.<init>(ScholasticInternational_Home.java:19)
	at pom.ScholasticInternational_Home.<init>(ScholasticInternational_Home.java:19)
	at pom.ScholasticInternational_Home.<init>(ScholasticInternational_Home.java:19)
	at pom.ScholasticInternational_Home.<init>(ScholasticInternational_Home.java:19)
	at pom.ScholasticInternational_Home.<init>(ScholasticInternational_Home.java:19)
	at pom.ScholasticInternational_Home.<init>(ScholasticInternational_Home.java:19)
	at pom.ScholasticInternational_Home.<init>(ScholasticInternational_Home.java:19)
	at pom.ScholasticInternational_Home.<init>(ScholasticInternational_Home.java:19)
	at pom.ScholasticInternational_Home.<init>(ScholasticInternational_Home.java:19)
	at pom.ScholasticInternational_Home.<init>(ScholasticInternational_Home.java:19)
	at pom.ScholasticInternational_Home.<init>(ScholasticInternational_Home.java:19)
	at pom.ScholasticInternational_Home.<init>(ScholasticInternational_Home.java:19)
	at pom.ScholasticInternational_Home.<init>(ScholasticInternational_Home.java:19)
	at pom.ScholasticInternational_Home.<init>(ScholasticInternational_Home.java:19)
	at pom.ScholasticInternational_Home.<init>(ScholasticInternational_Home.java:19)
	at pom.ScholasticInternational_Home.<init>(ScholasticInternational_Home.java:19)
	at pom.ScholasticInternational_Home.<init>(ScholasticInternational_Home.java:19)
	at pom.ScholasticInternational_Home.<init>(ScholasticInternational_Home.java:19)
	at pom.ScholasticInternational_Home.<init>(ScholasticInternational_Home.java:19)
	at pom.ScholasticInternational_Home.<init>(ScholasticInternational_Home.java:19)
	at pom.ScholasticInternational_Home.<init>(ScholasticInternational_Home.java:19)
	at pom.ScholasticInternational_Home.<init>(ScholasticInternational_Home.java:19)
	at pom.ScholasticInternational_Home.<init>(ScholasticInternational_Home.java:19)
	at pom.ScholasticInternational_Home.<init>(ScholasticInternational_Home.java:19)
	at pom.ScholasticInternational_Home.<init>(ScholasticInternational_Home.java:19)
	at pom.ScholasticInternational_Home.<init>(ScholasticInternational_Home.java:19)
	at pom.ScholasticInternational_Home.<init>(ScholasticInternational_Home.java:19)
	at pom.ScholasticInternational_Home.<init>(ScholasticInternational_Home.java:19)
	at pom.ScholasticInternational_Home.<init>(ScholasticInternational_Home.java:19)
	at pom.ScholasticInternational_Home.<init>(ScholasticInternational_Home.java:19)
	at pom.ScholasticInternational_Home.<init>(ScholasticInternational_Home.java:19)
	at pom.ScholasticInternational_Home.<init>(ScholasticInternational_Home.java:19)
	at pom.ScholasticInternational_Home.<init>(ScholasticInternational_Home.java:19)
	at pom.ScholasticInternational_Home.<init>(ScholasticInternational_Home.java:19)
	at pom.ScholasticInternational_Home.<init>(ScholasticInternational_Home.java:19)
	at pom.ScholasticInternational_Home.<init>(ScholasticInternational_Home.java:19)
	at pom.ScholasticInternational_Home.<init>(ScholasticInternational_Home.java:19)
	at pom.ScholasticInternational_Home.<init>(ScholasticInternational_Home.java:19)
	at pom.ScholasticInternational_Home.<init>(ScholasticInternational_Home.java:19)
	at pom.ScholasticInternational_Home.<init>(ScholasticInternational_Home.java:19)
	at pom.ScholasticInternational_Home.<init>(ScholasticInternational_Home.java:19)
	at pom.ScholasticInternational_Home.<init>(ScholasticInternational_Home.java:19)
	at pom.ScholasticInternational_Home.<init>(ScholasticInternational_Home.java:19)
	at pom.ScholasticInternational_Home.<init>(ScholasticInternational_Home.java:19)
	at pom.ScholasticInternational_Home.<init>(ScholasticInternational_Home.java:19)
	at pom.ScholasticInternational_Home.<init>(ScholasticInternational_Home.java:19)
	at pom.ScholasticInternational_Home.<init>(ScholasticInternational_Home.java:19)
	at pom.ScholasticInternational_Home.<init>(ScholasticInternational_Home.java:19)
	at pom.ScholasticInternational_Home.<init>(ScholasticInternational_Home.java:19)
	at pom.ScholasticInternational_Home.<init>(ScholasticInternational_Home.java:19)
	at pom.ScholasticInternational_Home.<init>(ScholasticInternational_Home.java:19)
	at pom.ScholasticInternational_Home.<init>(ScholasticInternational_Home.java:19)
	at pom.ScholasticInternational_Home.<init>(ScholasticInternational_Home.java:19)
	at pom.ScholasticInternational_Home.<init>(ScholasticInternational_Home.java:19)
	at pom.ScholasticInternational_Home.<init>(ScholasticInternational_Home.java:19)
	at pom.ScholasticInternational_Home.<init>(ScholasticInternational_Home.java:19)
	at pom.ScholasticInternational_Home.<init>(ScholasticInternational_Home.java:19)
	at pom.ScholasticInternational_Home.<init>(ScholasticInternational_Home.java:19)
	at pom.ScholasticInternational_Home.<init>(ScholasticInternational_Home.java:19)
	at pom.ScholasticInternational_Home.<init>(ScholasticInternational_Home.java:19)
	at pom.ScholasticInternational_Home.<init>(ScholasticInternational_Home.java:19)
	at pom.ScholasticInternational_Home.<init>(ScholasticInternational_Home.java:19)
	at pom.ScholasticInternational_Home.<init>(ScholasticInternational_Home.java:19)
	at pom.ScholasticInternational_Home.<init>(ScholasticInternational_Home.java:19)
	at pom.ScholasticInternational_Home.<init>(ScholasticInternational_Home.java:19)
	at pom.ScholasticInternational_Home.<init>(ScholasticInternational_Home.java:19)
	at pom.ScholasticInternational_Home.<init>(ScholasticInternational_Home.java:19)
	at pom.ScholasticInternational_Home.<init>(ScholasticInternational_Home.java:19)
	at pom.ScholasticInternational_Home.<init>(ScholasticInternational_Home.java:19)
	at pom.ScholasticInternational_Home.<init>(ScholasticInternational_Home.java:19)
	at pom.ScholasticInternational_Home.<init>(ScholasticInternational_Home.java:19)
	at pom.ScholasticInternational_Home.<init>(ScholasticInternational_Home.java:19)
	at pom.ScholasticInternational_Home.<init>(ScholasticInternational_Home.java:19)
	at pom.ScholasticInternational_Home.<init>(ScholasticInternational_Home.java:19)
	at pom.ScholasticInternational_Home.<init>(ScholasticInternational_Home.java:19)
	at pom.ScholasticInternational_Home.<init>(ScholasticInternational_Home.java:19)
	at pom.ScholasticInternational_Home.<init>(ScholasticInternational_Home.java:19)
	at pom.ScholasticInternational_Home.<init>(ScholasticInternational_Home.java:19)
	at pom.ScholasticInternational_Home.<init>(ScholasticInternational_Home.java:19)
	at pom.ScholasticInternational_Home.<init>(ScholasticInternational_Home.java:19)
	at pom.ScholasticInternational_Home.<init>(ScholasticInternational_Home.java:19)
	at pom.ScholasticInternational_Home.<init>(ScholasticInternational_Home.java:19)
	at pom.ScholasticInternational_Home.<init>(ScholasticInternational_Home.java:19)
	at pom.ScholasticInternational_Home.<init>(ScholasticInternational_Home.java:19)
	at pom.ScholasticInternational_Home.<init>(ScholasticInternational_Home.java:19)
	at pom.ScholasticInternational_Home.<init>(ScholasticInternational_Home.java:19)
	at pom.ScholasticInternational_Home.<init>(ScholasticInternational_Home.java:19)
	at pom.ScholasticInternational_Home.<init>(ScholasticInternational_Home.java:19)
	at pom.ScholasticInternational_Home.<init>(ScholasticInternational_Home.java:19)
	at pom.ScholasticInternational_Home.<init>(ScholasticInternational_Home.java:19)
	at pom.ScholasticInternational_Home.<init>(ScholasticInternational_Home.java:19)
	at pom.ScholasticInternational_Home.<init>(ScholasticInternational_Home.java:19)
	at pom.ScholasticInternational_Home.<init>(ScholasticInternational_Home.java:19)
	at pom.ScholasticInternational_Home.<init>(ScholasticInternational_Home.java:19)
	at pom.ScholasticInternational_Home.<init>(ScholasticInternational_Home.java:19)
	at pom.ScholasticInternational_Home.<init>(ScholasticInternational_Home.java:19)
	at pom.ScholasticInternational_Home.<init>(ScholasticInternational_Home.java:19)
	at pom.ScholasticInternational_Home.<init>(ScholasticInternational_Home.java:19)
	at pom.ScholasticInternational_Home.<init>(ScholasticInternational_Home.java:19)
	at pom.ScholasticInternational_Home.<init>(ScholasticInternational_Home.java:19)
	at pom.ScholasticInternational_Home.<init>(ScholasticInternational_Home.java:19)
	at pom.ScholasticInternational_Home.<init>(ScholasticInternational_Home.java:19)
	at pom.ScholasticInternational_Home.<init>(ScholasticInternational_Home.java:19)
	at pom.ScholasticInternational_Home.<init>(ScholasticInternational_Home.java:19)
	at pom.ScholasticInternational_Home.<init>(ScholasticInternational_Home.java:19)
	at pom.ScholasticInternational_Home.<init>(ScholasticInternational_Home.java:19)
	at pom.ScholasticInternational_Home.<init>(ScholasticInternational_Home.java:19)
	at pom.ScholasticInternational_Home.<init>(ScholasticInternational_Home.java:19)
	at pom.ScholasticInternational_Home.<init>(ScholasticInternational_Home.java:19)
	at pom.ScholasticInternational_Home.<init>(ScholasticInternational_Home.java:19)
	at pom.ScholasticInternational_Home.<init>(ScholasticInternational_Home.java:19)
	at pom.ScholasticInternational_Home.<init>(ScholasticInternational_Home.java:19)
	at pom.ScholasticInternational_Home.<init>(ScholasticInternational_Home.java:19)
	at pom.ScholasticInternational_Home.<init>(ScholasticInternational_Home.java:19)
	at pom.ScholasticInternational_Home.<init>(ScholasticInternational_Home.java:19)
	at pom.ScholasticInternational_Home.<init>(ScholasticInternational_Home.java:19)
	at pom.ScholasticInternational_Home.<init>(ScholasticInternational_Home.java:19)
	at pom.ScholasticInternational_Home.<init>(ScholasticInternational_Home.java:19)
	at pom.ScholasticInternational_Home.<init>(ScholasticInternational_Home.java:19)
	at pom.ScholasticInternational_Home.<init>(ScholasticInternational_Home.java:19)
	at pom.ScholasticInternational_Home.<init>(ScholasticInternational_Home.java:19)
	at pom.ScholasticInternational_Home.<init>(ScholasticInternational_Home.java:19)
	at pom.ScholasticInternational_Home.<init>(ScholasticInternational_Home.java:19)
	at pom.ScholasticInternational_Home.<init>(ScholasticInternational_Home.java:19)
	at pom.ScholasticInternational_Home.<init>(ScholasticInternational_Home.java:19)
	at pom.ScholasticInternational_Home.<init>(ScholasticInternational_Home.java:19)
	at pom.ScholasticInternational_Home.<init>(ScholasticInternational_Home.java:19)
	at pom.ScholasticInternational_Home.<init>(ScholasticInternational_Home.java:19)
	at pom.ScholasticInternational_Home.<init>(ScholasticInternational_Home.java:19)
	at pom.ScholasticInternational_Home.<init>(ScholasticInternational_Home.java:19)
	at pom.ScholasticInternational_Home.<init>(ScholasticInternational_Home.java:19)
	at pom.ScholasticInternational_Home.<init>(ScholasticInternational_Home.java:19)
	at pom.ScholasticInternational_Home.<init>(ScholasticInternational_Home.java:19)
	at pom.ScholasticInternational_Home.<init>(ScholasticInternational_Home.java:19)
	at pom.ScholasticInternational_Home.<init>(ScholasticInternational_Home.java:19)
	at pom.ScholasticInternational_Home.<init>(ScholasticInternational_Home.java:19)
	at pom.ScholasticInternational_Home.<init>(ScholasticInternational_Home.java:19)
	at pom.ScholasticInternational_Home.<init>(ScholasticInternational_Home.java:19)
	at pom.ScholasticInternational_Home.<init>(ScholasticInternational_Home.java:19)
	at pom.ScholasticInternational_Home.<init>(ScholasticInternational_Home.java:19)
	at pom.ScholasticInternational_Home.<init>(ScholasticInternational_Home.java:19)
	at pom.ScholasticInternational_Home.<init>(ScholasticInternational_Home.java:19)
	at pom.ScholasticInternational_Home.<init>(ScholasticInternational_Home.java:19)
	at pom.ScholasticInternational_Home.<init>(ScholasticInternational_Home.java:19)
	at pom.ScholasticInternational_Home.<init>(ScholasticInternational_Home.java:19)
	at pom.ScholasticInternational_Home.<init>(ScholasticInternational_Home.java:19)
	at pom.ScholasticInternational_Home.<init>(ScholasticInternational_Home.java:19)
	at pom.ScholasticInternational_Home.<init>(ScholasticInternational_Home.java:19)
	at pom.ScholasticInternational_Home.<init>(ScholasticInternational_Home.java:19)
	at pom.ScholasticInternational_Home.<init>(ScholasticInternational_Home.java:19)
	at pom.ScholasticInternational_Home.<init>(ScholasticInternational_Home.java:19)
	at pom.ScholasticInternational_Home.<init>(ScholasticInternational_Home.java:19)
	at pom.ScholasticInternational_Home.<init>(ScholasticInternational_Home.java:19)
	at pom.ScholasticInternational_Home.<init>(ScholasticInternational_Home.java:19)
	at pom.ScholasticInternational_Home.<init>(ScholasticInternational_Home.java:19)
	at pom.ScholasticInternational_Home.<init>(ScholasticInternational_Home.java:19)
	at pom.ScholasticInternational_Home.<init>(ScholasticInternational_Home.java:19)
	at pom.ScholasticInternational_Home.<init>(ScholasticInternational_Home.java:19)
	at pom.ScholasticInternational_Home.<init>(ScholasticInternational_Home.java:19)
	at pom.ScholasticInternational_Home.<init>(ScholasticInternational_Home.java:19)
	at pom.ScholasticInternational_Home.<init>(ScholasticInternational_Home.java:19)
	at pom.ScholasticInternational_Home.<init>(ScholasticInternational_Home.java:19)
	at pom.ScholasticInternational_Home.<init>(ScholasticInternational_Home.java:19)
	at pom.ScholasticInternational_Home.<init>(ScholasticInternational_Home.java:19)
	at pom.ScholasticInternational_Home.<init>(ScholasticInternational_Home.java:19)
	at pom.ScholasticInternational_Home.<init>(ScholasticInternational_Home.java:19)
	at pom.ScholasticInternational_Home.<init>(ScholasticInternational_Home.java:19)
	at pom.ScholasticInternational_Home.<init>(ScholasticInternational_Home.java:19)
	at pom.ScholasticInternational_Home.<init>(ScholasticInternational_Home.java:19)
	at pom.ScholasticInternational_Home.<init>(ScholasticInternational_Home.java:19)
	at pom.ScholasticInternational_Home.<init>(ScholasticInternational_Home.java:19)
	at pom.ScholasticInternational_Home.<init>(ScholasticInternational_Home.java:19)
	at pom.ScholasticInternational_Home.<init>(ScholasticInternational_Home.java:19)
	at pom.ScholasticInternational_Home.<init>(ScholasticInternational_Home.java:19)
	at pom.ScholasticInternational_Home.<init>(ScholasticInternational_Home.java:19)
	at pom.ScholasticInternational_Home.<init>(ScholasticInternational_Home.java:19)
	at pom.ScholasticInternational_Home.<init>(ScholasticInternational_Home.java:19)
	at pom.ScholasticInternational_Home.<init>(ScholasticInternational_Home.java:19)
	at pom.ScholasticInternational_Home.<init>(ScholasticInternational_Home.java:19)
	at pom.ScholasticInternational_Home.<init>(ScholasticInternational_Home.java:19)
	at pom.ScholasticInternational_Home.<init>(ScholasticInternational_Home.java:19)
	at pom.ScholasticInternational_Home.<init>(ScholasticInternational_Home.java:19)
	at pom.ScholasticInternational_Home.<init>(ScholasticInternational_Home.java:19)
	at pom.ScholasticInternational_Home.<init>(ScholasticInternational_Home.java:19)
	at pom.ScholasticInternational_Home.<init>(ScholasticInternational_Home.java:19)
	at pom.ScholasticInternational_Home.<init>(ScholasticInternational_Home.java:19)
	at pom.ScholasticInternational_Home.<init>(ScholasticInternational_Home.java:19)
	at pom.ScholasticInternational_Home.<init>(ScholasticInternational_Home.java:19)
	at pom.ScholasticInternational_Home.<init>(ScholasticInternational_Home.java:19)
	at pom.ScholasticInternational_Home.<init>(ScholasticInternational_Home.java:19)
	at pom.ScholasticInternational_Home.<init>(ScholasticInternational_Home.java:19)
	at pom.ScholasticInternational_Home.<init>(ScholasticInternational_Home.java:19)
	at pom.ScholasticInternational_Home.<init>(ScholasticInternational_Home.java:19)
	at pom.ScholasticInternational_Home.<init>(ScholasticInternational_Home.java:19)
	at pom.ScholasticInternational_Home.<init>(ScholasticInternational_Home.java:19)
	at pom.ScholasticInternational_Home.<init>(ScholasticInternational_Home.java:19)
	at pom.ScholasticInternational_Home.<init>(ScholasticInternational_Home.java:19)
	at pom.ScholasticInternational_Home.<init>(ScholasticInternational_Home.java:19)
	at pom.ScholasticInternational_Home.<init>(ScholasticInternational_Home.java:19)
	at pom.ScholasticInternational_Home.<init>(ScholasticInternational_Home.java:19)
	at pom.ScholasticInternational_Home.<init>(ScholasticInternational_Home.java:19)
	at pom.ScholasticInternational_Home.<init>(ScholasticInternational_Home.java:19)
	at pom.ScholasticInternational_Home.<init>(ScholasticInternational_Home.java:19)
	at pom.ScholasticInternational_Home.<init>(ScholasticInternational_Home.java:19)
	at pom.ScholasticInternational_Home.<init>(ScholasticInternational_Home.java:19)
	at pom.ScholasticInternational_Home.<init>(ScholasticInternational_Home.java:19)
	at pom.ScholasticInternational_Home.<init>(ScholasticInternational_Home.java:19)
	at pom.ScholasticInternational_Home.<init>(ScholasticInternational_Home.java:19)
	at pom.ScholasticInternational_Home.<init>(ScholasticInternational_Home.java:19)
	at pom.ScholasticInternational_Home.<init>(ScholasticInternational_Home.java:19)
	at pom.ScholasticInternational_Home.<init>(ScholasticInternational_Home.java:19)
	at pom.ScholasticInternational_Home.<init>(ScholasticInternational_Home.java:19)
	at pom.ScholasticInternational_Home.<init>(ScholasticInternational_Home.java:19)
	at pom.ScholasticInternational_Home.<init>(ScholasticInternational_Home.java:19)
	at pom.ScholasticInternational_Home.<init>(ScholasticInternational_Home.java:19)
	at pom.ScholasticInternational_Home.<init>(ScholasticInternational_Home.java:19)
	at pom.ScholasticInternational_Home.<init>(ScholasticInternational_Home.java:19)
	at pom.ScholasticInternational_Home.<init>(ScholasticInternational_Home.java:19)
	at pom.ScholasticInternational_Home.<init>(ScholasticInternational_Home.java:19)
	at pom.ScholasticInternational_Home.<init>(ScholasticInternational_Home.java:19)
	at pom.ScholasticInternational_Home.<init>(ScholasticInternational_Home.java:19)
	at pom.ScholasticInternational_Home.<init>(ScholasticInternational_Home.java:19)
	at pom.ScholasticInternational_Home.<init>(ScholasticInternational_Home.java:19)
	at pom.ScholasticInternational_Home.<init>(ScholasticInternational_Home.java:19)
	at pom.ScholasticInternational_Home.<init>(ScholasticInternational_Home.java:19)
	at pom.ScholasticInternational_Home.<init>(ScholasticInternational_Home.java:19)
	at pom.ScholasticInternational_Home.<init>(ScholasticInternational_Home.java:19)
	at pom.ScholasticInternational_Home.<init>(ScholasticInternational_Home.java:19)
	at pom.ScholasticInternational_Home.<init>(ScholasticInternational_Home.java:19)
	at pom.ScholasticInternational_Home.<init>(ScholasticInternational_Home.java:19)
	at pom.ScholasticInternational_Home.<init>(ScholasticInternational_Home.java:19)
	at pom.ScholasticInternational_Home.<init>(ScholasticInternational_Home.java:19)
	at pom.ScholasticInternational_Home.<init>(ScholasticInternational_Home.java:19)
	at pom.ScholasticInternational_Home.<init>(ScholasticInternational_Home.java:19)
	at pom.ScholasticInternational_Home.<init>(ScholasticInternational_Home.java:19)
	at pom.ScholasticInternational_Home.<init>(ScholasticInternational_Home.java:19)
	at pom.ScholasticInternational_Home.<init>(ScholasticInternational_Home.java:19)
	at pom.ScholasticInternational_Home.<init>(ScholasticInternational_Home.java:19)
	at pom.ScholasticInternational_Home.<init>(ScholasticInternational_Home.java:19)
	at pom.ScholasticInternational_Home.<init>(ScholasticInternational_Home.java:19)
	at pom.ScholasticInternational_Home.<init>(ScholasticInternational_Home.java:19)
	at pom.ScholasticInternational_Home.<init>(ScholasticInternational_Home.java:19)
	at pom.ScholasticInternational_Home.<init>(ScholasticInternational_Home.java:19)
	at pom.ScholasticInternational_Home.<init>(ScholasticInternational_Home.java:19)
	at pom.ScholasticInternational_Home.<init>(ScholasticInternational_Home.java:19)
	at pom.ScholasticInternational_Home.<init>(ScholasticInternational_Home.java:19)
	at pom.ScholasticInternational_Home.<init>(ScholasticInternational_Home.java:19)
	at pom.ScholasticInternational_Home.<init>(ScholasticInternational_Home.java:19)
	at pom.ScholasticInternational_Home.<init>(ScholasticInternational_Home.java:19)
	at pom.ScholasticInternational_Home.<init>(ScholasticInternational_Home.java:19)
	at pom.ScholasticInternational_Home.<init>(ScholasticInternational_Home.java:19)
	at pom.ScholasticInternational_Home.<init>(ScholasticInternational_Home.java:19)
	at pom.ScholasticInternational_Home.<init>(ScholasticInternational_Home.java:19)
	at pom.ScholasticInternational_Home.<init>(ScholasticInternational_Home.java:19)
	at pom.ScholasticInternational_Home.<init>(ScholasticInternational_Home.java:19)
	at pom.ScholasticInternational_Home.<init>(ScholasticInternational_Home.java:19)
	at pom.ScholasticInternational_Home.<init>(ScholasticInternational_Home.java:19)
	at pom.ScholasticInternational_Home.<init>(ScholasticInternational_Home.java:19)
	at pom.ScholasticInternational_Home.<init>(ScholasticInternational_Home.java:19)
	at pom.ScholasticInternational_Home.<init>(ScholasticInternational_Home.java:19)
	at pom.ScholasticInternational_Home.<init>(ScholasticInternational_Home.java:19)
	at pom.ScholasticInternational_Home.<init>(ScholasticInternational_Home.java:19)
	at pom.ScholasticInternational_Home.<init>(ScholasticInternational_Home.java:19)
	at pom.ScholasticInternational_Home.<init>(ScholasticInternational_Home.java:19)
	at pom.ScholasticInternational_Home.<init>(ScholasticInternational_Home.java:19)
	at pom.ScholasticInternational_Home.<init>(ScholasticInternational_Home.java:19)
	at pom.ScholasticInternational_Home.<init>(ScholasticInternational_Home.java:19)
	at pom.ScholasticInternational_Home.<init>(ScholasticInternational_Home.java:19)
	at pom.ScholasticInternational_Home.<init>(ScholasticInternational_Home.java:19)
	at pom.ScholasticInternational_Home.<init>(ScholasticInternational_Home.java:19)
	at pom.ScholasticInternational_Home.<init>(ScholasticInternational_Home.java:19)
	at pom.ScholasticInternational_Home.<init>(ScholasticInternational_Home.java:19)
	at pom.ScholasticInternational_Home.<init>(ScholasticInternational_Home.java:19)
	at pom.ScholasticInternational_Home.<init>(ScholasticInternational_Home.java:19)
	at pom.ScholasticInternational_Home.<init>(ScholasticInternational_Home.java:19)
	at pom.ScholasticInternational_Home.<init>(ScholasticInternational_Home.java:19)
	at pom.ScholasticInternational_Home.<init>(ScholasticInternational_Home.java:19)
	at pom.ScholasticInternational_Home.<init>(ScholasticInternational_Home.java:19)
	at pom.ScholasticInternational_Home.<init>(ScholasticInternational_Home.java:19)
	at pom.ScholasticInternational_Home.<init>(ScholasticInternational_Home.java:19)
	at pom.ScholasticInternational_Home.<init>(ScholasticInternational_Home.java:19)
	at pom.ScholasticInternational_Home.<init>(ScholasticInternational_Home.java:19)
	at pom.ScholasticInternational_Home.<init>(ScholasticInternational_Home.java:19)
	at pom.ScholasticInternational_Home.<init>(ScholasticInternational_Home.java:19)
	at pom.ScholasticInternational_Home.<init>(ScholasticInternational_Home.java:19)
	at pom.ScholasticInternational_Home.<init>(ScholasticInternational_Home.java:19)
	at pom.ScholasticInternational_Home.<init>(ScholasticInternational_Home.java:19)
	at pom.ScholasticInternational_Home.<init>(ScholasticInternational_Home.java:19)
	at pom.ScholasticInternational_Home.<init>(ScholasticInternational_Home.java:19)
	at pom.ScholasticInternational_Home.<init>(ScholasticInternational_Home.java:19)
	at pom.ScholasticInternational_Home.<init>(ScholasticInternational_Home.java:19)
	at pom.ScholasticInternational_Home.<init>(ScholasticInternational_Home.java:19)
	at pom.ScholasticInternational_Home.<init>(ScholasticInternational_Home.java:19)
	at pom.ScholasticInternational_Home.<init>(ScholasticInternational_Home.java:19)
	at pom.ScholasticInternational_Home.<init>(ScholasticInternational_Home.java:19)
	at pom.ScholasticInternational_Home.<init>(ScholasticInternational_Home.java:19)
	at pom.ScholasticInternational_Home.<init>(ScholasticInternational_Home.java:19)
	at pom.ScholasticInternational_Home.<init>(ScholasticInternational_Home.java:19)
	at pom.ScholasticInternational_Home.<init>(ScholasticInternational_Home.java:19)
	at pom.ScholasticInternational_Home.<init>(ScholasticInternational_Home.java:19)
	at pom.ScholasticInternational_Home.<init>(ScholasticInternational_Home.java:19)
	at pom.ScholasticInternational_Home.<init>(ScholasticInternational_Home.java:19)
	at pom.ScholasticInternational_Home.<init>(ScholasticInternational_Home.java:19)
	at pom.ScholasticInternational_Home.<init>(ScholasticInternational_Home.java:19)
	at pom.ScholasticInternational_Home.<init>(ScholasticInternational_Home.java:19)
	at pom.ScholasticInternational_Home.<init>(ScholasticInternational_Home.java:19)
	at pom.ScholasticInternational_Home.<init>(ScholasticInternational_Home.java:19)
	at pom.ScholasticInternational_Home.<init>(ScholasticInternational_Home.java:19)
	at pom.ScholasticInternational_Home.<init>(ScholasticInternational_Home.java:19)
	at pom.ScholasticInternational_Home.<init>(ScholasticInternational_Home.java:19)
	at pom.ScholasticInternational_Home.<init>(ScholasticInternational_Home.java:19)
	at pom.ScholasticInternational_Home.<init>(ScholasticInternational_Home.java:19)
	at pom.ScholasticInternational_Home.<init>(ScholasticInternational_Home.java:19)
	at pom.ScholasticInternational_Home.<init>(ScholasticInternational_Home.java:19)
	at pom.ScholasticInternational_Home.<init>(ScholasticInternational_Home.java:19)
	at pom.ScholasticInternational_Home.<init>(ScholasticInternational_Home.java:19)
	at pom.ScholasticInternational_Home.<init>(ScholasticInternational_Home.java:19)
	at pom.ScholasticInternational_Home.<init>(ScholasticInternational_Home.java:19)
	at pom.ScholasticInternational_Home.<init>(ScholasticInternational_Home.java:19)
	at pom.ScholasticInternational_Home.<init>(ScholasticInternational_Home.java:19)
	at pom.ScholasticInternational_Home.<init>(ScholasticInternational_Home.java:19)
	at pom.ScholasticInternational_Home.<init>(ScholasticInternational_Home.java:19)
	at pom.ScholasticInternational_Home.<init>(ScholasticInternational_Home.java:19)
	at pom.ScholasticInternational_Home.<init>(ScholasticInternational_Home.java:19)
	at pom.ScholasticInternational_Home.<init>(ScholasticInternational_Home.java:19)
	at pom.ScholasticInternational_Home.<init>(ScholasticInternational_Home.java:19)
	at pom.ScholasticInternational_Home.<init>(ScholasticInternational_Home.java:19)
	at pom.ScholasticInternational_Home.<init>(ScholasticInternational_Home.java:19)
	at pom.ScholasticInternational_Home.<init>(ScholasticInternational_Home.java:19)
	at pom.ScholasticInternational_Home.<init>(ScholasticInternational_Home.java:19)
	at pom.ScholasticInternational_Home.<init>(ScholasticInternational_Home.java:19)
	at pom.ScholasticInternational_Home.<init>(ScholasticInternational_Home.java:19)
	at pom.ScholasticInternational_Home.<init>(ScholasticInternational_Home.java:19)
	at pom.ScholasticInternational_Home.<init>(ScholasticInternational_Home.java:19)
	at pom.ScholasticInternational_Home.<init>(ScholasticInternational_Home.java:19)
	at pom.ScholasticInternational_Home.<init>(ScholasticInternational_Home.java:19)
	at pom.ScholasticInternational_Home.<init>(ScholasticInternational_Home.java:19)
	at pom.ScholasticInternational_Home.<init>(ScholasticInternational_Home.java:19)
	at pom.ScholasticInternational_Home.<init>(ScholasticInternational_Home.java:19)
	at pom.ScholasticInternational_Home.<init>(ScholasticInternational_Home.java:19)
	at pom.ScholasticInternational_Home.<init>(ScholasticInternational_Home.java:19)
	at pom.ScholasticInternational_Home.<init>(ScholasticInternational_Home.java:19)
	at pom.ScholasticInternational_Home.<init>(ScholasticInternational_Home.java:19)
	at pom.ScholasticInternational_Home.<init>(ScholasticInternational_Home.java:19)
	at pom.ScholasticInternational_Home.<init>(ScholasticInternational_Home.java:19)
	at pom.ScholasticInternational_Home.<init>(ScholasticInternational_Home.java:19)
	at pom.ScholasticInternational_Home.<init>(ScholasticInternational_Home.java:19)
	at pom.ScholasticInternational_Home.<init>(ScholasticInternational_Home.java:19)
	at pom.ScholasticInternational_Home.<init>(ScholasticInternational_Home.java:19)
	at pom.ScholasticInternational_Home.<init>(ScholasticInternational_Home.java:19)
	at pom.ScholasticInternational_Home.<init>(ScholasticInternational_Home.java:19)
	at pom.ScholasticInternational_Home.<init>(ScholasticInternational_Home.java:19)
	at pom.ScholasticInternational_Home.<init>(ScholasticInternational_Home.java:19)
	at pom.ScholasticInternational_Home.<init>(ScholasticInternational_Home.java:19)
	at pom.ScholasticInternational_Home.<init>(ScholasticInternational_Home.java:19)
	at pom.ScholasticInternational_Home.<init>(ScholasticInternational_Home.java:19)
	at pom.ScholasticInternational_Home.<init>(ScholasticInternational_Home.java:19)
	at pom.ScholasticInternational_Home.<init>(ScholasticInternational_Home.java:19)
	at pom.ScholasticInternational_Home.<init>(ScholasticInternational_Home.java:19)
	at pom.ScholasticInternational_Home.<init>(ScholasticInternational_Home.java:19)
	at pom.ScholasticInternational_Home.<init>(ScholasticInternational_Home.java:19)
	at pom.ScholasticInternational_Home.<init>(ScholasticInternational_Home.java:19)
	at pom.ScholasticInternational_Home.<init>(ScholasticInternational_Home.java:19)
	at pom.ScholasticInternational_Home.<init>(ScholasticInternational_Home.java:19)
	at pom.ScholasticInternational_Home.<init>(ScholasticInternational_Home.java:19)
	at pom.ScholasticInternational_Home.<init>(ScholasticInternational_Home.java:19)
	at pom.ScholasticInternational_Home.<init>(ScholasticInternational_Home.java:19)
	at pom.ScholasticInternational_Home.<init>(ScholasticInternational_Home.java:19)
	at pom.ScholasticInternational_Home.<init>(ScholasticInternational_Home.java:19)
	at pom.ScholasticInternational_Home.<init>(ScholasticInternational_Home.java:19)
	at pom.ScholasticInternational_Home.<init>(ScholasticInternational_Home.java:19)
	at pom.ScholasticInternational_Home.<init>(ScholasticInternational_Home.java:19)
	at pom.ScholasticInternational_Home.<init>(ScholasticInternational_Home.java:19)
	at pom.ScholasticInternational_Home.<init>(ScholasticInternational_Home.java:19)
	at pom.ScholasticInternational_Home.<init>(ScholasticInternational_Home.java:19)
	at pom.ScholasticInternational_Home.<init>(ScholasticInternational_Home.java:19)
	at pom.ScholasticInternational_Home.<init>(ScholasticInternational_Home.java:19)
	at pom.ScholasticInternational_Home.<init>(ScholasticInternational_Home.java:19)
	at pom.ScholasticInternational_Home.<init>(ScholasticInternational_Home.java:19)
	at pom.ScholasticInternational_Home.<init>(ScholasticInternational_Home.java:19)
	at pom.ScholasticInternational_Home.<init>(ScholasticInternational_Home.java:19)
	at pom.ScholasticInternational_Home.<init>(ScholasticInternational_Home.java:19)
	at pom.ScholasticInternational_Home.<init>(ScholasticInternational_Home.java:19)
	at pom.ScholasticInternational_Home.<init>(ScholasticInternational_Home.java:19)
	at pom.ScholasticInternational_Home.<init>(ScholasticInternational_Home.java:19)
	at pom.ScholasticInternational_Home.<init>(ScholasticInternational_Home.java:19)
	at pom.ScholasticInternational_Home.<init>(ScholasticInternational_Home.java:19)
	at pom.ScholasticInternational_Home.<init>(ScholasticInternational_Home.java:19)
	at pom.ScholasticInternational_Home.<init>(ScholasticInternational_Home.java:19)
	at pom.ScholasticInternational_Home.<init>(ScholasticInternational_Home.java:19)
	at pom.ScholasticInternational_Home.<init>(ScholasticInternational_Home.java:19)
	at pom.ScholasticInternational_Home.<init>(ScholasticInternational_Home.java:19)
	at pom.ScholasticInternational_Home.<init>(ScholasticInternational_Home.java:19)
	at pom.ScholasticInternational_Home.<init>(ScholasticInternational_Home.java:19)
	at pom.ScholasticInternational_Home.<init>(ScholasticInternational_Home.java:19)
	at pom.ScholasticInternational_Home.<init>(ScholasticInternational_Home.java:19)
	at pom.ScholasticInternational_Home.<init>(ScholasticInternational_Home.java:19)
	at pom.ScholasticInternational_Home.<init>(ScholasticInternational_Home.java:19)
	at pom.ScholasticInternational_Home.<init>(ScholasticInternational_Home.java:19)
	at pom.ScholasticInternational_Home.<init>(ScholasticInternational_Home.java:19)
	at pom.ScholasticInternational_Home.<init>(ScholasticInternational_Home.java:19)
	at pom.ScholasticInternational_Home.<init>(ScholasticInternational_Home.java:19)
	at pom.ScholasticInternational_Home.<init>(ScholasticInternational_Home.java:19)
	at pom.ScholasticInternational_Home.<init>(ScholasticInternational_Home.java:19)
	at pom.ScholasticInternational_Home.<init>(ScholasticInternational_Home.java:19)
	at pom.ScholasticInternational_Home.<init>(ScholasticInternational_Home.java:19)
	at pom.ScholasticInternational_Home.<init>(ScholasticInternational_Home.java:19)
	at pom.ScholasticInternational_Home.<init>(ScholasticInternational_Home.java:19)
	at pom.ScholasticInternational_Home.<init>(ScholasticInternational_Home.java:19)
	at pom.ScholasticInternational_Home.<init>(ScholasticInternational_Home.java:19)
	at pom.ScholasticInternational_Home.<init>(ScholasticInternational_Home.java:19)
	at pom.ScholasticInternational_Home.<init>(ScholasticInternational_Home.java:19)
	at pom.ScholasticInternational_Home.<init>(ScholasticInternational_Home.java:19)
	at pom.ScholasticInternational_Home.<init>(ScholasticInternational_Home.java:19)
	at pom.ScholasticInternational_Home.<init>(ScholasticInternational_Home.java:19)
	at pom.ScholasticInternational_Home.<init>(ScholasticInternational_Home.java:19)
	at pom.ScholasticInternational_Home.<init>(ScholasticInternational_Home.java:19)
	at pom.ScholasticInternational_Home.<init>(ScholasticInternational_Home.java:19)
	at pom.ScholasticInternational_Home.<init>(ScholasticInternational_Home.java:19)
	at pom.ScholasticInternational_Home.<init>(ScholasticInternational_Home.java:19)
	at pom.ScholasticInternational_Home.<init>(ScholasticInternational_Home.java:19)
	at pom.ScholasticInternational_Home.<init>(ScholasticInternational_Home.java:19)
	at pom.ScholasticInternational_Home.<init>(ScholasticInternational_Home.java:19)
	at pom.ScholasticInternational_Home.<init>(ScholasticInternational_Home.java:19)
	at pom.ScholasticInternational_Home.<init>(ScholasticInternational_Home.java:19)
	at pom.ScholasticInternational_Home.<init>(ScholasticInternational_Home.java:19)
	at pom.ScholasticInternational_Home.<init>(ScholasticInternational_Home.java:19)
	at pom.ScholasticInternational_Home.<init>(ScholasticInternational_Home.java:19)
	at pom.ScholasticInternational_Home.<init>(ScholasticInternational_Home.java:19)
	at pom.ScholasticInternational_Home.<init>(ScholasticInternational_Home.java:19)
	at pom.ScholasticInternational_Home.<init>(ScholasticInternational_Home.java:19)
	at pom.ScholasticInternational_Home.<init>(ScholasticInternational_Home.java:19)
	at pom.ScholasticInternational_Home.<init>(ScholasticInternational_Home.java:19)
	at pom.ScholasticInternational_Home.<init>(ScholasticInternational_Home.java:19)
	at pom.ScholasticInternational_Home.<init>(ScholasticInternational_Home.java:19)
	at pom.ScholasticInternational_Home.<init>(ScholasticInternational_Home.java:19)
	at pom.ScholasticInternational_Home.<init>(ScholasticInternational_Home.java:19)
	at pom.ScholasticInternational_Home.<init>(ScholasticInternational_Home.java:19)
	at pom.ScholasticInternational_Home.<init>(ScholasticInternational_Home.java:19)
	at pom.ScholasticInternational_Home.<init>(ScholasticInternational_Home.java:19)
	at pom.ScholasticInternational_Home.<init>(ScholasticInternational_Home.java:19)
	at pom.ScholasticInternational_Home.<init>(ScholasticInternational_Home.java:19)
	at pom.ScholasticInternational_Home.<init>(ScholasticInternational_Home.java:19)
	at pom.ScholasticInternational_Home.<init>(ScholasticInternational_Home.java:19)
	at pom.ScholasticInternational_Home.<init>(ScholasticInternational_Home.java:19)
	at pom.ScholasticInternational_Home.<init>(ScholasticInternational_Home.java:19)
	at pom.ScholasticInternational_Home.<init>(ScholasticInternational_Home.java:19)
	at pom.ScholasticInternational_Home.<init>(ScholasticInternational_Home.java:19)
	at pom.ScholasticInternational_Home.<init>(ScholasticInternational_Home.java:19)
	at pom.ScholasticInternational_Home.<init>(ScholasticInternational_Home.java:19)
	at pom.ScholasticInternational_Home.<init>(ScholasticInternational_Home.java:19)
	at pom.ScholasticInternational_Home.<init>(ScholasticInternational_Home.java:19)
	at pom.ScholasticInternational_Home.<init>(ScholasticInternational_Home.java:19)
	at pom.ScholasticInternational_Home.<init>(ScholasticInternational_Home.java:19)
	at pom.ScholasticInternational_Home.<init>(ScholasticInternational_Home.java:19)
	at pom.ScholasticInternational_Home.<init>(ScholasticInternational_Home.java:19)
	at pom.ScholasticInternational_Home.<init>(ScholasticInternational_Home.java:19)
	at pom.ScholasticInternational_Home.<init>(ScholasticInternational_Home.java:19)
	at pom.ScholasticInternational_Home.<init>(ScholasticInternational_Home.java:19)
	at pom.ScholasticInternational_Home.<init>(ScholasticInternational_Home.java:19)
	at pom.ScholasticInternational_Home.<init>(ScholasticInternational_Home.java:19)
	at pom.ScholasticInternational_Home.<init>(ScholasticInternational_Home.java:19)
	at pom.ScholasticInternational_Home.<init>(ScholasticInternational_Home.java:19)
	at pom.ScholasticInternational_Home.<init>(ScholasticInternational_Home.java:19)
	at pom.ScholasticInternational_Home.<init>(ScholasticInternational_Home.java:19)
	at pom.ScholasticInternational_Home.<init>(ScholasticInternational_Home.java:19)
	at pom.ScholasticInternational_Home.<init>(ScholasticInternational_Home.java:19)
	at pom.ScholasticInternational_Home.<init>(ScholasticInternational_Home.java:19)
	at pom.ScholasticInternational_Home.<init>(ScholasticInternational_Home.java:19)
	at pom.ScholasticInternational_Home.<init>(ScholasticInternational_Home.java:19)
	at pom.ScholasticInternational_Home.<init>(ScholasticInternational_Home.java:19)
	at pom.ScholasticInternational_Home.<init>(ScholasticInternational_Home.java:19)
	at pom.ScholasticInternational_Home.<init>(ScholasticInternational_Home.java:19)
	at pom.ScholasticInternational_Home.<init>(ScholasticInternational_Home.java:19)
	at pom.ScholasticInternational_Home.<init>(ScholasticInternational_Home.java:19)
	at pom.ScholasticInternational_Home.<init>(ScholasticInternational_Home.java:19)
	at pom.ScholasticInternational_Home.<init>(ScholasticInternational_Home.java:19)
	at pom.ScholasticInternational_Home.<init>(ScholasticInternational_Home.java:19)
	at pom.ScholasticInternational_Home.<init>(ScholasticInternational_Home.java:19)
	at pom.ScholasticInternational_Home.<init>(ScholasticInternational_Home.java:19)
	at pom.ScholasticInternational_Home.<init>(ScholasticInternational_Home.java:19)
	at pom.ScholasticInternational_Home.<init>(ScholasticInternational_Home.java:19)
	at pom.ScholasticInternational_Home.<init>(ScholasticInternational_Home.java:19)
	at pom.ScholasticInternational_Home.<init>(ScholasticInternational_Home.java:19)
	at pom.ScholasticInternational_Home.<init>(ScholasticInternational_Home.java:19)
	at pom.ScholasticInternational_Home.<init>(ScholasticInternational_Home.java:19)
	at pom.ScholasticInternational_Home.<init>(ScholasticInternational_Home.java:19)
	at pom.ScholasticInternational_Home.<init>(ScholasticInternational_Home.java:19)
	at pom.ScholasticInternational_Home.<init>(ScholasticInternational_Home.java:19)
	at pom.ScholasticInternational_Home.<init>(ScholasticInternational_Home.java:19)
	at pom.ScholasticInternational_Home.<init>(ScholasticInternational_Home.java:19)
	at pom.ScholasticInternational_Home.<init>(ScholasticInternational_Home.java:19)
	at pom.ScholasticInternational_Home.<init>(ScholasticInternational_Home.java:19)
	at pom.ScholasticInternational_Home.<init>(ScholasticInternational_Home.java:19)
	at pom.ScholasticInternational_Home.<init>(ScholasticInternational_Home.java:19)
	at pom.ScholasticInternational_Home.<init>(ScholasticInternational_Home.java:19)
	at pom.ScholasticInternational_Home.<init>(ScholasticInternational_Home.java:19)
	at pom.ScholasticInternational_Home.<init>(ScholasticInternational_Home.java:19)
	at pom.ScholasticInternational_Home.<init>(ScholasticInternational_Home.java:19)
	at pom.ScholasticInternational_Home.<init>(ScholasticInternational_Home.java:19)
	at pom.ScholasticInternational_Home.<init>(ScholasticInternational_Home.java:19)
	at pom.ScholasticInternational_Home.<init>(ScholasticInternational_Home.java:19)
	at pom.ScholasticInternational_Home.<init>(ScholasticInternational_Home.java:19)
	at pom.ScholasticInternational_Home.<init>(ScholasticInternational_Home.java:19)
	at pom.ScholasticInternational_Home.<init>(ScholasticInternational_Home.java:19)
	at pom.ScholasticInternational_Home.<init>(ScholasticInternational_Home.java:19)
	at pom.ScholasticInternational_Home.<init>(ScholasticInternational_Home.java:19)
	at pom.ScholasticInternational_Home.<init>(ScholasticInternational_Home.java:19)
	at pom.ScholasticInternational_Home.<init>(ScholasticInternational_Home.java:19)
	at pom.ScholasticInternational_Home.<init>(ScholasticInternational_Home.java:19)
	at pom.ScholasticInternational_Home.<init>(ScholasticInternational_Home.java:19)
	at pom.ScholasticInternational_Home.<init>(ScholasticInternational_Home.java:19)
	at pom.ScholasticInternational_Home.<init>(ScholasticInternational_Home.java:19)
	at pom.ScholasticInternational_Home.<init>(ScholasticInternational_Home.java:19)
	at pom.ScholasticInternational_Home.<init>(ScholasticInternational_Home.java:19)
	at pom.ScholasticInternational_Home.<init>(ScholasticInternational_Home.java:19)
	at pom.ScholasticInternational_Home.<init>(ScholasticInternational_Home.java:19)
	at pom.ScholasticInternational_Home.<init>(ScholasticInternational_Home.java:19)
	at pom.ScholasticInternational_Home.<init>(ScholasticInternational_Home.java:19)
	at pom.ScholasticInternational_Home.<init>(ScholasticInternational_Home.java:19)
	at pom.ScholasticInternational_Home.<init>(ScholasticInternational_Home.java:19)
	at pom.ScholasticInternational_Home.<init>(ScholasticInternational_Home.java:19)
	at pom.ScholasticInternational_Home.<init>(ScholasticInternational_Home.java:19)
	at pom.ScholasticInternational_Home.<init>(ScholasticInternational_Home.java:19)
	at pom.ScholasticInternational_Home.<init>(ScholasticInternational_Home.java:19)
	at pom.ScholasticInternational_Home.<init>(ScholasticInternational_Home.java:19)
	at pom.ScholasticInternational_Home.<init>(ScholasticInternational_Home.java:19)
	at pom.ScholasticInternational_Home.<init>(ScholasticInternational_Home.java:19)
	at pom.ScholasticInternational_Home.<init>(ScholasticInternational_Home.java:19)
	at pom.ScholasticInternational_Home.<init>(ScholasticInternational_Home.java:19)
	at pom.ScholasticInternational_Home.<init>(ScholasticInternational_Home.java:19)
	at pom.ScholasticInternational_Home.<init>(ScholasticInternational_Home.java:19)
	at pom.ScholasticInternational_Home.<init>(ScholasticInternational_Home.java:19)
	at pom.ScholasticInternational_Home.<init>(ScholasticInternational_Home.java:19)
	at pom.ScholasticInternational_Home.<init>(ScholasticInternational_Home.java:19)
	at pom.ScholasticInternational_Home.<init>(ScholasticInternational_Home.java:19)
	at pom.ScholasticInternational_Home.<init>(ScholasticInternational_Home.java:19)
	at pom.ScholasticInternational_Home.<init>(ScholasticInternational_Home.java:19)
	at pom.ScholasticInternational_Home.<init>(ScholasticInternational_Home.java:19)
	at pom.ScholasticInternational_Home.<init>(ScholasticInternational_Home.java:19)
	at pom.ScholasticInternational_Home.<init>(ScholasticInternational_Home.java:19)
	at pom.ScholasticInternational_Home.<init>(ScholasticInternational_Home.java:19)
	at pom.ScholasticInternational_Home.<init>(ScholasticInternational_Home.java:19)
	at pom.ScholasticInternational_Home.<init>(ScholasticInternational_Home.java:19)
	at pom.ScholasticInternational_Home.<init>(ScholasticInternational_Home.java:19)
	at pom.ScholasticInternational_Home.<init>(ScholasticInternational_Home.java:19)
	at pom.ScholasticInternational_Home.<init>(ScholasticInternational_Home.java:19)
	at pom.ScholasticInternational_Home.<init>(ScholasticInternational_Home.java:19)
	at pom.ScholasticInternational_Home.<init>(ScholasticInternational_Home.java:19)
	at pom.ScholasticInternational_Home.<init>(ScholasticInternational_Home.java:19)
	at pom.ScholasticInternational_Home.<init>(ScholasticInternational_Home.java:19)
	at pom.ScholasticInternational_Home.<init>(ScholasticInternational_Home.java:19)
	at pom.ScholasticInternational_Home.<init>(ScholasticInternational_Home.java:19)
	at pom.ScholasticInternational_Home.<init>(ScholasticInternational_Home.java:19)
	at pom.ScholasticInternational_Home.<init>(ScholasticInternational_Home.java:19)
	at pom.ScholasticInternational_Home.<init>(ScholasticInternational_Home.java:19)
	at pom.ScholasticInternational_Home.<init>(ScholasticInternational_Home.java:19)
	at pom.ScholasticInternational_Home.<init>(ScholasticInternational_Home.java:19)
	at pom.ScholasticInternational_Home.<init>(ScholasticInternational_Home.java:19)
	at pom.ScholasticInternational_Home.<init>(ScholasticInternational_Home.java:19)
	at pom.ScholasticInternational_Home.<init>(ScholasticInternational_Home.java:19)
	at pom.ScholasticInternational_Home.<init>(ScholasticInternational_Home.java:19)
	at pom.ScholasticInternational_Home.<init>(ScholasticInternational_Home.java:19)
	at pom.ScholasticInternational_Home.<init>(ScholasticInternational_Home.java:19)
	at pom.ScholasticInternational_Home.<init>(ScholasticInternational_Home.java:19)
	at pom.ScholasticInternational_Home.<init>(ScholasticInternational_Home.java:19)
	at pom.ScholasticInternational_Home.<init>(ScholasticInternational_Home.java:19)
	at pom.ScholasticInternational_Home.<init>(ScholasticInternational_Home.java:19)
	at pom.ScholasticInternational_Home.<init>(ScholasticInternational_Home.java:19)
	at pom.ScholasticInternational_Home.<init>(ScholasticInternational_Home.java:19)
	at pom.ScholasticInternational_Home.<init>(ScholasticInternational_Home.java:19)
	at pom.ScholasticInternational_Home.<init>(ScholasticInternational_Home.java:19)
	at pom.ScholasticInternational_Home.<init>(ScholasticInternational_Home.java:19)
	at pom.ScholasticInternational_Home.<init>(ScholasticInternational_Home.java:19)
	at pom.ScholasticInternational_Home.<init>(ScholasticInternational_Home.java:19)
	at pom.ScholasticInternational_Home.<init>(ScholasticInternational_Home.java:19)
	at pom.ScholasticInternational_Home.<init>(ScholasticInternational_Home.java:19)
	at pom.ScholasticInternational_Home.<init>(ScholasticInternational_Home.java:19)
	at pom.ScholasticInternational_Home.<init>(ScholasticInternational_Home.java:19)
	at pom.ScholasticInternational_Home.<init>(ScholasticInternational_Home.java:19)
	at pom.ScholasticInternational_Home.<init>(ScholasticInternational_Home.java:19)
	at pom.ScholasticInternational_Home.<init>(ScholasticInternational_Home.java:19)
	at pom.ScholasticInternational_Home.<init>(ScholasticInternational_Home.java:19)
	at pom.ScholasticInternational_Home.<init>(ScholasticInternational_Home.java:19)
	at pom.ScholasticInternational_Home.<init>(ScholasticInternational_Home.java:19)
	at pom.ScholasticInternational_Home.<init>(ScholasticInternational_Home.java:19)
	at pom.ScholasticInternational_Home.<init>(ScholasticInternational_Home.java:19)
	at pom.ScholasticInternational_Home.<init>(ScholasticInternational_Home.java:19)
	at pom.ScholasticInternational_Home.<init>(ScholasticInternational_Home.java:19)
	at pom.ScholasticInternational_Home.<init>(ScholasticInternational_Home.java:19)
	at pom.ScholasticInternational_Home.<init>(ScholasticInternational_Home.java:19)
	at pom.ScholasticInternational_Home.<init>(ScholasticInternational_Home.java:19)
	at pom.ScholasticInternational_Home.<init>(ScholasticInternational_Home.java:19)
	at pom.ScholasticInternational_Home.<init>(ScholasticInternational_Home.java:19)
	at pom.ScholasticInternational_Home.<init>(ScholasticInternational_Home.java:19)
	at pom.ScholasticInternational_Home.<init>(ScholasticInternational_Home.java:19)
	at pom.ScholasticInternational_Home.<init>(ScholasticInternational_Home.java:19)
	at pom.ScholasticInternational_Home.<init>(ScholasticInternational_Home.java:19)
	at pom.ScholasticInternational_Home.<init>(ScholasticInternational_Home.java:19)
	at pom.ScholasticInternational_Home.<init>(ScholasticInternational_Home.java:19)
	at pom.ScholasticInternational_Home.<init>(ScholasticInternational_Home.java:19)
	at pom.ScholasticInternational_Home.<init>(ScholasticInternational_Home.java:19)
	at pom.ScholasticInternational_Home.<init>(ScholasticInternational_Home.java:19)
	at pom.ScholasticInternational_Home.<init>(ScholasticInternational_Home.java:19)
	at pom.ScholasticInternational_Home.<init>(ScholasticInternational_Home.java:19)
	at pom.ScholasticInternational_Home.<init>(ScholasticInternational_Home.java:19)
	at pom.ScholasticInternational_Home.<init>(ScholasticInternational_Home.java:19)
	at pom.ScholasticInternational_Home.<init>(ScholasticInternational_Home.java:19)
	at pom.ScholasticInternational_Home.<init>(ScholasticInternational_Home.java:19)
	at pom.ScholasticInternational_Home.<init>(ScholasticInternational_Home.java:19)
	at pom.ScholasticInternational_Home.<init>(ScholasticInternational_Home.java:19)
	at pom.ScholasticInternational_Home.<init>(ScholasticInternational_Home.java:19)
	at pom.ScholasticInternational_Home.<init>(ScholasticInternational_Home.java:19)
	at pom.ScholasticInternational_Home.<init>(ScholasticInternational_Home.java:19)
	at pom.ScholasticInternational_Home.<init>(ScholasticInternational_Home.java:19)
	at pom.ScholasticInternational_Home.<init>(ScholasticInternational_Home.java:19)
	at pom.ScholasticInternational_Home.<init>(ScholasticInternational_Home.java:19)
	at pom.ScholasticInternational_Home.<init>(ScholasticInternational_Home.java:19)
	at pom.ScholasticInternational_Home.<init>(ScholasticInternational_Home.java:19)
	at pom.ScholasticInternational_Home.<init>(ScholasticInternational_Home.java:19)
	at pom.ScholasticInternational_Home.<init>(ScholasticInternational_Home.java:19)
	at pom.ScholasticInternational_Home.<init>(ScholasticInternational_Home.java:19)
	at pom.ScholasticInternational_Home.<init>(ScholasticInternational_Home.java:19)
	at pom.ScholasticInternational_Home.<init>(ScholasticInternational_Home.java:19)
	at pom.ScholasticInternational_Home.<init>(ScholasticInternational_Home.java:19)
	at pom.ScholasticInternational_Home.<init>(ScholasticInternational_Home.java:19)
	at pom.ScholasticInternational_Home.<init>(ScholasticInternational_Home.java:19)
	at pom.ScholasticInternational_Home.<init>(ScholasticInternational_Home.java:19)
	at pom.ScholasticInternational_Home.<init>(ScholasticInternational_Home.java:19)
	at pom.ScholasticInternational_Home.<init>(ScholasticInternational_Home.java:19)
	at pom.ScholasticInternational_Home.<init>(ScholasticInternational_Home.java:19)
	at pom.ScholasticInternational_Home.<init>(ScholasticInternational_Home.java:19)
	at pom.ScholasticInternational_Home.<init>(ScholasticInternational_Home.java:19)
	at pom.ScholasticInternational_Home.<init>(ScholasticInternational_Home.java:19)
	at pom.ScholasticInternational_Home.<init>(ScholasticInternational_Home.java:19)
	at pom.ScholasticInternational_Home.<init>(ScholasticInternational_Home.java:19)
	at pom.ScholasticInternational_Home.<init>(ScholasticInternational_Home.java:19)
	at pom.ScholasticInternational_Home.<init>(ScholasticInternational_Home.java:19)
	at pom.ScholasticInternational_Home.<init>(ScholasticInternational_Home.java:19)
	at pom.ScholasticInternational_Home.<init>(ScholasticInternational_Home.java:19)
	at pom.ScholasticInternational_Home.<init>(ScholasticInternational_Home.java:19)
	at pom.ScholasticInternational_Home.<init>(ScholasticInternational_Home.java:19)
	at pom.ScholasticInternational_Home.<init>(ScholasticInternational_Home.java:19)
	at pom.ScholasticInternational_Home.<init>(ScholasticInternational_Home.java:19)
	at pom.ScholasticInternational_Home.<init>(ScholasticInternational_Home.java:19)
	at pom.ScholasticInternational_Home.<init>(ScholasticInternational_Home.java:19)
	at pom.ScholasticInternational_Home.<init>(ScholasticInternational_Home.java:19)
	at pom.ScholasticInternational_Home.<init>(ScholasticInternational_Home.java:19)
	at pom.ScholasticInternational_Home.<init>(ScholasticInternational_Home.java:19)
	at pom.ScholasticInternational_Home.<init>(ScholasticInternational_Home.java:19)
	at pom.ScholasticInternational_Home.<init>(ScholasticInternational_Home.java:19)
	at pom.ScholasticInternational_Home.<init>(ScholasticInternational_Home.java:19)
	at pom.ScholasticInternational_Home.<init>(ScholasticInternational_Home.java:19)
	at pom.ScholasticInternational_Home.<init>(ScholasticInternational_Home.java:19)
	at pom.ScholasticInternational_Home.<init>(ScholasticInternational_Home.java:19)
	at pom.ScholasticInternational_Home.<init>(ScholasticInternational_Home.java:19)
	at pom.ScholasticInternational_Home.<init>(ScholasticInternational_Home.java:19)
	at pom.ScholasticInternational_Home.<init>(ScholasticInternational_Home.java:19)
	at pom.ScholasticInternational_Home.<init>(ScholasticInternational_Home.java:19)
	at pom.ScholasticInternational_Home.<init>(ScholasticInternational_Home.java:19)
	at pom.ScholasticInternational_Home.<init>(ScholasticInternational_Home.java:19)
	at pom.ScholasticInternational_Home.<init>(ScholasticInternational_Home.java:19)
	at pom.ScholasticInternational_Home.<init>(ScholasticInternational_Home.java:19)
	at pom.ScholasticInternational_Home.<init>(ScholasticInternational_Home.java:19)
	at pom.ScholasticInternational_Home.<init>(ScholasticInternational_Home.java:19)
	at pom.ScholasticInternational_Home.<init>(ScholasticInternational_Home.java:19)
	at pom.ScholasticInternational_Home.<init>(ScholasticInternational_Home.java:19)
	at pom.ScholasticInternational_Home.<init>(ScholasticInternational_Home.java:19)
	at pom.ScholasticInternational_Home.<init>(ScholasticInternational_Home.java:19)
	at pom.ScholasticInternational_Home.<init>(ScholasticInternational_Home.java:19)
	at pom.ScholasticInternational_Home.<init>(ScholasticInternational_Home.java:19)
	at pom.ScholasticInternational_Home.<init>(ScholasticInternational_Home.java:19)
	at pom.ScholasticInternational_Home.<init>(ScholasticInternational_Home.java:19)
	at pom.ScholasticInternational_Home.<init>(ScholasticInternational_Home.java:19)
	at pom.ScholasticInternational_Home.<init>(ScholasticInternational_Home.java:19)
	at pom.ScholasticInternational_Home.<init>(ScholasticInternational_Home.java:19)
	at pom.ScholasticInternational_Home.<init>(ScholasticInternational_Home.java:19)
	at pom.ScholasticInternational_Home.<init>(ScholasticInternational_Home.java:19)
	at pom.ScholasticInternational_Home.<init>(ScholasticInternational_Home.java:19)
	at pom.ScholasticInternational_Home.<init>(ScholasticInternational_Home.java:19)
	at pom.ScholasticInternational_Home.<init>(ScholasticInternational_Home.java:19)
	at pom.ScholasticInternational_Home.<init>(ScholasticInternational_Home.java:19)
	at pom.ScholasticInternational_Home.<init>(ScholasticInternational_Home.java:19)
	at pom.ScholasticInternational_Home.<init>(ScholasticInternational_Home.java:19)
	at pom.ScholasticInternational_Home.<init>(ScholasticInternational_Home.java:19)
	at pom.ScholasticInternational_Home.<init>(ScholasticInternational_Home.java:19)
	at pom.ScholasticInternational_Home.<init>(ScholasticInternational_Home.java:19)
	at pom.ScholasticInternational_Home.<init>(ScholasticInternational_Home.java:19)
	at pom.ScholasticInternational_Home.<init>(ScholasticInternational_Home.java:19)
	at pom.ScholasticInternational_Home.<init>(ScholasticInternational_Home.java:19)
	at pom.ScholasticInternational_Home.<init>(ScholasticInternational_Home.java:19)
	at pom.ScholasticInternational_Home.<init>(ScholasticInternational_Home.java:19)
	at pom.ScholasticInternational_Home.<init>(ScholasticInternational_Home.java:19)
	at pom.ScholasticInternational_Home.<init>(ScholasticInternational_Home.java:19)
	at pom.ScholasticInternational_Home.<init>(ScholasticInternational_Home.java:19)
	at pom.ScholasticInternational_Home.<init>(ScholasticInternational_Home.java:19)
	at pom.ScholasticInternational_Home.<init>(ScholasticInternational_Home.java:19)
	at pom.ScholasticInternational_Home.<init>(ScholasticInternational_Home.java:19)
	at pom.ScholasticInternational_Home.<init>(ScholasticInternational_Home.java:19)
	at pom.ScholasticInternational_Home.<init>(ScholasticInternational_Home.java:19)
	at pom.ScholasticInternational_Home.<init>(ScholasticInternational_Home.java:19)
	at pom.ScholasticInternational_Home.<init>(ScholasticInternational_Home.java:19)
	at pom.ScholasticInternational_Home.<init>(ScholasticInternational_Home.java:19)
	at pom.ScholasticInternational_Home.<init>(ScholasticInternational_Home.java:19)
	at pom.ScholasticInternational_Home.<init>(ScholasticInternational_Home.java:19)
	at pom.ScholasticInternational_Home.<init>(ScholasticInternational_Home.java:19)
]]>
    </failure>
  </testcase> <!-- verifyHamMenu_HomeButton -->
  <testcase name="verifyHamberger_Home" time="0.002" classname="scripts.VerifyHamburgerMenu"/>
</testsuite> <!-- Default test -->
