<?xml version="1.0" encoding="UTF-8"?>
<!-- Generated by org.testng.reporters.JUnitXMLReporter -->
<testsuite hostname="RLE0160" name="Test" tests="5" failures="3" timestamp="6 Feb 2017 05:17:53 GMT" time="24.695" errors="0">
  <testcase name="signIn" time="1.047" classname="scripts.SignIn">
    <failure type="java.lang.StackOverflowError">
      <![CDATA[java.lang.StackOverflowError
	at org.openqa.selenium.support.pagefactory.Annotations.isLookupCached(Annotations.java:45)
	at org.openqa.selenium.support.pagefactory.DefaultElementLocator.<init>(DefaultElementLocator.java:57)
	at org.openqa.selenium.support.pagefactory.DefaultElementLocator.<init>(DefaultElementLocator.java:46)
	at org.openqa.selenium.support.pagefactory.DefaultElementLocatorFactory.createLocator(DefaultElementLocatorFactory.java:32)
	at org.openqa.selenium.support.pagefactory.DefaultFieldDecorator.decorate(DefaultFieldDecorator.java:56)
	at org.openqa.selenium.support.PageFactory.proxyFields(PageFactory.java:113)
	at org.openqa.selenium.support.PageFactory.initElements(PageFactory.java:105)
	at org.openqa.selenium.support.PageFactory.initElements(PageFactory.java:92)
	at org.openqa.selenium.support.PageFactory.initElements(PageFactory.java:79)
	at pom.BasePage.<init>(BasePage.java:15)
	at pom.ScholasticInternational_Home.<init>(ScholasticInternational_Home.java:12)
	at pom.ScholasticInternational_Home.<init>(ScholasticInternational_Home.java:19)
	at pom.ScholasticInternational_Home.<init>(ScholasticInternational_Home.java:19)
	at pom.ScholasticInternational_Home.<init>(ScholasticInternational_Home.java:19)
	at pom.ScholasticInternational_Home.<init>(ScholasticInternational_Home.java:19)
	at pom.ScholasticInternational_Home.<init>(ScholasticInternational_Home.java:19)
	at pom.ScholasticInternational_Home.<init>(ScholasticInternational_Home.java:19)
	at pom.ScholasticInternational_Home.<init>(ScholasticInternational_Home.java:19)
	at pom.ScholasticInternational_Home.<init>(ScholasticInternational_Home.java:19)
	at pom.ScholasticInternational_Home.<init>(ScholasticInternational_Home.java:19)
	at pom.ScholasticInternational_Home.<init>(ScholasticInternational_Home.java:19)
	at pom.ScholasticInternational_Home.<init>(ScholasticInternational_Home.java:19)
	at pom.ScholasticInternational_Home.<init>(ScholasticInternational_Home.java:19)
	at pom.ScholasticInternational_Home.<init>(ScholasticInternational_Home.java:19)
	at pom.ScholasticInternational_Home.<init>(ScholasticInternational_Home.java:19)
	at pom.ScholasticInternational_Home.<init>(ScholasticInternational_Home.java:19)
	at pom.ScholasticInternational_Home.<init>(ScholasticInternational_Home.java:19)
	at pom.ScholasticInternational_Home.<init>(ScholasticInternational_Home.java:19)
	at pom.ScholasticInternational_Home.<init>(ScholasticInternational_Home.java:19)
	at pom.ScholasticInternational_Home.<init>(ScholasticInternational_Home.java:19)
	at pom.ScholasticInternational_Home.<init>(ScholasticInternational_Home.java:19)
	at pom.ScholasticInternational_Home.<init>(ScholasticInternational_Home.java:19)
	at pom.ScholasticInternational_Home.<init>(ScholasticInternational_Home.java:19)
	at pom.ScholasticInternational_Home.<init>(ScholasticInternational_Home.java:19)
	at pom.ScholasticInternational_Home.<init>(ScholasticInternational_Home.java:19)
	at pom.ScholasticInternational_Home.<init>(ScholasticInternational_Home.java:19)
	at pom.ScholasticInternational_Home.<init>(ScholasticInternational_Home.java:19)
	at pom.ScholasticInternational_Home.<init>(ScholasticInternational_Home.java:19)
	at pom.ScholasticInternational_Home.<init>(ScholasticInternational_Home.java:19)
	at pom.ScholasticInternational_Home.<init>(ScholasticInternational_Home.java:19)
	at pom.ScholasticInternational_Home.<init>(ScholasticInternational_Home.java:19)
	at pom.ScholasticInternational_Home.<init>(ScholasticInternational_Home.java:19)
	at pom.ScholasticInternational_Home.<init>(ScholasticInternational_Home.java:19)
	at pom.ScholasticInternational_Home.<init>(ScholasticInternational_Home.java:19)
	at pom.ScholasticInternational_Home.<init>(ScholasticInternational_Home.java:19)
	at pom.ScholasticInternational_Home.<init>(ScholasticInternational_Home.java:19)
	at pom.ScholasticInternational_Home.<init>(ScholasticInternational_Home.java:19)
	at pom.ScholasticInternational_Home.<init>(ScholasticInternational_Home.java:19)
	at pom.ScholasticInternational_Home.<init>(ScholasticInternational_Home.java:19)
	at pom.ScholasticInternational_Home.<init>(ScholasticInternational_Home.java:19)
	at pom.ScholasticInternational_Home.<init>(ScholasticInternational_Home.java:19)
	at pom.ScholasticInternational_Home.<init>(ScholasticInternational_Home.java:19)
	at pom.ScholasticInternational_Home.<init>(ScholasticInternational_Home.java:19)
	at pom.ScholasticInternational_Home.<init>(ScholasticInternational_Home.java:19)
	at pom.ScholasticInternational_Home.<init>(ScholasticInternational_Home.java:19)
	at pom.ScholasticInternational_Home.<init>(ScholasticInternational_Home.java:19)
	at pom.ScholasticInternational_Home.<init>(ScholasticInternational_Home.java:19)
	at pom.ScholasticInternational_Home.<init>(ScholasticInternational_Home.java:19)
	at pom.ScholasticInternational_Home.<init>(ScholasticInternational_Home.java:19)
	at pom.ScholasticInternational_Home.<init>(ScholasticInternational_Home.java:19)
	at pom.ScholasticInternational_Home.<init>(ScholasticInternational_Home.java:19)
	at pom.ScholasticInternational_Home.<init>(ScholasticInternational_Home.java:19)
	at pom.ScholasticInternational_Home.<init>(ScholasticInternational_Home.java:19)
	at pom.ScholasticInternational_Home.<init>(ScholasticInternational_Home.java:19)
	at pom.ScholasticInternational_Home.<init>(ScholasticInternational_Home.java:19)
	at pom.ScholasticInternational_Home.<init>(ScholasticInternational_Home.java:19)
	at pom.ScholasticInternational_Home.<init>(ScholasticInternational_Home.java:19)
	at pom.ScholasticInternational_Home.<init>(ScholasticInternational_Home.java:19)
	at pom.ScholasticInternational_Home.<init>(ScholasticInternational_Home.java:19)
	at pom.ScholasticInternational_Home.<init>(ScholasticInternational_Home.java:19)
	at pom.ScholasticInternational_Home.<init>(ScholasticInternational_Home.java:19)
	at pom.ScholasticInternational_Home.<init>(ScholasticInternational_Home.java:19)
	at pom.ScholasticInternational_Home.<init>(ScholasticInternational_Home.java:19)
	at pom.ScholasticInternational_Home.<init>(ScholasticInternational_Home.java:19)
	at pom.ScholasticInternational_Home.<init>(ScholasticInternational_Home.java:19)
	at pom.ScholasticInternational_Home.<init>(ScholasticInternational_Home.java:19)
	at pom.ScholasticInternational_Home.<init>(ScholasticInternational_Home.java:19)
	at pom.ScholasticInternational_Home.<init>(ScholasticInternational_Home.java:19)
	at pom.ScholasticInternational_Home.<init>(ScholasticInternational_Home.java:19)
	at pom.ScholasticInternational_Home.<init>(ScholasticInternational_Home.java:19)
	at pom.ScholasticInternational_Home.<init>(ScholasticInternational_Home.java:19)
	at pom.ScholasticInternational_Home.<init>(ScholasticInternational_Home.java:19)
	at pom.ScholasticInternational_Home.<init>(ScholasticInternational_Home.java:19)
	at pom.ScholasticInternational_Home.<init>(ScholasticInternational_Home.java:19)
	at pom.ScholasticInternational_Home.<init>(ScholasticInternational_Home.java:19)
	at pom.ScholasticInternational_Home.<init>(ScholasticInternational_Home.java:19)
	at pom.ScholasticInternational_Home.<init>(ScholasticInternational_Home.java:19)
	at pom.ScholasticInternational_Home.<init>(ScholasticInternational_Home.java:19)
	at pom.ScholasticInternational_Home.<init>(ScholasticInternational_Home.java:19)
	at pom.ScholasticInternational_Home.<init>(ScholasticInternational_Home.java:19)
	at pom.ScholasticInternational_Home.<init>(ScholasticInternational_Home.java:19)
	at pom.ScholasticInternational_Home.<init>(ScholasticInternational_Home.java:19)
	at pom.ScholasticInternational_Home.<init>(ScholasticInternational_Home.java:19)
	at pom.ScholasticInternational_Home.<init>(ScholasticInternational_Home.java:19)
	at pom.ScholasticInternational_Home.<init>(ScholasticInternational_Home.java:19)
	at pom.ScholasticInternational_Home.<init>(ScholasticInternational_Home.java:19)
	at pom.ScholasticInternational_Home.<init>(ScholasticInternational_Home.java:19)
	at pom.ScholasticInternational_Home.<init>(ScholasticInternational_Home.java:19)
	at pom.ScholasticInternational_Home.<init>(ScholasticInternational_Home.java:19)
	at pom.ScholasticInternational_Home.<init>(ScholasticInternational_Home.java:19)
	at pom.ScholasticInternational_Home.<init>(ScholasticInternational_Home.java:19)
	at pom.ScholasticInternational_Home.<init>(ScholasticInternational_Home.java:19)
	at pom.ScholasticInternational_Home.<init>(ScholasticInternational_Home.java:19)
	at pom.ScholasticInternational_Home.<init>(ScholasticInternational_Home.java:19)
	at pom.ScholasticInternational_Home.<init>(ScholasticInternational_Home.java:19)
	at pom.ScholasticInternational_Home.<init>(ScholasticInternational_Home.java:19)
	at pom.ScholasticInternational_Home.<init>(ScholasticInternational_Home.java:19)
	at pom.ScholasticInternational_Home.<init>(ScholasticInternational_Home.java:19)
	at pom.ScholasticInternational_Home.<init>(ScholasticInternational_Home.java:19)
	at pom.ScholasticInternational_Home.<init>(ScholasticInternational_Home.java:19)
	at pom.ScholasticInternational_Home.<init>(ScholasticInternational_Home.java:19)
	at pom.ScholasticInternational_Home.<init>(ScholasticInternational_Home.java:19)
	at pom.ScholasticInternational_Home.<init>(ScholasticInternational_Home.java:19)
	at pom.ScholasticInternational_Home.<init>(ScholasticInternational_Home.java:19)
	at pom.ScholasticInternational_Home.<init>(ScholasticInternational_Home.java:19)
	at pom.ScholasticInternational_Home.<init>(ScholasticInternational_Home.java:19)
	at pom.ScholasticInternational_Home.<init>(ScholasticInternational_Home.java:19)
	at pom.ScholasticInternational_Home.<init>(ScholasticInternational_Home.java:19)
	at pom.ScholasticInternational_Home.<init>(ScholasticInternational_Home.java:19)
	at pom.ScholasticInternational_Home.<init>(ScholasticInternational_Home.java:19)
	at pom.ScholasticInternational_Home.<init>(ScholasticInternational_Home.java:19)
	at pom.ScholasticInternational_Home.<init>(ScholasticInternational_Home.java:19)
	at pom.ScholasticInternational_Home.<init>(ScholasticInternational_Home.java:19)
	at pom.ScholasticInternational_Home.<init>(ScholasticInternational_Home.java:19)
	at pom.ScholasticInternational_Home.<init>(ScholasticInternational_Home.java:19)
	at pom.ScholasticInternational_Home.<init>(ScholasticInternational_Home.java:19)
	at pom.ScholasticInternational_Home.<init>(ScholasticInternational_Home.java:19)
	at pom.ScholasticInternational_Home.<init>(ScholasticInternational_Home.java:19)
	at pom.ScholasticInternational_Home.<init>(ScholasticInternational_Home.java:19)
	at pom.ScholasticInternational_Home.<init>(ScholasticInternational_Home.java:19)
	at pom.ScholasticInternational_Home.<init>(ScholasticInternational_Home.java:19)
	at pom.ScholasticInternational_Home.<init>(ScholasticInternational_Home.java:19)
	at pom.ScholasticInternational_Home.<init>(ScholasticInternational_Home.java:19)
	at pom.ScholasticInternational_Home.<init>(ScholasticInternational_Home.java:19)
	at pom.ScholasticInternational_Home.<init>(ScholasticInternational_Home.java:19)
	at pom.ScholasticInternational_Home.<init>(ScholasticInternational_Home.java:19)
	at pom.ScholasticInternational_Home.<init>(ScholasticInternational_Home.java:19)
	at pom.ScholasticInternational_Home.<init>(ScholasticInternational_Home.java:19)
	at pom.ScholasticInternational_Home.<init>(ScholasticInternational_Home.java:19)
	at pom.ScholasticInternational_Home.<init>(ScholasticInternational_Home.java:19)
	at pom.ScholasticInternational_Home.<init>(ScholasticInternational_Home.java:19)
	at pom.ScholasticInternational_Home.<init>(ScholasticInternational_Home.java:19)
	at pom.ScholasticInternational_Home.<init>(ScholasticInternational_Home.java:19)
	at pom.ScholasticInternational_Home.<init>(ScholasticInternational_Home.java:19)
	at pom.ScholasticInternational_Home.<init>(ScholasticInternational_Home.java:19)
	at pom.ScholasticInternational_Home.<init>(ScholasticInternational_Home.java:19)
	at pom.ScholasticInternational_Home.<init>(ScholasticInternational_Home.java:19)
	at pom.ScholasticInternational_Home.<init>(ScholasticInternational_Home.java:19)
	at pom.ScholasticInternational_Home.<init>(ScholasticInternational_Home.java:19)
	at pom.ScholasticInternational_Home.<init>(ScholasticInternational_Home.java:19)
	at pom.ScholasticInternational_Home.<init>(ScholasticInternational_Home.java:19)
	at pom.ScholasticInternational_Home.<init>(ScholasticInternational_Home.java:19)
	at pom.ScholasticInternational_Home.<init>(ScholasticInternational_Home.java:19)
	at pom.ScholasticInternational_Home.<init>(ScholasticInternational_Home.java:19)
	at pom.ScholasticInternational_Home.<init>(ScholasticInternational_Home.java:19)
	at pom.ScholasticInternational_Home.<init>(ScholasticInternational_Home.java:19)
	at pom.ScholasticInternational_Home.<init>(ScholasticInternational_Home.java:19)
	at pom.ScholasticInternational_Home.<init>(ScholasticInternational_Home.java:19)
	at pom.ScholasticInternational_Home.<init>(ScholasticInternational_Home.java:19)
	at pom.ScholasticInternational_Home.<init>(ScholasticInternational_Home.java:19)
	at pom.ScholasticInternational_Home.<init>(ScholasticInternational_Home.java:19)
	at pom.ScholasticInternational_Home.<init>(ScholasticInternational_Home.java:19)
	at pom.ScholasticInternational_Home.<init>(ScholasticInternational_Home.java:19)
	at pom.ScholasticInternational_Home.<init>(ScholasticInternational_Home.java:19)
	at pom.ScholasticInternational_Home.<init>(ScholasticInternational_Home.java:19)
	at pom.ScholasticInternational_Home.<init>(ScholasticInternational_Home.java:19)
	at pom.ScholasticInternational_Home.<init>(ScholasticInternational_Home.java:19)
	at pom.ScholasticInternational_Home.<init>(ScholasticInternational_Home.java:19)
	at pom.ScholasticInternational_Home.<init>(ScholasticInternational_Home.java:19)
	at pom.ScholasticInternational_Home.<init>(ScholasticInternational_Home.java:19)
	at pom.ScholasticInternational_Home.<init>(ScholasticInternational_Home.java:19)
	at pom.ScholasticInternational_Home.<init>(ScholasticInternational_Home.java:19)
	at pom.ScholasticInternational_Home.<init>(ScholasticInternational_Home.java:19)
	at pom.ScholasticInternational_Home.<init>(ScholasticInternational_Home.java:19)
	at pom.ScholasticInternational_Home.<init>(ScholasticInternational_Home.java:19)
	at pom.ScholasticInternational_Home.<init>(ScholasticInternational_Home.java:19)
	at pom.ScholasticInternational_Home.<init>(ScholasticInternational_Home.java:19)
	at pom.ScholasticInternational_Home.<init>(ScholasticInternational_Home.java:19)
	at pom.ScholasticInternational_Home.<init>(ScholasticInternational_Home.java:19)
	at pom.ScholasticInternational_Home.<init>(ScholasticInternational_Home.java:19)
	at pom.ScholasticInternational_Home.<init>(ScholasticInternational_Home.java:19)
	at pom.ScholasticInternational_Home.<init>(ScholasticInternational_Home.java:19)
	at pom.ScholasticInternational_Home.<init>(ScholasticInternational_Home.java:19)
	at pom.ScholasticInternational_Home.<init>(ScholasticInternational_Home.java:19)
	at pom.ScholasticInternational_Home.<init>(ScholasticInternational_Home.java:19)
	at pom.ScholasticInternational_Home.<init>(ScholasticInternational_Home.java:19)
	at pom.ScholasticInternational_Home.<init>(ScholasticInternational_Home.java:19)
	at pom.ScholasticInternational_Home.<init>(ScholasticInternational_Home.java:19)
	at pom.ScholasticInternational_Home.<init>(ScholasticInternational_Home.java:19)
	at pom.ScholasticInternational_Home.<init>(ScholasticInternational_Home.java:19)
	at pom.ScholasticInternational_Home.<init>(ScholasticInternational_Home.java:19)
	at pom.ScholasticInternational_Home.<init>(ScholasticInternational_Home.java:19)
	at pom.ScholasticInternational_Home.<init>(ScholasticInternational_Home.java:19)
	at pom.ScholasticInternational_Home.<init>(ScholasticInternational_Home.java:19)
	at pom.ScholasticInternational_Home.<init>(ScholasticInternational_Home.java:19)
	at pom.ScholasticInternational_Home.<init>(ScholasticInternational_Home.java:19)
	at pom.ScholasticInternational_Home.<init>(ScholasticInternational_Home.java:19)
	at pom.ScholasticInternational_Home.<init>(ScholasticInternational_Home.java:19)
	at pom.ScholasticInternational_Home.<init>(ScholasticInternational_Home.java:19)
	at pom.ScholasticInternational_Home.<init>(ScholasticInternational_Home.java:19)
	at pom.ScholasticInternational_Home.<init>(ScholasticInternational_Home.java:19)
	at pom.ScholasticInternational_Home.<init>(ScholasticInternational_Home.java:19)
	at pom.ScholasticInternational_Home.<init>(ScholasticInternational_Home.java:19)
	at pom.ScholasticInternational_Home.<init>(ScholasticInternational_Home.java:19)
	at pom.ScholasticInternational_Home.<init>(ScholasticInternational_Home.java:19)
	at pom.ScholasticInternational_Home.<init>(ScholasticInternational_Home.java:19)
	at pom.ScholasticInternational_Home.<init>(ScholasticInternational_Home.java:19)
	at pom.ScholasticInternational_Home.<init>(ScholasticInternational_Home.java:19)
	at pom.ScholasticInternational_Home.<init>(ScholasticInternational_Home.java:19)
	at pom.ScholasticInternational_Home.<init>(ScholasticInternational_Home.java:19)
	at pom.ScholasticInternational_Home.<init>(ScholasticInternational_Home.java:19)
	at pom.ScholasticInternational_Home.<init>(ScholasticInternational_Home.java:19)
	at pom.ScholasticInternational_Home.<init>(ScholasticInternational_Home.java:19)
	at pom.ScholasticInternational_Home.<init>(ScholasticInternational_Home.java:19)
	at pom.ScholasticInternational_Home.<init>(ScholasticInternational_Home.java:19)
	at pom.ScholasticInternational_Home.<init>(ScholasticInternational_Home.java:19)
	at pom.ScholasticInternational_Home.<init>(ScholasticInternational_Home.java:19)
	at pom.ScholasticInternational_Home.<init>(ScholasticInternational_Home.java:19)
	at pom.ScholasticInternational_Home.<init>(ScholasticInternational_Home.java:19)
	at pom.ScholasticInternational_Home.<init>(ScholasticInternational_Home.java:19)
	at pom.ScholasticInternational_Home.<init>(ScholasticInternational_Home.java:19)
	at pom.ScholasticInternational_Home.<init>(ScholasticInternational_Home.java:19)
	at pom.ScholasticInternational_Home.<init>(ScholasticInternational_Home.java:19)
	at pom.ScholasticInternational_Home.<init>(ScholasticInternational_Home.java:19)
	at pom.ScholasticInternational_Home.<init>(ScholasticInternational_Home.java:19)
	at pom.ScholasticInternational_Home.<init>(ScholasticInternational_Home.java:19)
	at pom.ScholasticInternational_Home.<init>(ScholasticInternational_Home.java:19)
	at pom.ScholasticInternational_Home.<init>(ScholasticInternational_Home.java:19)
	at pom.ScholasticInternational_Home.<init>(ScholasticInternational_Home.java:19)
	at pom.ScholasticInternational_Home.<init>(ScholasticInternational_Home.java:19)
	at pom.ScholasticInternational_Home.<init>(ScholasticInternational_Home.java:19)
	at pom.ScholasticInternational_Home.<init>(ScholasticInternational_Home.java:19)
	at pom.ScholasticInternational_Home.<init>(ScholasticInternational_Home.java:19)
	at pom.ScholasticInternational_Home.<init>(ScholasticInternational_Home.java:19)
	at pom.ScholasticInternational_Home.<init>(ScholasticInternational_Home.java:19)
	at pom.ScholasticInternational_Home.<init>(ScholasticInternational_Home.java:19)
	at pom.ScholasticInternational_Home.<init>(ScholasticInternational_Home.java:19)
	at pom.ScholasticInternational_Home.<init>(ScholasticInternational_Home.java:19)
	at pom.ScholasticInternational_Home.<init>(ScholasticInternational_Home.java:19)
	at pom.ScholasticInternational_Home.<init>(ScholasticInternational_Home.java:19)
	at pom.ScholasticInternational_Home.<init>(ScholasticInternational_Home.java:19)
	at pom.ScholasticInternational_Home.<init>(ScholasticInternational_Home.java:19)
	at pom.ScholasticInternational_Home.<init>(ScholasticInternational_Home.java:19)
	at pom.ScholasticInternational_Home.<init>(ScholasticInternational_Home.java:19)
	at pom.ScholasticInternational_Home.<init>(ScholasticInternational_Home.java:19)
	at pom.ScholasticInternational_Home.<init>(ScholasticInternational_Home.java:19)
	at pom.ScholasticInternational_Home.<init>(ScholasticInternational_Home.java:19)
	at pom.ScholasticInternational_Home.<init>(ScholasticInternational_Home.java:19)
	at pom.ScholasticInternational_Home.<init>(ScholasticInternational_Home.java:19)
	at pom.ScholasticInternational_Home.<init>(ScholasticInternational_Home.java:19)
	at pom.ScholasticInternational_Home.<init>(ScholasticInternational_Home.java:19)
	at pom.ScholasticInternational_Home.<init>(ScholasticInternational_Home.java:19)
	at pom.ScholasticInternational_Home.<init>(ScholasticInternational_Home.java:19)
	at pom.ScholasticInternational_Home.<init>(ScholasticInternational_Home.java:19)
	at pom.ScholasticInternational_Home.<init>(ScholasticInternational_Home.java:19)
	at pom.ScholasticInternational_Home.<init>(ScholasticInternational_Home.java:19)
	at pom.ScholasticInternational_Home.<init>(ScholasticInternational_Home.java:19)
	at pom.ScholasticInternational_Home.<init>(ScholasticInternational_Home.java:19)
	at pom.ScholasticInternational_Home.<init>(ScholasticInternational_Home.java:19)
	at pom.ScholasticInternational_Home.<init>(ScholasticInternational_Home.java:19)
	at pom.ScholasticInternational_Home.<init>(ScholasticInternational_Home.java:19)
	at pom.ScholasticInternational_Home.<init>(ScholasticInternational_Home.java:19)
	at pom.ScholasticInternational_Home.<init>(ScholasticInternational_Home.java:19)
	at pom.ScholasticInternational_Home.<init>(ScholasticInternational_Home.java:19)
	at pom.ScholasticInternational_Home.<init>(ScholasticInternational_Home.java:19)
	at pom.ScholasticInternational_Home.<init>(ScholasticInternational_Home.java:19)
	at pom.ScholasticInternational_Home.<init>(ScholasticInternational_Home.java:19)
	at pom.ScholasticInternational_Home.<init>(ScholasticInternational_Home.java:19)
	at pom.ScholasticInternational_Home.<init>(ScholasticInternational_Home.java:19)
	at pom.ScholasticInternational_Home.<init>(ScholasticInternational_Home.java:19)
	at pom.ScholasticInternational_Home.<init>(ScholasticInternational_Home.java:19)
	at pom.ScholasticInternational_Home.<init>(ScholasticInternational_Home.java:19)
	at pom.ScholasticInternational_Home.<init>(ScholasticInternational_Home.java:19)
	at pom.ScholasticInternational_Home.<init>(ScholasticInternational_Home.java:19)
	at pom.ScholasticInternational_Home.<init>(ScholasticInternational_Home.java:19)
	at pom.ScholasticInternational_Home.<init>(ScholasticInternational_Home.java:19)
	at pom.ScholasticInternational_Home.<init>(ScholasticInternational_Home.java:19)
	at pom.ScholasticInternational_Home.<init>(ScholasticInternational_Home.java:19)
	at pom.ScholasticInternational_Home.<init>(ScholasticInternational_Home.java:19)
	at pom.ScholasticInternational_Home.<init>(ScholasticInternational_Home.java:19)
	at pom.ScholasticInternational_Home.<init>(ScholasticInternational_Home.java:19)
	at pom.ScholasticInternational_Home.<init>(ScholasticInternational_Home.java:19)
	at pom.ScholasticInternational_Home.<init>(ScholasticInternational_Home.java:19)
	at pom.ScholasticInternational_Home.<init>(ScholasticInternational_Home.java:19)
	at pom.ScholasticInternational_Home.<init>(ScholasticInternational_Home.java:19)
	at pom.ScholasticInternational_Home.<init>(ScholasticInternational_Home.java:19)
	at pom.ScholasticInternational_Home.<init>(ScholasticInternational_Home.java:19)
	at pom.ScholasticInternational_Home.<init>(ScholasticInternational_Home.java:19)
	at pom.ScholasticInternational_Home.<init>(ScholasticInternational_Home.java:19)
	at pom.ScholasticInternational_Home.<init>(ScholasticInternational_Home.java:19)
	at pom.ScholasticInternational_Home.<init>(ScholasticInternational_Home.java:19)
	at pom.ScholasticInternational_Home.<init>(ScholasticInternational_Home.java:19)
	at pom.ScholasticInternational_Home.<init>(ScholasticInternational_Home.java:19)
	at pom.ScholasticInternational_Home.<init>(ScholasticInternational_Home.java:19)
	at pom.ScholasticInternational_Home.<init>(ScholasticInternational_Home.java:19)
	at pom.ScholasticInternational_Home.<init>(ScholasticInternational_Home.java:19)
	at pom.ScholasticInternational_Home.<init>(ScholasticInternational_Home.java:19)
	at pom.ScholasticInternational_Home.<init>(ScholasticInternational_Home.java:19)
	at pom.ScholasticInternational_Home.<init>(ScholasticInternational_Home.java:19)
	at pom.ScholasticInternational_Home.<init>(ScholasticInternational_Home.java:19)
	at pom.ScholasticInternational_Home.<init>(ScholasticInternational_Home.java:19)
	at pom.ScholasticInternational_Home.<init>(ScholasticInternational_Home.java:19)
	at pom.ScholasticInternational_Home.<init>(ScholasticInternational_Home.java:19)
	at pom.ScholasticInternational_Home.<init>(ScholasticInternational_Home.java:19)
	at pom.ScholasticInternational_Home.<init>(ScholasticInternational_Home.java:19)
	at pom.ScholasticInternational_Home.<init>(ScholasticInternational_Home.java:19)
	at pom.ScholasticInternational_Home.<init>(ScholasticInternational_Home.java:19)
	at pom.ScholasticInternational_Home.<init>(ScholasticInternational_Home.java:19)
	at pom.ScholasticInternational_Home.<init>(ScholasticInternational_Home.java:19)
	at pom.ScholasticInternational_Home.<init>(ScholasticInternational_Home.java:19)
	at pom.ScholasticInternational_Home.<init>(ScholasticInternational_Home.java:19)
	at pom.ScholasticInternational_Home.<init>(ScholasticInternational_Home.java:19)
	at pom.ScholasticInternational_Home.<init>(ScholasticInternational_Home.java:19)
	at pom.ScholasticInternational_Home.<init>(ScholasticInternational_Home.java:19)
	at pom.ScholasticInternational_Home.<init>(ScholasticInternational_Home.java:19)
	at pom.ScholasticInternational_Home.<init>(ScholasticInternational_Home.java:19)
	at pom.ScholasticInternational_Home.<init>(ScholasticInternational_Home.java:19)
	at pom.ScholasticInternational_Home.<init>(ScholasticInternational_Home.java:19)
	at pom.ScholasticInternational_Home.<init>(ScholasticInternational_Home.java:19)
	at pom.ScholasticInternational_Home.<init>(ScholasticInternational_Home.java:19)
	at pom.ScholasticInternational_Home.<init>(ScholasticInternational_Home.java:19)
	at pom.ScholasticInternational_Home.<init>(ScholasticInternational_Home.java:19)
	at pom.ScholasticInternational_Home.<init>(ScholasticInternational_Home.java:19)
	at pom.ScholasticInternational_Home.<init>(ScholasticInternational_Home.java:19)
	at pom.ScholasticInternational_Home.<init>(ScholasticInternational_Home.java:19)
	at pom.ScholasticInternational_Home.<init>(ScholasticInternational_Home.java:19)
	at pom.ScholasticInternational_Home.<init>(ScholasticInternational_Home.java:19)
	at pom.ScholasticInternational_Home.<init>(ScholasticInternational_Home.java:19)
	at pom.ScholasticInternational_Home.<init>(ScholasticInternational_Home.java:19)
	at pom.ScholasticInternational_Home.<init>(ScholasticInternational_Home.java:19)
	at pom.ScholasticInternational_Home.<init>(ScholasticInternational_Home.java:19)
	at pom.ScholasticInternational_Home.<init>(ScholasticInternational_Home.java:19)
	at pom.ScholasticInternational_Home.<init>(ScholasticInternational_Home.java:19)
	at pom.ScholasticInternational_Home.<init>(ScholasticInternational_Home.java:19)
	at pom.ScholasticInternational_Home.<init>(ScholasticInternational_Home.java:19)
	at pom.ScholasticInternational_Home.<init>(ScholasticInternational_Home.java:19)
	at pom.ScholasticInternational_Home.<init>(ScholasticInternational_Home.java:19)
	at pom.ScholasticInternational_Home.<init>(ScholasticInternational_Home.java:19)
	at pom.ScholasticInternational_Home.<init>(ScholasticInternational_Home.java:19)
	at pom.ScholasticInternational_Home.<init>(ScholasticInternational_Home.java:19)
	at pom.ScholasticInternational_Home.<init>(ScholasticInternational_Home.java:19)
	at pom.ScholasticInternational_Home.<init>(ScholasticInternational_Home.java:19)
	at pom.ScholasticInternational_Home.<init>(ScholasticInternational_Home.java:19)
	at pom.ScholasticInternational_Home.<init>(ScholasticInternational_Home.java:19)
	at pom.ScholasticInternational_Home.<init>(ScholasticInternational_Home.java:19)
	at pom.ScholasticInternational_Home.<init>(ScholasticInternational_Home.java:19)
	at pom.ScholasticInternational_Home.<init>(ScholasticInternational_Home.java:19)
	at pom.ScholasticInternational_Home.<init>(ScholasticInternational_Home.java:19)
	at pom.ScholasticInternational_Home.<init>(ScholasticInternational_Home.java:19)
	at pom.ScholasticInternational_Home.<init>(ScholasticInternational_Home.java:19)
	at pom.ScholasticInternational_Home.<init>(ScholasticInternational_Home.java:19)
	at pom.ScholasticInternational_Home.<init>(ScholasticInternational_Home.java:19)
	at pom.ScholasticInternational_Home.<init>(ScholasticInternational_Home.java:19)
	at pom.ScholasticInternational_Home.<init>(ScholasticInternational_Home.java:19)
	at pom.ScholasticInternational_Home.<init>(ScholasticInternational_Home.java:19)
	at pom.ScholasticInternational_Home.<init>(ScholasticInternational_Home.java:19)
	at pom.ScholasticInternational_Home.<init>(ScholasticInternational_Home.java:19)
	at pom.ScholasticInternational_Home.<init>(ScholasticInternational_Home.java:19)
	at pom.ScholasticInternational_Home.<init>(ScholasticInternational_Home.java:19)
	at pom.ScholasticInternational_Home.<init>(ScholasticInternational_Home.java:19)
	at pom.ScholasticInternational_Home.<init>(ScholasticInternational_Home.java:19)
	at pom.ScholasticInternational_Home.<init>(ScholasticInternational_Home.java:19)
	at pom.ScholasticInternational_Home.<init>(ScholasticInternational_Home.java:19)
	at pom.ScholasticInternational_Home.<init>(ScholasticInternational_Home.java:19)
	at pom.ScholasticInternational_Home.<init>(ScholasticInternational_Home.java:19)
	at pom.ScholasticInternational_Home.<init>(ScholasticInternational_Home.java:19)
	at pom.ScholasticInternational_Home.<init>(ScholasticInternational_Home.java:19)
	at pom.ScholasticInternational_Home.<init>(ScholasticInternational_Home.java:19)
	at pom.ScholasticInternational_Home.<init>(ScholasticInternational_Home.java:19)
	at pom.ScholasticInternational_Home.<init>(ScholasticInternational_Home.java:19)
	at pom.ScholasticInternational_Home.<init>(ScholasticInternational_Home.java:19)
	at pom.ScholasticInternational_Home.<init>(ScholasticInternational_Home.java:19)
	at pom.ScholasticInternational_Home.<init>(ScholasticInternational_Home.java:19)
	at pom.ScholasticInternational_Home.<init>(ScholasticInternational_Home.java:19)
	at pom.ScholasticInternational_Home.<init>(ScholasticInternational_Home.java:19)
	at pom.ScholasticInternational_Home.<init>(ScholasticInternational_Home.java:19)
	at pom.ScholasticInternational_Home.<init>(ScholasticInternational_Home.java:19)
	at pom.ScholasticInternational_Home.<init>(ScholasticInternational_Home.java:19)
	at pom.ScholasticInternational_Home.<init>(ScholasticInternational_Home.java:19)
	at pom.ScholasticInternational_Home.<init>(ScholasticInternational_Home.java:19)
	at pom.ScholasticInternational_Home.<init>(ScholasticInternational_Home.java:19)
	at pom.ScholasticInternational_Home.<init>(ScholasticInternational_Home.java:19)
	at pom.ScholasticInternational_Home.<init>(ScholasticInternational_Home.java:19)
	at pom.ScholasticInternational_Home.<init>(ScholasticInternational_Home.java:19)
	at pom.ScholasticInternational_Home.<init>(ScholasticInternational_Home.java:19)
	at pom.ScholasticInternational_Home.<init>(ScholasticInternational_Home.java:19)
	at pom.ScholasticInternational_Home.<init>(ScholasticInternational_Home.java:19)
	at pom.ScholasticInternational_Home.<init>(ScholasticInternational_Home.java:19)
	at pom.ScholasticInternational_Home.<init>(ScholasticInternational_Home.java:19)
	at pom.ScholasticInternational_Home.<init>(ScholasticInternational_Home.java:19)
	at pom.ScholasticInternational_Home.<init>(ScholasticInternational_Home.java:19)
	at pom.ScholasticInternational_Home.<init>(ScholasticInternational_Home.java:19)
	at pom.ScholasticInternational_Home.<init>(ScholasticInternational_Home.java:19)
	at pom.ScholasticInternational_Home.<init>(ScholasticInternational_Home.java:19)
	at pom.ScholasticInternational_Home.<init>(ScholasticInternational_Home.java:19)
	at pom.ScholasticInternational_Home.<init>(ScholasticInternational_Home.java:19)
	at pom.ScholasticInternational_Home.<init>(ScholasticInternational_Home.java:19)
	at pom.ScholasticInternational_Home.<init>(ScholasticInternational_Home.java:19)
	at pom.ScholasticInternational_Home.<init>(ScholasticInternational_Home.java:19)
	at pom.ScholasticInternational_Home.<init>(ScholasticInternational_Home.java:19)
	at pom.ScholasticInternational_Home.<init>(ScholasticInternational_Home.java:19)
	at pom.ScholasticInternational_Home.<init>(ScholasticInternational_Home.java:19)
	at pom.ScholasticInternational_Home.<init>(ScholasticInternational_Home.java:19)
	at pom.ScholasticInternational_Home.<init>(ScholasticInternational_Home.java:19)
	at pom.ScholasticInternational_Home.<init>(ScholasticInternational_Home.java:19)
	at pom.ScholasticInternational_Home.<init>(ScholasticInternational_Home.java:19)
	at pom.ScholasticInternational_Home.<init>(ScholasticInternational_Home.java:19)
	at pom.ScholasticInternational_Home.<init>(ScholasticInternational_Home.java:19)
	at pom.ScholasticInternational_Home.<init>(ScholasticInternational_Home.java:19)
	at pom.ScholasticInternational_Home.<init>(ScholasticInternational_Home.java:19)
	at pom.ScholasticInternational_Home.<init>(ScholasticInternational_Home.java:19)
	at pom.ScholasticInternational_Home.<init>(ScholasticInternational_Home.java:19)
	at pom.ScholasticInternational_Home.<init>(ScholasticInternational_Home.java:19)
	at pom.ScholasticInternational_Home.<init>(ScholasticInternational_Home.java:19)
	at pom.ScholasticInternational_Home.<init>(ScholasticInternational_Home.java:19)
	at pom.ScholasticInternational_Home.<init>(ScholasticInternational_Home.java:19)
	at pom.ScholasticInternational_Home.<init>(ScholasticInternational_Home.java:19)
	at pom.ScholasticInternational_Home.<init>(ScholasticInternational_Home.java:19)
	at pom.ScholasticInternational_Home.<init>(ScholasticInternational_Home.java:19)
	at pom.ScholasticInternational_Home.<init>(ScholasticInternational_Home.java:19)
	at pom.ScholasticInternational_Home.<init>(ScholasticInternational_Home.java:19)
	at pom.ScholasticInternational_Home.<init>(ScholasticInternational_Home.java:19)
	at pom.ScholasticInternational_Home.<init>(ScholasticInternational_Home.java:19)
	at pom.ScholasticInternational_Home.<init>(ScholasticInternational_Home.java:19)
	at pom.ScholasticInternational_Home.<init>(ScholasticInternational_Home.java:19)
	at pom.ScholasticInternational_Home.<init>(ScholasticInternational_Home.java:19)
	at pom.ScholasticInternational_Home.<init>(ScholasticInternational_Home.java:19)
	at pom.ScholasticInternational_Home.<init>(ScholasticInternational_Home.java:19)
	at pom.ScholasticInternational_Home.<init>(ScholasticInternational_Home.java:19)
	at pom.ScholasticInternational_Home.<init>(ScholasticInternational_Home.java:19)
	at pom.ScholasticInternational_Home.<init>(ScholasticInternational_Home.java:19)
	at pom.ScholasticInternational_Home.<init>(ScholasticInternational_Home.java:19)
	at pom.ScholasticInternational_Home.<init>(ScholasticInternational_Home.java:19)
	at pom.ScholasticInternational_Home.<init>(ScholasticInternational_Home.java:19)
	at pom.ScholasticInternational_Home.<init>(ScholasticInternational_Home.java:19)
	at pom.ScholasticInternational_Home.<init>(ScholasticInternational_Home.java:19)
	at pom.ScholasticInternational_Home.<init>(ScholasticInternational_Home.java:19)
	at pom.ScholasticInternational_Home.<init>(ScholasticInternational_Home.java:19)
	at pom.ScholasticInternational_Home.<init>(ScholasticInternational_Home.java:19)
	at pom.ScholasticInternational_Home.<init>(ScholasticInternational_Home.java:19)
	at pom.ScholasticInternational_Home.<init>(ScholasticInternational_Home.java:19)
	at pom.ScholasticInternational_Home.<init>(ScholasticInternational_Home.java:19)
	at pom.ScholasticInternational_Home.<init>(ScholasticInternational_Home.java:19)
	at pom.ScholasticInternational_Home.<init>(ScholasticInternational_Home.java:19)
	at pom.ScholasticInternational_Home.<init>(ScholasticInternational_Home.java:19)
	at pom.ScholasticInternational_Home.<init>(ScholasticInternational_Home.java:19)
	at pom.ScholasticInternational_Home.<init>(ScholasticInternational_Home.java:19)
	at pom.ScholasticInternational_Home.<init>(ScholasticInternational_Home.java:19)
	at pom.ScholasticInternational_Home.<init>(ScholasticInternational_Home.java:19)
	at pom.ScholasticInternational_Home.<init>(ScholasticInternational_Home.java:19)
	at pom.ScholasticInternational_Home.<init>(ScholasticInternational_Home.java:19)
	at pom.ScholasticInternational_Home.<init>(ScholasticInternational_Home.java:19)
	at pom.ScholasticInternational_Home.<init>(ScholasticInternational_Home.java:19)
	at pom.ScholasticInternational_Home.<init>(ScholasticInternational_Home.java:19)
	at pom.ScholasticInternational_Home.<init>(ScholasticInternational_Home.java:19)
	at pom.ScholasticInternational_Home.<init>(ScholasticInternational_Home.java:19)
	at pom.ScholasticInternational_Home.<init>(ScholasticInternational_Home.java:19)
	at pom.ScholasticInternational_Home.<init>(ScholasticInternational_Home.java:19)
	at pom.ScholasticInternational_Home.<init>(ScholasticInternational_Home.java:19)
	at pom.ScholasticInternational_Home.<init>(ScholasticInternational_Home.java:19)
	at pom.ScholasticInternational_Home.<init>(ScholasticInternational_Home.java:19)
	at pom.ScholasticInternational_Home.<init>(ScholasticInternational_Home.java:19)
	at pom.ScholasticInternational_Home.<init>(ScholasticInternational_Home.java:19)
	at pom.ScholasticInternational_Home.<init>(ScholasticInternational_Home.java:19)
	at pom.ScholasticInternational_Home.<init>(ScholasticInternational_Home.java:19)
	at pom.ScholasticInternational_Home.<init>(ScholasticInternational_Home.java:19)
	at pom.ScholasticInternational_Home.<init>(ScholasticInternational_Home.java:19)
	at pom.ScholasticInternational_Home.<init>(ScholasticInternational_Home.java:19)
	at pom.ScholasticInternational_Home.<init>(ScholasticInternational_Home.java:19)
	at pom.ScholasticInternational_Home.<init>(ScholasticInternational_Home.java:19)
	at pom.ScholasticInternational_Home.<init>(ScholasticInternational_Home.java:19)
	at pom.ScholasticInternational_Home.<init>(ScholasticInternational_Home.java:19)
	at pom.ScholasticInternational_Home.<init>(ScholasticInternational_Home.java:19)
	at pom.ScholasticInternational_Home.<init>(ScholasticInternational_Home.java:19)
	at pom.ScholasticInternational_Home.<init>(ScholasticInternational_Home.java:19)
	at pom.ScholasticInternational_Home.<init>(ScholasticInternational_Home.java:19)
	at pom.ScholasticInternational_Home.<init>(ScholasticInternational_Home.java:19)
	at pom.ScholasticInternational_Home.<init>(ScholasticInternational_Home.java:19)
	at pom.ScholasticInternational_Home.<init>(ScholasticInternational_Home.java:19)
	at pom.ScholasticInternational_Home.<init>(ScholasticInternational_Home.java:19)
	at pom.ScholasticInternational_Home.<init>(ScholasticInternational_Home.java:19)
	at pom.ScholasticInternational_Home.<init>(ScholasticInternational_Home.java:19)
	at pom.ScholasticInternational_Home.<init>(ScholasticInternational_Home.java:19)
	at pom.ScholasticInternational_Home.<init>(ScholasticInternational_Home.java:19)
	at pom.ScholasticInternational_Home.<init>(ScholasticInternational_Home.java:19)
	at pom.ScholasticInternational_Home.<init>(ScholasticInternational_Home.java:19)
	at pom.ScholasticInternational_Home.<init>(ScholasticInternational_Home.java:19)
	at pom.ScholasticInternational_Home.<init>(ScholasticInternational_Home.java:19)
	at pom.ScholasticInternational_Home.<init>(ScholasticInternational_Home.java:19)
	at pom.ScholasticInternational_Home.<init>(ScholasticInternational_Home.java:19)
	at pom.ScholasticInternational_Home.<init>(ScholasticInternational_Home.java:19)
	at pom.ScholasticInternational_Home.<init>(ScholasticInternational_Home.java:19)
	at pom.ScholasticInternational_Home.<init>(ScholasticInternational_Home.java:19)
	at pom.ScholasticInternational_Home.<init>(ScholasticInternational_Home.java:19)
	at pom.ScholasticInternational_Home.<init>(ScholasticInternational_Home.java:19)
	at pom.ScholasticInternational_Home.<init>(ScholasticInternational_Home.java:19)
	at pom.ScholasticInternational_Home.<init>(ScholasticInternational_Home.java:19)
	at pom.ScholasticInternational_Home.<init>(ScholasticInternational_Home.java:19)
	at pom.ScholasticInternational_Home.<init>(ScholasticInternational_Home.java:19)
	at pom.ScholasticInternational_Home.<init>(ScholasticInternational_Home.java:19)
	at pom.ScholasticInternational_Home.<init>(ScholasticInternational_Home.java:19)
	at pom.ScholasticInternational_Home.<init>(ScholasticInternational_Home.java:19)
	at pom.ScholasticInternational_Home.<init>(ScholasticInternational_Home.java:19)
	at pom.ScholasticInternational_Home.<init>(ScholasticInternational_Home.java:19)
	at pom.ScholasticInternational_Home.<init>(ScholasticInternational_Home.java:19)
	at pom.ScholasticInternational_Home.<init>(ScholasticInternational_Home.java:19)
	at pom.ScholasticInternational_Home.<init>(ScholasticInternational_Home.java:19)
	at pom.ScholasticInternational_Home.<init>(ScholasticInternational_Home.java:19)
	at pom.ScholasticInternational_Home.<init>(ScholasticInternational_Home.java:19)
	at pom.ScholasticInternational_Home.<init>(ScholasticInternational_Home.java:19)
	at pom.ScholasticInternational_Home.<init>(ScholasticInternational_Home.java:19)
	at pom.ScholasticInternational_Home.<init>(ScholasticInternational_Home.java:19)
	at pom.ScholasticInternational_Home.<init>(ScholasticInternational_Home.java:19)
	at pom.ScholasticInternational_Home.<init>(ScholasticInternational_Home.java:19)
	at pom.ScholasticInternational_Home.<init>(ScholasticInternational_Home.java:19)
	at pom.ScholasticInternational_Home.<init>(ScholasticInternational_Home.java:19)
	at pom.ScholasticInternational_Home.<init>(ScholasticInternational_Home.java:19)
	at pom.ScholasticInternational_Home.<init>(ScholasticInternational_Home.java:19)
	at pom.ScholasticInternational_Home.<init>(ScholasticInternational_Home.java:19)
	at pom.ScholasticInternational_Home.<init>(ScholasticInternational_Home.java:19)
	at pom.ScholasticInternational_Home.<init>(ScholasticInternational_Home.java:19)
	at pom.ScholasticInternational_Home.<init>(ScholasticInternational_Home.java:19)
	at pom.ScholasticInternational_Home.<init>(ScholasticInternational_Home.java:19)
	at pom.ScholasticInternational_Home.<init>(ScholasticInternational_Home.java:19)
	at pom.ScholasticInternational_Home.<init>(ScholasticInternational_Home.java:19)
	at pom.ScholasticInternational_Home.<init>(ScholasticInternational_Home.java:19)
	at pom.ScholasticInternational_Home.<init>(ScholasticInternational_Home.java:19)
	at pom.ScholasticInternational_Home.<init>(ScholasticInternational_Home.java:19)
	at pom.ScholasticInternational_Home.<init>(ScholasticInternational_Home.java:19)
	at pom.ScholasticInternational_Home.<init>(ScholasticInternational_Home.java:19)
	at pom.ScholasticInternational_Home.<init>(ScholasticInternational_Home.java:19)
	at pom.ScholasticInternational_Home.<init>(ScholasticInternational_Home.java:19)
	at pom.ScholasticInternational_Home.<init>(ScholasticInternational_Home.java:19)
	at pom.ScholasticInternational_Home.<init>(ScholasticInternational_Home.java:19)
	at pom.ScholasticInternational_Home.<init>(ScholasticInternational_Home.java:19)
	at pom.ScholasticInternational_Home.<init>(ScholasticInternational_Home.java:19)
	at pom.ScholasticInternational_Home.<init>(ScholasticInternational_Home.java:19)
	at pom.ScholasticInternational_Home.<init>(ScholasticInternational_Home.java:19)
	at pom.ScholasticInternational_Home.<init>(ScholasticInternational_Home.java:19)
	at pom.ScholasticInternational_Home.<init>(ScholasticInternational_Home.java:19)
	at pom.ScholasticInternational_Home.<init>(ScholasticInternational_Home.java:19)
	at pom.ScholasticInternational_Home.<init>(ScholasticInternational_Home.java:19)
	at pom.ScholasticInternational_Home.<init>(ScholasticInternational_Home.java:19)
	at pom.ScholasticInternational_Home.<init>(ScholasticInternational_Home.java:19)
	at pom.ScholasticInternational_Home.<init>(ScholasticInternational_Home.java:19)
	at pom.ScholasticInternational_Home.<init>(ScholasticInternational_Home.java:19)
	at pom.ScholasticInternational_Home.<init>(ScholasticInternational_Home.java:19)
	at pom.ScholasticInternational_Home.<init>(ScholasticInternational_Home.java:19)
	at pom.ScholasticInternational_Home.<init>(ScholasticInternational_Home.java:19)
	at pom.ScholasticInternational_Home.<init>(ScholasticInternational_Home.java:19)
	at pom.ScholasticInternational_Home.<init>(ScholasticInternational_Home.java:19)
	at pom.ScholasticInternational_Home.<init>(ScholasticInternational_Home.java:19)
	at pom.ScholasticInternational_Home.<init>(ScholasticInternational_Home.java:19)
	at pom.ScholasticInternational_Home.<init>(ScholasticInternational_Home.java:19)
	at pom.ScholasticInternational_Home.<init>(ScholasticInternational_Home.java:19)
	at pom.ScholasticInternational_Home.<init>(ScholasticInternational_Home.java:19)
	at pom.ScholasticInternational_Home.<init>(ScholasticInternational_Home.java:19)
	at pom.ScholasticInternational_Home.<init>(ScholasticInternational_Home.java:19)
	at pom.ScholasticInternational_Home.<init>(ScholasticInternational_Home.java:19)
	at pom.ScholasticInternational_Home.<init>(ScholasticInternational_Home.java:19)
	at pom.ScholasticInternational_Home.<init>(ScholasticInternational_Home.java:19)
	at pom.ScholasticInternational_Home.<init>(ScholasticInternational_Home.java:19)
	at pom.ScholasticInternational_Home.<init>(ScholasticInternational_Home.java:19)
	at pom.ScholasticInternational_Home.<init>(ScholasticInternational_Home.java:19)
	at pom.ScholasticInternational_Home.<init>(ScholasticInternational_Home.java:19)
	at pom.ScholasticInternational_Home.<init>(ScholasticInternational_Home.java:19)
	at pom.ScholasticInternational_Home.<init>(ScholasticInternational_Home.java:19)
	at pom.ScholasticInternational_Home.<init>(ScholasticInternational_Home.java:19)
	at pom.ScholasticInternational_Home.<init>(ScholasticInternational_Home.java:19)
	at pom.ScholasticInternational_Home.<init>(ScholasticInternational_Home.java:19)
	at pom.ScholasticInternational_Home.<init>(ScholasticInternational_Home.java:19)
	at pom.ScholasticInternational_Home.<init>(ScholasticInternational_Home.java:19)
	at pom.ScholasticInternational_Home.<init>(ScholasticInternational_Home.java:19)
	at pom.ScholasticInternational_Home.<init>(ScholasticInternational_Home.java:19)
	at pom.ScholasticInternational_Home.<init>(ScholasticInternational_Home.java:19)
	at pom.ScholasticInternational_Home.<init>(ScholasticInternational_Home.java:19)
	at pom.ScholasticInternational_Home.<init>(ScholasticInternational_Home.java:19)
	at pom.ScholasticInternational_Home.<init>(ScholasticInternational_Home.java:19)
	at pom.ScholasticInternational_Home.<init>(ScholasticInternational_Home.java:19)
	at pom.ScholasticInternational_Home.<init>(ScholasticInternational_Home.java:19)
	at pom.ScholasticInternational_Home.<init>(ScholasticInternational_Home.java:19)
	at pom.ScholasticInternational_Home.<init>(ScholasticInternational_Home.java:19)
	at pom.ScholasticInternational_Home.<init>(ScholasticInternational_Home.java:19)
	at pom.ScholasticInternational_Home.<init>(ScholasticInternational_Home.java:19)
	at pom.ScholasticInternational_Home.<init>(ScholasticInternational_Home.java:19)
	at pom.ScholasticInternational_Home.<init>(ScholasticInternational_Home.java:19)
	at pom.ScholasticInternational_Home.<init>(ScholasticInternational_Home.java:19)
	at pom.ScholasticInternational_Home.<init>(ScholasticInternational_Home.java:19)
	at pom.ScholasticInternational_Home.<init>(ScholasticInternational_Home.java:19)
	at pom.ScholasticInternational_Home.<init>(ScholasticInternational_Home.java:19)
	at pom.ScholasticInternational_Home.<init>(ScholasticInternational_Home.java:19)
	at pom.ScholasticInternational_Home.<init>(ScholasticInternational_Home.java:19)
	at pom.ScholasticInternational_Home.<init>(ScholasticInternational_Home.java:19)
	at pom.ScholasticInternational_Home.<init>(ScholasticInternational_Home.java:19)
	at pom.ScholasticInternational_Home.<init>(ScholasticInternational_Home.java:19)
	at pom.ScholasticInternational_Home.<init>(ScholasticInternational_Home.java:19)
	at pom.ScholasticInternational_Home.<init>(ScholasticInternational_Home.java:19)
	at pom.ScholasticInternational_Home.<init>(ScholasticInternational_Home.java:19)
	at pom.ScholasticInternational_Home.<init>(ScholasticInternational_Home.java:19)
	at pom.ScholasticInternational_Home.<init>(ScholasticInternational_Home.java:19)
	at pom.ScholasticInternational_Home.<init>(ScholasticInternational_Home.java:19)
	at pom.ScholasticInternational_Home.<init>(ScholasticInternational_Home.java:19)
	at pom.ScholasticInternational_Home.<init>(ScholasticInternational_Home.java:19)
	at pom.ScholasticInternational_Home.<init>(ScholasticInternational_Home.java:19)
	at pom.ScholasticInternational_Home.<init>(ScholasticInternational_Home.java:19)
	at pom.ScholasticInternational_Home.<init>(ScholasticInternational_Home.java:19)
	at pom.ScholasticInternational_Home.<init>(ScholasticInternational_Home.java:19)
	at pom.ScholasticInternational_Home.<init>(ScholasticInternational_Home.java:19)
	at pom.ScholasticInternational_Home.<init>(ScholasticInternational_Home.java:19)
	at pom.ScholasticInternational_Home.<init>(ScholasticInternational_Home.java:19)
	at pom.ScholasticInternational_Home.<init>(ScholasticInternational_Home.java:19)
	at pom.ScholasticInternational_Home.<init>(ScholasticInternational_Home.java:19)
	at pom.ScholasticInternational_Home.<init>(ScholasticInternational_Home.java:19)
	at pom.ScholasticInternational_Home.<init>(ScholasticInternational_Home.java:19)
	at pom.ScholasticInternational_Home.<init>(ScholasticInternational_Home.java:19)
	at pom.ScholasticInternational_Home.<init>(ScholasticInternational_Home.java:19)
	at pom.ScholasticInternational_Home.<init>(ScholasticInternational_Home.java:19)
	at pom.ScholasticInternational_Home.<init>(ScholasticInternational_Home.java:19)
	at pom.ScholasticInternational_Home.<init>(ScholasticInternational_Home.java:19)
	at pom.ScholasticInternational_Home.<init>(ScholasticInternational_Home.java:19)
	at pom.ScholasticInternational_Home.<init>(ScholasticInternational_Home.java:19)
	at pom.ScholasticInternational_Home.<init>(ScholasticInternational_Home.java:19)
	at pom.ScholasticInternational_Home.<init>(ScholasticInternational_Home.java:19)
	at pom.ScholasticInternational_Home.<init>(ScholasticInternational_Home.java:19)
	at pom.ScholasticInternational_Home.<init>(ScholasticInternational_Home.java:19)
	at pom.ScholasticInternational_Home.<init>(ScholasticInternational_Home.java:19)
	at pom.ScholasticInternational_Home.<init>(ScholasticInternational_Home.java:19)
	at pom.ScholasticInternational_Home.<init>(ScholasticInternational_Home.java:19)
	at pom.ScholasticInternational_Home.<init>(ScholasticInternational_Home.java:19)
	at pom.ScholasticInternational_Home.<init>(ScholasticInternational_Home.java:19)
	at pom.ScholasticInternational_Home.<init>(ScholasticInternational_Home.java:19)
	at pom.ScholasticInternational_Home.<init>(ScholasticInternational_Home.java:19)
	at pom.ScholasticInternational_Home.<init>(ScholasticInternational_Home.java:19)
	at pom.ScholasticInternational_Home.<init>(ScholasticInternational_Home.java:19)
	at pom.ScholasticInternational_Home.<init>(ScholasticInternational_Home.java:19)
	at pom.ScholasticInternational_Home.<init>(ScholasticInternational_Home.java:19)
	at pom.ScholasticInternational_Home.<init>(ScholasticInternational_Home.java:19)
	at pom.ScholasticInternational_Home.<init>(ScholasticInternational_Home.java:19)
	at pom.ScholasticInternational_Home.<init>(ScholasticInternational_Home.java:19)
	at pom.ScholasticInternational_Home.<init>(ScholasticInternational_Home.java:19)
	at pom.ScholasticInternational_Home.<init>(ScholasticInternational_Home.java:19)
	at pom.ScholasticInternational_Home.<init>(ScholasticInternational_Home.java:19)
	at pom.ScholasticInternational_Home.<init>(ScholasticInternational_Home.java:19)
	at pom.ScholasticInternational_Home.<init>(ScholasticInternational_Home.java:19)
	at pom.ScholasticInternational_Home.<init>(ScholasticInternational_Home.java:19)
	at pom.ScholasticInternational_Home.<init>(ScholasticInternational_Home.java:19)
	at pom.ScholasticInternational_Home.<init>(ScholasticInternational_Home.java:19)
	at pom.ScholasticInternational_Home.<init>(ScholasticInternational_Home.java:19)
	at pom.ScholasticInternational_Home.<init>(ScholasticInternational_Home.java:19)
	at pom.ScholasticInternational_Home.<init>(ScholasticInternational_Home.java:19)
	at pom.ScholasticInternational_Home.<init>(ScholasticInternational_Home.java:19)
	at pom.ScholasticInternational_Home.<init>(ScholasticInternational_Home.java:19)
	at pom.ScholasticInternational_Home.<init>(ScholasticInternational_Home.java:19)
	at pom.ScholasticInternational_Home.<init>(ScholasticInternational_Home.java:19)
	at pom.ScholasticInternational_Home.<init>(ScholasticInternational_Home.java:19)
	at pom.ScholasticInternational_Home.<init>(ScholasticInternational_Home.java:19)
	at pom.ScholasticInternational_Home.<init>(ScholasticInternational_Home.java:19)
	at pom.ScholasticInternational_Home.<init>(ScholasticInternational_Home.java:19)
	at pom.ScholasticInternational_Home.<init>(ScholasticInternational_Home.java:19)
	at pom.ScholasticInternational_Home.<init>(ScholasticInternational_Home.java:19)
	at pom.ScholasticInternational_Home.<init>(ScholasticInternational_Home.java:19)
	at pom.ScholasticInternational_Home.<init>(ScholasticInternational_Home.java:19)
	at pom.ScholasticInternational_Home.<init>(ScholasticInternational_Home.java:19)
	at pom.ScholasticInternational_Home.<init>(ScholasticInternational_Home.java:19)
	at pom.ScholasticInternational_Home.<init>(ScholasticInternational_Home.java:19)
	at pom.ScholasticInternational_Home.<init>(ScholasticInternational_Home.java:19)
	at pom.ScholasticInternational_Home.<init>(ScholasticInternational_Home.java:19)
	at pom.ScholasticInternational_Home.<init>(ScholasticInternational_Home.java:19)
	at pom.ScholasticInternational_Home.<init>(ScholasticInternational_Home.java:19)
	at pom.ScholasticInternational_Home.<init>(ScholasticInternational_Home.java:19)
	at pom.ScholasticInternational_Home.<init>(ScholasticInternational_Home.java:19)
	at pom.ScholasticInternational_Home.<init>(ScholasticInternational_Home.java:19)
	at pom.ScholasticInternational_Home.<init>(ScholasticInternational_Home.java:19)
	at pom.ScholasticInternational_Home.<init>(ScholasticInternational_Home.java:19)
	at pom.ScholasticInternational_Home.<init>(ScholasticInternational_Home.java:19)
	at pom.ScholasticInternational_Home.<init>(ScholasticInternational_Home.java:19)
	at pom.ScholasticInternational_Home.<init>(ScholasticInternational_Home.java:19)
	at pom.ScholasticInternational_Home.<init>(ScholasticInternational_Home.java:19)
	at pom.ScholasticInternational_Home.<init>(ScholasticInternational_Home.java:19)
	at pom.ScholasticInternational_Home.<init>(ScholasticInternational_Home.java:19)
	at pom.ScholasticInternational_Home.<init>(ScholasticInternational_Home.java:19)
	at pom.ScholasticInternational_Home.<init>(ScholasticInternational_Home.java:19)
	at pom.ScholasticInternational_Home.<init>(ScholasticInternational_Home.java:19)
	at pom.ScholasticInternational_Home.<init>(ScholasticInternational_Home.java:19)
	at pom.ScholasticInternational_Home.<init>(ScholasticInternational_Home.java:19)
	at pom.ScholasticInternational_Home.<init>(ScholasticInternational_Home.java:19)
	at pom.ScholasticInternational_Home.<init>(ScholasticInternational_Home.java:19)
	at pom.ScholasticInternational_Home.<init>(ScholasticInternational_Home.java:19)
	at pom.ScholasticInternational_Home.<init>(ScholasticInternational_Home.java:19)
	at pom.ScholasticInternational_Home.<init>(ScholasticInternational_Home.java:19)
	at pom.ScholasticInternational_Home.<init>(ScholasticInternational_Home.java:19)
	at pom.ScholasticInternational_Home.<init>(ScholasticInternational_Home.java:19)
	at pom.ScholasticInternational_Home.<init>(ScholasticInternational_Home.java:19)
	at pom.ScholasticInternational_Home.<init>(ScholasticInternational_Home.java:19)
	at pom.ScholasticInternational_Home.<init>(ScholasticInternational_Home.java:19)
	at pom.ScholasticInternational_Home.<init>(ScholasticInternational_Home.java:19)
	at pom.ScholasticInternational_Home.<init>(ScholasticInternational_Home.java:19)
	at pom.ScholasticInternational_Home.<init>(ScholasticInternational_Home.java:19)
	at pom.ScholasticInternational_Home.<init>(ScholasticInternational_Home.java:19)
	at pom.ScholasticInternational_Home.<init>(ScholasticInternational_Home.java:19)
	at pom.ScholasticInternational_Home.<init>(ScholasticInternational_Home.java:19)
	at pom.ScholasticInternational_Home.<init>(ScholasticInternational_Home.java:19)
	at pom.ScholasticInternational_Home.<init>(ScholasticInternational_Home.java:19)
	at pom.ScholasticInternational_Home.<init>(ScholasticInternational_Home.java:19)
	at pom.ScholasticInternational_Home.<init>(ScholasticInternational_Home.java:19)
	at pom.ScholasticInternational_Home.<init>(ScholasticInternational_Home.java:19)
	at pom.ScholasticInternational_Home.<init>(ScholasticInternational_Home.java:19)
	at pom.ScholasticInternational_Home.<init>(ScholasticInternational_Home.java:19)
	at pom.ScholasticInternational_Home.<init>(ScholasticInternational_Home.java:19)
	at pom.ScholasticInternational_Home.<init>(ScholasticInternational_Home.java:19)
	at pom.ScholasticInternational_Home.<init>(ScholasticInternational_Home.java:19)
	at pom.ScholasticInternational_Home.<init>(ScholasticInternational_Home.java:19)
	at pom.ScholasticInternational_Home.<init>(ScholasticInternational_Home.java:19)
	at pom.ScholasticInternational_Home.<init>(ScholasticInternational_Home.java:19)
	at pom.ScholasticInternational_Home.<init>(ScholasticInternational_Home.java:19)
	at pom.ScholasticInternational_Home.<init>(ScholasticInternational_Home.java:19)
	at pom.ScholasticInternational_Home.<init>(ScholasticInternational_Home.java:19)
	at pom.ScholasticInternational_Home.<init>(ScholasticInternational_Home.java:19)
	at pom.ScholasticInternational_Home.<init>(ScholasticInternational_Home.java:19)
	at pom.ScholasticInternational_Home.<init>(ScholasticInternational_Home.java:19)
	at pom.ScholasticInternational_Home.<init>(ScholasticInternational_Home.java:19)
	at pom.ScholasticInternational_Home.<init>(ScholasticInternational_Home.java:19)
	at pom.ScholasticInternational_Home.<init>(ScholasticInternational_Home.java:19)
	at pom.ScholasticInternational_Home.<init>(ScholasticInternational_Home.java:19)
	at pom.ScholasticInternational_Home.<init>(ScholasticInternational_Home.java:19)
	at pom.ScholasticInternational_Home.<init>(ScholasticInternational_Home.java:19)
	at pom.ScholasticInternational_Home.<init>(ScholasticInternational_Home.java:19)
	at pom.ScholasticInternational_Home.<init>(ScholasticInternational_Home.java:19)
	at pom.ScholasticInternational_Home.<init>(ScholasticInternational_Home.java:19)
	at pom.ScholasticInternational_Home.<init>(ScholasticInternational_Home.java:19)
	at pom.ScholasticInternational_Home.<init>(ScholasticInternational_Home.java:19)
	at pom.ScholasticInternational_Home.<init>(ScholasticInternational_Home.java:19)
	at pom.ScholasticInternational_Home.<init>(ScholasticInternational_Home.java:19)
	at pom.ScholasticInternational_Home.<init>(ScholasticInternational_Home.java:19)
	at pom.ScholasticInternational_Home.<init>(ScholasticInternational_Home.java:19)
	at pom.ScholasticInternational_Home.<init>(ScholasticInternational_Home.java:19)
	at pom.ScholasticInternational_Home.<init>(ScholasticInternational_Home.java:19)
	at pom.ScholasticInternational_Home.<init>(ScholasticInternational_Home.java:19)
	at pom.ScholasticInternational_Home.<init>(ScholasticInternational_Home.java:19)
	at pom.ScholasticInternational_Home.<init>(ScholasticInternational_Home.java:19)
	at pom.ScholasticInternational_Home.<init>(ScholasticInternational_Home.java:19)
	at pom.ScholasticInternational_Home.<init>(ScholasticInternational_Home.java:19)
	at pom.ScholasticInternational_Home.<init>(ScholasticInternational_Home.java:19)
	at pom.ScholasticInternational_Home.<init>(ScholasticInternational_Home.java:19)
	at pom.ScholasticInternational_Home.<init>(ScholasticInternational_Home.java:19)
	at pom.ScholasticInternational_Home.<init>(ScholasticInternational_Home.java:19)
	at pom.ScholasticInternational_Home.<init>(ScholasticInternational_Home.java:19)
	at pom.ScholasticInternational_Home.<init>(ScholasticInternational_Home.java:19)
	at pom.ScholasticInternational_Home.<init>(ScholasticInternational_Home.java:19)
	at pom.ScholasticInternational_Home.<init>(ScholasticInternational_Home.java:19)
	at pom.ScholasticInternational_Home.<init>(ScholasticInternational_Home.java:19)
	at pom.ScholasticInternational_Home.<init>(ScholasticInternational_Home.java:19)
	at pom.ScholasticInternational_Home.<init>(ScholasticInternational_Home.java:19)
	at pom.ScholasticInternational_Home.<init>(ScholasticInternational_Home.java:19)
	at pom.ScholasticInternational_Home.<init>(ScholasticInternational_Home.java:19)
	at pom.ScholasticInternational_Home.<init>(ScholasticInternational_Home.java:19)
	at pom.ScholasticInternational_Home.<init>(ScholasticInternational_Home.java:19)
	at pom.ScholasticInternational_Home.<init>(ScholasticInternational_Home.java:19)
	at pom.ScholasticInternational_Home.<init>(ScholasticInternational_Home.java:19)
	at pom.ScholasticInternational_Home.<init>(ScholasticInternational_Home.java:19)
	at pom.ScholasticInternational_Home.<init>(ScholasticInternational_Home.java:19)
	at pom.ScholasticInternational_Home.<init>(ScholasticInternational_Home.java:19)
	at pom.ScholasticInternational_Home.<init>(ScholasticInternational_Home.java:19)
	at pom.ScholasticInternational_Home.<init>(ScholasticInternational_Home.java:19)
	at pom.ScholasticInternational_Home.<init>(ScholasticInternational_Home.java:19)
	at pom.ScholasticInternational_Home.<init>(ScholasticInternational_Home.java:19)
	at pom.ScholasticInternational_Home.<init>(ScholasticInternational_Home.java:19)
	at pom.ScholasticInternational_Home.<init>(ScholasticInternational_Home.java:19)
	at pom.ScholasticInternational_Home.<init>(ScholasticInternational_Home.java:19)
	at pom.ScholasticInternational_Home.<init>(ScholasticInternational_Home.java:19)
	at pom.ScholasticInternational_Home.<init>(ScholasticInternational_Home.java:19)
	at pom.ScholasticInternational_Home.<init>(ScholasticInternational_Home.java:19)
	at pom.ScholasticInternational_Home.<init>(ScholasticInternational_Home.java:19)
	at pom.ScholasticInternational_Home.<init>(ScholasticInternational_Home.java:19)
	at pom.ScholasticInternational_Home.<init>(ScholasticInternational_Home.java:19)
	at pom.ScholasticInternational_Home.<init>(ScholasticInternational_Home.java:19)
	at pom.ScholasticInternational_Home.<init>(ScholasticInternational_Home.java:19)
	at pom.ScholasticInternational_Home.<init>(ScholasticInternational_Home.java:19)
	at pom.ScholasticInternational_Home.<init>(ScholasticInternational_Home.java:19)
	at pom.ScholasticInternational_Home.<init>(ScholasticInternational_Home.java:19)
	at pom.ScholasticInternational_Home.<init>(ScholasticInternational_Home.java:19)
	at pom.ScholasticInternational_Home.<init>(ScholasticInternational_Home.java:19)
	at pom.ScholasticInternational_Home.<init>(ScholasticInternational_Home.java:19)
	at pom.ScholasticInternational_Home.<init>(ScholasticInternational_Home.java:19)
	at pom.ScholasticInternational_Home.<init>(ScholasticInternational_Home.java:19)
	at pom.ScholasticInternational_Home.<init>(ScholasticInternational_Home.java:19)
	at pom.ScholasticInternational_Home.<init>(ScholasticInternational_Home.java:19)
	at pom.ScholasticInternational_Home.<init>(ScholasticInternational_Home.java:19)
	at pom.ScholasticInternational_Home.<init>(ScholasticInternational_Home.java:19)
	at pom.ScholasticInternational_Home.<init>(ScholasticInternational_Home.java:19)
	at pom.ScholasticInternational_Home.<init>(ScholasticInternational_Home.java:19)
	at pom.ScholasticInternational_Home.<init>(ScholasticInternational_Home.java:19)
	at pom.ScholasticInternational_Home.<init>(ScholasticInternational_Home.java:19)
	at pom.ScholasticInternational_Home.<init>(ScholasticInternational_Home.java:19)
	at pom.ScholasticInternational_Home.<init>(ScholasticInternational_Home.java:19)
	at pom.ScholasticInternational_Home.<init>(ScholasticInternational_Home.java:19)
	at pom.ScholasticInternational_Home.<init>(ScholasticInternational_Home.java:19)
	at pom.ScholasticInternational_Home.<init>(ScholasticInternational_Home.java:19)
	at pom.ScholasticInternational_Home.<init>(ScholasticInternational_Home.java:19)
	at pom.ScholasticInternational_Home.<init>(ScholasticInternational_Home.java:19)
	at pom.ScholasticInternational_Home.<init>(ScholasticInternational_Home.java:19)
	at pom.ScholasticInternational_Home.<init>(ScholasticInternational_Home.java:19)
	at pom.ScholasticInternational_Home.<init>(ScholasticInternational_Home.java:19)
	at pom.ScholasticInternational_Home.<init>(ScholasticInternational_Home.java:19)
	at pom.ScholasticInternational_Home.<init>(ScholasticInternational_Home.java:19)
	at pom.ScholasticInternational_Home.<init>(ScholasticInternational_Home.java:19)
	at pom.ScholasticInternational_Home.<init>(ScholasticInternational_Home.java:19)
	at pom.ScholasticInternational_Home.<init>(ScholasticInternational_Home.java:19)
	at pom.ScholasticInternational_Home.<init>(ScholasticInternational_Home.java:19)
	at pom.ScholasticInternational_Home.<init>(ScholasticInternational_Home.java:19)
	at pom.ScholasticInternational_Home.<init>(ScholasticInternational_Home.java:19)
	at pom.ScholasticInternational_Home.<init>(ScholasticInternational_Home.java:19)
	at pom.ScholasticInternational_Home.<init>(ScholasticInternational_Home.java:19)
	at pom.ScholasticInternational_Home.<init>(ScholasticInternational_Home.java:19)
	at pom.ScholasticInternational_Home.<init>(ScholasticInternational_Home.java:19)
	at pom.ScholasticInternational_Home.<init>(ScholasticInternational_Home.java:19)
	at pom.ScholasticInternational_Home.<init>(ScholasticInternational_Home.java:19)
	at pom.ScholasticInternational_Home.<init>(ScholasticInternational_Home.java:19)
	at pom.ScholasticInternational_Home.<init>(ScholasticInternational_Home.java:19)
	at pom.ScholasticInternational_Home.<init>(ScholasticInternational_Home.java:19)
	at pom.ScholasticInternational_Home.<init>(ScholasticInternational_Home.java:19)
	at pom.ScholasticInternational_Home.<init>(ScholasticInternational_Home.java:19)
	at pom.ScholasticInternational_Home.<init>(ScholasticInternational_Home.java:19)
	at pom.ScholasticInternational_Home.<init>(ScholasticInternational_Home.java:19)
	at pom.ScholasticInternational_Home.<init>(ScholasticInternational_Home.java:19)
	at pom.ScholasticInternational_Home.<init>(ScholasticInternational_Home.java:19)
	at pom.ScholasticInternational_Home.<init>(ScholasticInternational_Home.java:19)
	at pom.ScholasticInternational_Home.<init>(ScholasticInternational_Home.java:19)
	at pom.ScholasticInternational_Home.<init>(ScholasticInternational_Home.java:19)
	at pom.ScholasticInternational_Home.<init>(ScholasticInternational_Home.java:19)
	at pom.ScholasticInternational_Home.<init>(ScholasticInternational_Home.java:19)
	at pom.ScholasticInternational_Home.<init>(ScholasticInternational_Home.java:19)
	at pom.ScholasticInternational_Home.<init>(ScholasticInternational_Home.java:19)
	at pom.ScholasticInternational_Home.<init>(ScholasticInternational_Home.java:19)
	at pom.ScholasticInternational_Home.<init>(ScholasticInternational_Home.java:19)
	at pom.ScholasticInternational_Home.<init>(ScholasticInternational_Home.java:19)
	at pom.ScholasticInternational_Home.<init>(ScholasticInternational_Home.java:19)
	at pom.ScholasticInternational_Home.<init>(ScholasticInternational_Home.java:19)
	at pom.ScholasticInternational_Home.<init>(ScholasticInternational_Home.java:19)
	at pom.ScholasticInternational_Home.<init>(ScholasticInternational_Home.java:19)
	at pom.ScholasticInternational_Home.<init>(ScholasticInternational_Home.java:19)
	at pom.ScholasticInternational_Home.<init>(ScholasticInternational_Home.java:19)
	at pom.ScholasticInternational_Home.<init>(ScholasticInternational_Home.java:19)
	at pom.ScholasticInternational_Home.<init>(ScholasticInternational_Home.java:19)
	at pom.ScholasticInternational_Home.<init>(ScholasticInternational_Home.java:19)
	at pom.ScholasticInternational_Home.<init>(ScholasticInternational_Home.java:19)
	at pom.ScholasticInternational_Home.<init>(ScholasticInternational_Home.java:19)
	at pom.ScholasticInternational_Home.<init>(ScholasticInternational_Home.java:19)
	at pom.ScholasticInternational_Home.<init>(ScholasticInternational_Home.java:19)
	at pom.ScholasticInternational_Home.<init>(ScholasticInternational_Home.java:19)
	at pom.ScholasticInternational_Home.<init>(ScholasticInternational_Home.java:19)
	at pom.ScholasticInternational_Home.<init>(ScholasticInternational_Home.java:19)
	at pom.ScholasticInternational_Home.<init>(ScholasticInternational_Home.java:19)
	at pom.ScholasticInternational_Home.<init>(ScholasticInternational_Home.java:19)
	at pom.ScholasticInternational_Home.<init>(ScholasticInternational_Home.java:19)
	at pom.ScholasticInternational_Home.<init>(ScholasticInternational_Home.java:19)
	at pom.ScholasticInternational_Home.<init>(ScholasticInternational_Home.java:19)
	at pom.ScholasticInternational_Home.<init>(ScholasticInternational_Home.java:19)
	at pom.ScholasticInternational_Home.<init>(ScholasticInternational_Home.java:19)
	at pom.ScholasticInternational_Home.<init>(ScholasticInternational_Home.java:19)
	at pom.ScholasticInternational_Home.<init>(ScholasticInternational_Home.java:19)
	at pom.ScholasticInternational_Home.<init>(ScholasticInternational_Home.java:19)
	at pom.ScholasticInternational_Home.<init>(ScholasticInternational_Home.java:19)
	at pom.ScholasticInternational_Home.<init>(ScholasticInternational_Home.java:19)
	at pom.ScholasticInternational_Home.<init>(ScholasticInternational_Home.java:19)
	at pom.ScholasticInternational_Home.<init>(ScholasticInternational_Home.java:19)
	at pom.ScholasticInternational_Home.<init>(ScholasticInternational_Home.java:19)
	at pom.ScholasticInternational_Home.<init>(ScholasticInternational_Home.java:19)
	at pom.ScholasticInternational_Home.<init>(ScholasticInternational_Home.java:19)
	at pom.ScholasticInternational_Home.<init>(ScholasticInternational_Home.java:19)
	at pom.ScholasticInternational_Home.<init>(ScholasticInternational_Home.java:19)
	at pom.ScholasticInternational_Home.<init>(ScholasticInternational_Home.java:19)
	at pom.ScholasticInternational_Home.<init>(ScholasticInternational_Home.java:19)
	at pom.ScholasticInternational_Home.<init>(ScholasticInternational_Home.java:19)
	at pom.ScholasticInternational_Home.<init>(ScholasticInternational_Home.java:19)
	at pom.ScholasticInternational_Home.<init>(ScholasticInternational_Home.java:19)
	at pom.ScholasticInternational_Home.<init>(ScholasticInternational_Home.java:19)
	at pom.ScholasticInternational_Home.<init>(ScholasticInternational_Home.java:19)
	at pom.ScholasticInternational_Home.<init>(ScholasticInternational_Home.java:19)
	at pom.ScholasticInternational_Home.<init>(ScholasticInternational_Home.java:19)
	at pom.ScholasticInternational_Home.<init>(ScholasticInternational_Home.java:19)
	at pom.ScholasticInternational_Home.<init>(ScholasticInternational_Home.java:19)
	at pom.ScholasticInternational_Home.<init>(ScholasticInternational_Home.java:19)
	at pom.ScholasticInternational_Home.<init>(ScholasticInternational_Home.java:19)
	at pom.ScholasticInternational_Home.<init>(ScholasticInternational_Home.java:19)
	at pom.ScholasticInternational_Home.<init>(ScholasticInternational_Home.java:19)
	at pom.ScholasticInternational_Home.<init>(ScholasticInternational_Home.java:19)
	at pom.ScholasticInternational_Home.<init>(ScholasticInternational_Home.java:19)
	at pom.ScholasticInternational_Home.<init>(ScholasticInternational_Home.java:19)
	at pom.ScholasticInternational_Home.<init>(ScholasticInternational_Home.java:19)
	at pom.ScholasticInternational_Home.<init>(ScholasticInternational_Home.java:19)
	at pom.ScholasticInternational_Home.<init>(ScholasticInternational_Home.java:19)
	at pom.ScholasticInternational_Home.<init>(ScholasticInternational_Home.java:19)
	at pom.ScholasticInternational_Home.<init>(ScholasticInternational_Home.java:19)
	at pom.ScholasticInternational_Home.<init>(ScholasticInternational_Home.java:19)
	at pom.ScholasticInternational_Home.<init>(ScholasticInternational_Home.java:19)
	at pom.ScholasticInternational_Home.<init>(ScholasticInternational_Home.java:19)
	at pom.ScholasticInternational_Home.<init>(ScholasticInternational_Home.java:19)
	at pom.ScholasticInternational_Home.<init>(ScholasticInternational_Home.java:19)
	at pom.ScholasticInternational_Home.<init>(ScholasticInternational_Home.java:19)
	at pom.ScholasticInternational_Home.<init>(ScholasticInternational_Home.java:19)
	at pom.ScholasticInternational_Home.<init>(ScholasticInternational_Home.java:19)
	at pom.ScholasticInternational_Home.<init>(ScholasticInternational_Home.java:19)
	at pom.ScholasticInternational_Home.<init>(ScholasticInternational_Home.java:19)
	at pom.ScholasticInternational_Home.<init>(ScholasticInternational_Home.java:19)
	at pom.ScholasticInternational_Home.<init>(ScholasticInternational_Home.java:19)
	at pom.ScholasticInternational_Home.<init>(ScholasticInternational_Home.java:19)
	at pom.ScholasticInternational_Home.<init>(ScholasticInternational_Home.java:19)
	at pom.ScholasticInternational_Home.<init>(ScholasticInternational_Home.java:19)
	at pom.ScholasticInternational_Home.<init>(ScholasticInternational_Home.java:19)
	at pom.ScholasticInternational_Home.<init>(ScholasticInternational_Home.java:19)
	at pom.ScholasticInternational_Home.<init>(ScholasticInternational_Home.java:19)
	at pom.ScholasticInternational_Home.<init>(ScholasticInternational_Home.java:19)
	at pom.ScholasticInternational_Home.<init>(ScholasticInternational_Home.java:19)
	at pom.ScholasticInternational_Home.<init>(ScholasticInternational_Home.java:19)
	at pom.ScholasticInternational_Home.<init>(ScholasticInternational_Home.java:19)
	at pom.ScholasticInternational_Home.<init>(ScholasticInternational_Home.java:19)
	at pom.ScholasticInternational_Home.<init>(ScholasticInternational_Home.java:19)
	at pom.ScholasticInternational_Home.<init>(ScholasticInternational_Home.java:19)
	at pom.ScholasticInternational_Home.<init>(ScholasticInternational_Home.java:19)
	at pom.ScholasticInternational_Home.<init>(ScholasticInternational_Home.java:19)
	at pom.ScholasticInternational_Home.<init>(ScholasticInternational_Home.java:19)
	at pom.ScholasticInternational_Home.<init>(ScholasticInternational_Home.java:19)
	at pom.ScholasticInternational_Home.<init>(ScholasticInternational_Home.java:19)
	at pom.ScholasticInternational_Home.<init>(ScholasticInternational_Home.java:19)
	at pom.ScholasticInternational_Home.<init>(ScholasticInternational_Home.java:19)
	at pom.ScholasticInternational_Home.<init>(ScholasticInternational_Home.java:19)
	at pom.ScholasticInternational_Home.<init>(ScholasticInternational_Home.java:19)
	at pom.ScholasticInternational_Home.<init>(ScholasticInternational_Home.java:19)
	at pom.ScholasticInternational_Home.<init>(ScholasticInternational_Home.java:19)
	at pom.ScholasticInternational_Home.<init>(ScholasticInternational_Home.java:19)
	at pom.ScholasticInternational_Home.<init>(ScholasticInternational_Home.java:19)
	at pom.ScholasticInternational_Home.<init>(ScholasticInternational_Home.java:19)
	at pom.ScholasticInternational_Home.<init>(ScholasticInternational_Home.java:19)
	at pom.ScholasticInternational_Home.<init>(ScholasticInternational_Home.java:19)
	at pom.ScholasticInternational_Home.<init>(ScholasticInternational_Home.java:19)
	at pom.ScholasticInternational_Home.<init>(ScholasticInternational_Home.java:19)
	at pom.ScholasticInternational_Home.<init>(ScholasticInternational_Home.java:19)
	at pom.ScholasticInternational_Home.<init>(ScholasticInternational_Home.java:19)
	at pom.ScholasticInternational_Home.<init>(ScholasticInternational_Home.java:19)
	at pom.ScholasticInternational_Home.<init>(ScholasticInternational_Home.java:19)
	at pom.ScholasticInternational_Home.<init>(ScholasticInternational_Home.java:19)
	at pom.ScholasticInternational_Home.<init>(ScholasticInternational_Home.java:19)
	at pom.ScholasticInternational_Home.<init>(ScholasticInternational_Home.java:19)
	at pom.ScholasticInternational_Home.<init>(ScholasticInternational_Home.java:19)
	at pom.ScholasticInternational_Home.<init>(ScholasticInternational_Home.java:19)
	at pom.ScholasticInternational_Home.<init>(ScholasticInternational_Home.java:19)
	at pom.ScholasticInternational_Home.<init>(ScholasticInternational_Home.java:19)
	at pom.ScholasticInternational_Home.<init>(ScholasticInternational_Home.java:19)
	at pom.ScholasticInternational_Home.<init>(ScholasticInternational_Home.java:19)
	at pom.ScholasticInternational_Home.<init>(ScholasticInternational_Home.java:19)
	at pom.ScholasticInternational_Home.<init>(ScholasticInternational_Home.java:19)
	at pom.ScholasticInternational_Home.<init>(ScholasticInternational_Home.java:19)
	at pom.ScholasticInternational_Home.<init>(ScholasticInternational_Home.java:19)
	at pom.ScholasticInternational_Home.<init>(ScholasticInternational_Home.java:19)
	at pom.ScholasticInternational_Home.<init>(ScholasticInternational_Home.java:19)
	at pom.ScholasticInternational_Home.<init>(ScholasticInternational_Home.java:19)
	at pom.ScholasticInternational_Home.<init>(ScholasticInternational_Home.java:19)
	at pom.ScholasticInternational_Home.<init>(ScholasticInternational_Home.java:19)
	at pom.ScholasticInternational_Home.<init>(ScholasticInternational_Home.java:19)
	at pom.ScholasticInternational_Home.<init>(ScholasticInternational_Home.java:19)
	at pom.ScholasticInternational_Home.<init>(ScholasticInternational_Home.java:19)
	at pom.ScholasticInternational_Home.<init>(ScholasticInternational_Home.java:19)
	at pom.ScholasticInternational_Home.<init>(ScholasticInternational_Home.java:19)
	at pom.ScholasticInternational_Home.<init>(ScholasticInternational_Home.java:19)
	at pom.ScholasticInternational_Home.<init>(ScholasticInternational_Home.java:19)
	at pom.ScholasticInternational_Home.<init>(ScholasticInternational_Home.java:19)
	at pom.ScholasticInternational_Home.<init>(ScholasticInternational_Home.java:19)
	at pom.ScholasticInternational_Home.<init>(ScholasticInternational_Home.java:19)
	at pom.ScholasticInternational_Home.<init>(ScholasticInternational_Home.java:19)
[...]
	at pom.ScholasticInternational_Home.<init>(ScholasticInternational_Home.java:19)
	at pom.ScholasticInternational_Home.<init>(ScholasticInternational_Home.java:19)
	at pom.ScholasticInternational_Home.<init>(ScholasticInternational_Home.java:19)
	at pom.ScholasticInternational_Home.<init>(ScholasticInternational_Home.java:19)
	at pom.ScholasticInternational_Home.<init>(ScholasticInternational_Home.java:19)
	at pom.ScholasticInternational_Home.<init>(ScholasticInternational_Home.java:19)
	at pom.ScholasticInternational_Home.<init>(ScholasticInternational_Home.java:19)
	at pom.ScholasticInternational_Home.<init>(ScholasticInternational_Home.java:19)
	at pom.ScholasticInternational_Home.<init>(ScholasticInternational_Home.java:19)
	at pom.ScholasticInternational_Home.<init>(ScholasticInternational_Home.java:19)
	at pom.ScholasticInternational_Home.<init>(ScholasticInternational_Home.java:19)
	at pom.ScholasticInternational_Home.<init>(ScholasticInternational_Home.java:19)
	at pom.ScholasticInternational_Home.<init>(ScholasticInternational_Home.java:19)
	at pom.ScholasticInternational_Home.<init>(ScholasticInternational_Home.java:19)
	at pom.ScholasticInternational_Home.<init>(ScholasticInternational_Home.java:19)
	at pom.ScholasticInternational_Home.<init>(ScholasticInternational_Home.java:19)
	at pom.ScholasticInternational_Home.<init>(ScholasticInternational_Home.java:19)
	at pom.ScholasticInternational_Home.<init>(ScholasticInternational_Home.java:19)
	at pom.ScholasticInternational_Home.<init>(ScholasticInternational_Home.java:19)
	at pom.ScholasticInternational_Home.<init>(ScholasticInternational_Home.java:19)
	at pom.ScholasticInternational_Home.<init>(ScholasticInternational_Home.java:19)
	at pom.ScholasticInternational_Home.<init>(ScholasticInternational_Home.java:19)
	at pom.ScholasticInternational_Home.<init>(ScholasticInternational_Home.java:19)
	at pom.ScholasticInternational_Home.<init>(ScholasticInternational_Home.java:19)
	at pom.ScholasticInternational_Home.<init>(ScholasticInternational_Home.java:19)
	at pom.ScholasticInternational_Home.<init>(ScholasticInternational_Home.java:19)
	at pom.ScholasticInternational_Home.<init>(ScholasticInternational_Home.java:19)
	at pom.ScholasticInternational_Home.<init>(ScholasticInternational_Home.java:19)
	at pom.ScholasticInternational_Home.<init>(ScholasticInternational_Home.java:19)
	at pom.ScholasticInternational_Home.<init>(ScholasticInternational_Home.java:19)
	at pom.ScholasticInternational_Home.<init>(ScholasticInternational_Home.java:19)
	at pom.ScholasticInternational_Home.<init>(ScholasticInternational_Home.java:19)
	at pom.ScholasticInternational_Home.<init>(ScholasticInternational_Home.java:19)
	at pom.ScholasticInternational_Home.<init>(ScholasticInternational_Home.java:19)
	at pom.ScholasticInternational_Home.<init>(ScholasticInternational_Home.java:19)
	at pom.ScholasticInternational_Home.<init>(ScholasticInternational_Home.java:19)
	at pom.ScholasticInternational_Home.<init>(ScholasticInternational_Home.java:19)
	at pom.ScholasticInternational_Home.<init>(ScholasticInternational_Home.java:19)
	at pom.ScholasticInternational_Home.<init>(ScholasticInternational_Home.java:19)
	at pom.ScholasticInternational_Home.<init>(ScholasticInternational_Home.java:19)
	at pom.ScholasticInternational_Home.<init>(ScholasticInternational_Home.java:19)
	at pom.ScholasticInternational_Home.<init>(ScholasticInternational_Home.java:19)
	at pom.ScholasticInternational_Home.<init>(ScholasticInternational_Home.java:19)
	at pom.ScholasticInternational_Home.<init>(ScholasticInternational_Home.java:19)
	at pom.ScholasticInternational_Home.<init>(ScholasticInternational_Home.java:19)
	at pom.ScholasticInternational_Home.<init>(ScholasticInternational_Home.java:19)
	at pom.ScholasticInternational_Home.<init>(ScholasticInternational_Home.java:19)
	at pom.ScholasticInternational_Home.<init>(ScholasticInternational_Home.java:19)
	at pom.ScholasticInternational_Home.<init>(ScholasticInternational_Home.java:19)
	at pom.ScholasticInternational_Home.<init>(ScholasticInternational_Home.java:19)
	at pom.ScholasticInternational_Home.<init>(ScholasticInternational_Home.java:19)
	at pom.ScholasticInternational_Home.<init>(ScholasticInternational_Home.java:19)
	at pom.ScholasticInternational_Home.<init>(ScholasticInternational_Home.java:19)
	at pom.ScholasticInternational_Home.<init>(ScholasticInternational_Home.java:19)
	at pom.ScholasticInternational_Home.<init>(ScholasticInternational_Home.java:19)
	at pom.ScholasticInternational_Home.<init>(ScholasticInternational_Home.java:19)
	at pom.ScholasticInternational_Home.<init>(ScholasticInternational_Home.java:19)
	at pom.ScholasticInternational_Home.<init>(ScholasticInternational_Home.java:19)
	at pom.ScholasticInternational_Home.<init>(ScholasticInternational_Home.java:19)
	at pom.ScholasticInternational_Home.<init>(ScholasticInternational_Home.java:19)
	at pom.ScholasticInternational_Home.<init>(ScholasticInternational_Home.java:19)
	at pom.ScholasticInternational_Home.<init>(ScholasticInternational_Home.java:19)
	at pom.ScholasticInternational_Home.<init>(ScholasticInternational_Home.java:19)
	at pom.ScholasticInternational_Home.<init>(ScholasticInternational_Home.java:19)
	at pom.ScholasticInternational_Home.<init>(ScholasticInternational_Home.java:19)
	at pom.ScholasticInternational_Home.<init>(ScholasticInternational_Home.java:19)
	at pom.ScholasticInternational_Home.<init>(ScholasticInternational_Home.java:19)
	at pom.ScholasticInternational_Home.<init>(ScholasticInternational_Home.java:19)
	at pom.ScholasticInternational_Home.<init>(ScholasticInternational_Home.java:19)
	at pom.ScholasticInternational_Home.<init>(ScholasticInternational_Home.java:19)
	at pom.ScholasticInternational_Home.<init>(ScholasticInternational_Home.java:19)
	at pom.ScholasticInternational_Home.<init>(ScholasticInternational_Home.java:19)
	at pom.ScholasticInternational_Home.<init>(ScholasticInternational_Home.java:19)
	at pom.ScholasticInternational_Home.<init>(ScholasticInternational_Home.java:19)
	at pom.ScholasticInternational_Home.<init>(ScholasticInternational_Home.java:19)
	at pom.ScholasticInternational_Home.<init>(ScholasticInternational_Home.java:19)
	at pom.ScholasticInternational_Home.<init>(ScholasticInternational_Home.java:19)
	at pom.ScholasticInternational_Home.<init>(ScholasticInternational_Home.java:19)
	at pom.ScholasticInternational_Home.<init>(ScholasticInternational_Home.java:19)
	at pom.ScholasticInternational_Home.<init>(ScholasticInternational_Home.java:19)
	at pom.ScholasticInternational_Home.<init>(ScholasticInternational_Home.java:19)
	at pom.ScholasticInternational_Home.<init>(ScholasticInternational_Home.java:19)
	at pom.ScholasticInternational_Home.<init>(ScholasticInternational_Home.java:19)
	at pom.ScholasticInternational_Home.<init>(ScholasticInternational_Home.java:19)
	at pom.ScholasticInternational_Home.<init>(ScholasticInternational_Home.java:19)
	at pom.ScholasticInternational_Home.<init>(ScholasticInternational_Home.java:19)
	at pom.ScholasticInternational_Home.<init>(ScholasticInternational_Home.java:19)
	at pom.ScholasticInternational_Home.<init>(ScholasticInternational_Home.java:19)
	at pom.ScholasticInternational_Home.<init>(ScholasticInternational_Home.java:19)
	at pom.ScholasticInternational_Home.<init>(ScholasticInternational_Home.java:19)
	at pom.ScholasticInternational_Home.<init>(ScholasticInternational_Home.java:19)
	at pom.ScholasticInternational_Home.<init>(ScholasticInternational_Home.java:19)
	at pom.ScholasticInternational_Home.<init>(ScholasticInternational_Home.java:19)
	at pom.ScholasticInternational_Home.<init>(ScholasticInternational_Home.java:19)
	at pom.ScholasticInternational_Home.<init>(ScholasticInternational_Home.java:19)
	at pom.ScholasticInternational_Home.<init>(ScholasticInternational_Home.java:19)
	at pom.ScholasticInternational_Home.<init>(ScholasticInternational_Home.java:19)
	at pom.ScholasticInternational_Home.<init>(ScholasticInternational_Home.java:19)
	at pom.ScholasticInternational_Home.<init>(ScholasticInternational_Home.java:19)
	at pom.ScholasticInternational_Home.<init>(ScholasticInternational_Home.java:19)
	at pom.ScholasticInternational_Home.<init>(ScholasticInternational_Home.java:19)
	at pom.ScholasticInternational_Home.<init>(ScholasticInternational_Home.java:19)
	at pom.ScholasticInternational_Home.<init>(ScholasticInternational_Home.java:19)
	at pom.ScholasticInternational_Home.<init>(ScholasticInternational_Home.java:19)
	at pom.ScholasticInternational_Home.<init>(ScholasticInternational_Home.java:19)
	at pom.ScholasticInternational_Home.<init>(ScholasticInternational_Home.java:19)
	at pom.ScholasticInternational_Home.<init>(ScholasticInternational_Home.java:19)
	at pom.ScholasticInternational_Home.<init>(ScholasticInternational_Home.java:19)
	at pom.ScholasticInternational_Home.<init>(ScholasticInternational_Home.java:19)
	at pom.ScholasticInternational_Home.<init>(ScholasticInternational_Home.java:19)
	at pom.ScholasticInternational_Home.<init>(ScholasticInternational_Home.java:19)
	at pom.ScholasticInternational_Home.<init>(ScholasticInternational_Home.java:19)
	at pom.ScholasticInternational_Home.<init>(ScholasticInternational_Home.java:19)
	at pom.ScholasticInternational_Home.<init>(ScholasticInternational_Home.java:19)
	at pom.ScholasticInternational_Home.<init>(ScholasticInternational_Home.java:19)
	at pom.ScholasticInternational_Home.<init>(ScholasticInternational_Home.java:19)
	at pom.ScholasticInternational_Home.<init>(ScholasticInternational_Home.java:19)
	at pom.ScholasticInternational_Home.<init>(ScholasticInternational_Home.java:19)
	at pom.ScholasticInternational_Home.<init>(ScholasticInternational_Home.java:19)
	at pom.ScholasticInternational_Home.<init>(ScholasticInternational_Home.java:19)
	at pom.ScholasticInternational_Home.<init>(ScholasticInternational_Home.java:19)
	at pom.ScholasticInternational_Home.<init>(ScholasticInternational_Home.java:19)
	at pom.ScholasticInternational_Home.<init>(ScholasticInternational_Home.java:19)
	at pom.ScholasticInternational_Home.<init>(ScholasticInternational_Home.java:19)
	at pom.ScholasticInternational_Home.<init>(ScholasticInternational_Home.java:19)
	at pom.ScholasticInternational_Home.<init>(ScholasticInternational_Home.java:19)
	at pom.ScholasticInternational_Home.<init>(ScholasticInternational_Home.java:19)
	at pom.ScholasticInternational_Home.<init>(ScholasticInternational_Home.java:19)
	at pom.ScholasticInternational_Home.<init>(ScholasticInternational_Home.java:19)
	at pom.ScholasticInternational_Home.<init>(ScholasticInternational_Home.java:19)
	at pom.ScholasticInternational_Home.<init>(ScholasticInternational_Home.java:19)
	at pom.ScholasticInternational_Home.<init>(ScholasticInternational_Home.java:19)
	at pom.ScholasticInternational_Home.<init>(ScholasticInternational_Home.java:19)
	at pom.ScholasticInternational_Home.<init>(ScholasticInternational_Home.java:19)
	at pom.ScholasticInternational_Home.<init>(ScholasticInternational_Home.java:19)
	at pom.ScholasticInternational_Home.<init>(ScholasticInternational_Home.java:19)
	at pom.ScholasticInternational_Home.<init>(ScholasticInternational_Home.java:19)
	at pom.ScholasticInternational_Home.<init>(ScholasticInternational_Home.java:19)
	at pom.ScholasticInternational_Home.<init>(ScholasticInternational_Home.java:19)
	at pom.ScholasticInternational_Home.<init>(ScholasticInternational_Home.java:19)
	at pom.ScholasticInternational_Home.<init>(ScholasticInternational_Home.java:19)
	at pom.ScholasticInternational_Home.<init>(ScholasticInternational_Home.java:19)
	at pom.ScholasticInternational_Home.<init>(ScholasticInternational_Home.java:19)
	at pom.ScholasticInternational_Home.<init>(ScholasticInternational_Home.java:19)
	at pom.ScholasticInternational_Home.<init>(ScholasticInternational_Home.java:19)
	at pom.ScholasticInternational_Home.<init>(ScholasticInternational_Home.java:19)
	at pom.ScholasticInternational_Home.<init>(ScholasticInternational_Home.java:19)
	at pom.ScholasticInternational_Home.<init>(ScholasticInternational_Home.java:19)
	at pom.ScholasticInternational_Home.<init>(ScholasticInternational_Home.java:19)
	at pom.ScholasticInternational_Home.<init>(ScholasticInternational_Home.java:19)
	at pom.ScholasticInternational_Home.<init>(ScholasticInternational_Home.java:19)
	at pom.ScholasticInternational_Home.<init>(ScholasticInternational_Home.java:19)
	at pom.ScholasticInternational_Home.<init>(ScholasticInternational_Home.java:19)
	at pom.ScholasticInternational_Home.<init>(ScholasticInternational_Home.java:19)
	at pom.ScholasticInternational_Home.<init>(ScholasticInternational_Home.java:19)
	at pom.ScholasticInternational_Home.<init>(ScholasticInternational_Home.java:19)
	at pom.ScholasticInternational_Home.<init>(ScholasticInternational_Home.java:19)
	at pom.ScholasticInternational_Home.<init>(ScholasticInternational_Home.java:19)
	at pom.ScholasticInternational_Home.<init>(ScholasticInternational_Home.java:19)
	at pom.ScholasticInternational_Home.<init>(ScholasticInternational_Home.java:19)
	at pom.ScholasticInternational_Home.<init>(ScholasticInternational_Home.java:19)
	at pom.ScholasticInternational_Home.<init>(ScholasticInternational_Home.java:19)
	at pom.ScholasticInternational_Home.<init>(ScholasticInternational_Home.java:19)
	at pom.ScholasticInternational_Home.<init>(ScholasticInternational_Home.java:19)
	at pom.ScholasticInternational_Home.<init>(ScholasticInternational_Home.java:19)
	at pom.ScholasticInternational_Home.<init>(ScholasticInternational_Home.java:19)
	at pom.ScholasticInternational_Home.<init>(ScholasticInternational_Home.java:19)
	at pom.ScholasticInternational_Home.<init>(ScholasticInternational_Home.java:19)
	at pom.ScholasticInternational_Home.<init>(ScholasticInternational_Home.java:19)
	at pom.ScholasticInternational_Home.<init>(ScholasticInternational_Home.java:19)
	at pom.ScholasticInternational_Home.<init>(ScholasticInternational_Home.java:19)
	at pom.ScholasticInternational_Home.<init>(ScholasticInternational_Home.java:19)
	at pom.ScholasticInternational_Home.<init>(ScholasticInternational_Home.java:19)
	at pom.ScholasticInternational_Home.<init>(ScholasticInternational_Home.java:19)
	at pom.ScholasticInternational_Home.<init>(ScholasticInternational_Home.java:19)
	at pom.ScholasticInternational_Home.<init>(ScholasticInternational_Home.java:19)
	at pom.ScholasticInternational_Home.<init>(ScholasticInternational_Home.java:19)
	at pom.ScholasticInternational_Home.<init>(ScholasticInternational_Home.java:19)
	at pom.ScholasticInternational_Home.<init>(ScholasticInternational_Home.java:19)
	at pom.ScholasticInternational_Home.<init>(ScholasticInternational_Home.java:19)
	at pom.ScholasticInternational_Home.<init>(ScholasticInternational_Home.java:19)
	at pom.ScholasticInternational_Home.<init>(ScholasticInternational_Home.java:19)
	at pom.ScholasticInternational_Home.<init>(ScholasticInternational_Home.java:19)
	at pom.ScholasticInternational_Home.<init>(ScholasticInternational_Home.java:19)
	at pom.ScholasticInternational_Home.<init>(ScholasticInternational_Home.java:19)
	at pom.ScholasticInternational_Home.<init>(ScholasticInternational_Home.java:19)
	at pom.ScholasticInternational_Home.<init>(ScholasticInternational_Home.java:19)
	at pom.ScholasticInternational_Home.<init>(ScholasticInternational_Home.java:19)
	at pom.ScholasticInternational_Home.<init>(ScholasticInternational_Home.java:19)
	at pom.ScholasticInternational_Home.<init>(ScholasticInternational_Home.java:19)
	at pom.ScholasticInternational_Home.<init>(ScholasticInternational_Home.java:19)
	at pom.ScholasticInternational_Home.<init>(ScholasticInternational_Home.java:19)
	at pom.ScholasticInternational_Home.<init>(ScholasticInternational_Home.java:19)
	at pom.ScholasticInternational_Home.<init>(ScholasticInternational_Home.java:19)
	at pom.ScholasticInternational_Home.<init>(ScholasticInternational_Home.java:19)
	at pom.ScholasticInternational_Home.<init>(ScholasticInternational_Home.java:19)
	at pom.ScholasticInternational_Home.<init>(ScholasticInternational_Home.java:19)
	at pom.ScholasticInternational_Home.<init>(ScholasticInternational_Home.java:19)
	at pom.ScholasticInternational_Home.<init>(ScholasticInternational_Home.java:19)
	at pom.ScholasticInternational_Home.<init>(ScholasticInternational_Home.java:19)
	at pom.ScholasticInternational_Home.<init>(ScholasticInternational_Home.java:19)
	at pom.ScholasticInternational_Home.<init>(ScholasticInternational_Home.java:19)
	at pom.ScholasticInternational_Home.<init>(ScholasticInternational_Home.java:19)
	at pom.ScholasticInternational_Home.<init>(ScholasticInternational_Home.java:19)
	at pom.ScholasticInternational_Home.<init>(ScholasticInternational_Home.java:19)
	at pom.ScholasticInternational_Home.<init>(ScholasticInternational_Home.java:19)
	at pom.ScholasticInternational_Home.<init>(ScholasticInternational_Home.java:19)
	at pom.ScholasticInternational_Home.<init>(ScholasticInternational_Home.java:19)
	at pom.ScholasticInternational_Home.<init>(ScholasticInternational_Home.java:19)
	at pom.ScholasticInternational_Home.<init>(ScholasticInternational_Home.java:19)
	at pom.ScholasticInternational_Home.<init>(ScholasticInternational_Home.java:19)
	at pom.ScholasticInternational_Home.<init>(ScholasticInternational_Home.java:19)
	at pom.ScholasticInternational_Home.<init>(ScholasticInternational_Home.java:19)
	at pom.ScholasticInternational_Home.<init>(ScholasticInternational_Home.java:19)
	at pom.ScholasticInternational_Home.<init>(ScholasticInternational_Home.java:19)
	at pom.ScholasticInternational_Home.<init>(ScholasticInternational_Home.java:19)
	at pom.ScholasticInternational_Home.<init>(ScholasticInternational_Home.java:19)
	at pom.ScholasticInternational_Home.<init>(ScholasticInternational_Home.java:19)
	at pom.ScholasticInternational_Home.<init>(ScholasticInternational_Home.java:19)
	at pom.ScholasticInternational_Home.<init>(ScholasticInternational_Home.java:19)
	at pom.ScholasticInternational_Home.<init>(ScholasticInternational_Home.java:19)
	at pom.ScholasticInternational_Home.<init>(ScholasticInternational_Home.java:19)
	at pom.ScholasticInternational_Home.<init>(ScholasticInternational_Home.java:19)
	at pom.ScholasticInternational_Home.<init>(ScholasticInternational_Home.java:19)
	at pom.ScholasticInternational_Home.<init>(ScholasticInternational_Home.java:19)
	at pom.ScholasticInternational_Home.<init>(ScholasticInternational_Home.java:19)
	at pom.ScholasticInternational_Home.<init>(ScholasticInternational_Home.java:19)
	at pom.ScholasticInternational_Home.<init>(ScholasticInternational_Home.java:19)
	at pom.ScholasticInternational_Home.<init>(ScholasticInternational_Home.java:19)
	at pom.ScholasticInternational_Home.<init>(ScholasticInternational_Home.java:19)
	at pom.ScholasticInternational_Home.<init>(ScholasticInternational_Home.java:19)
	at pom.ScholasticInternational_Home.<init>(ScholasticInternational_Home.java:19)
	at pom.ScholasticInternational_Home.<init>(ScholasticInternational_Home.java:19)
	at pom.ScholasticInternational_Home.<init>(ScholasticInternational_Home.java:19)
	at pom.ScholasticInternational_Home.<init>(ScholasticInternational_Home.java:19)
	at pom.ScholasticInternational_Home.<init>(ScholasticInternational_Home.java:19)
	at pom.ScholasticInternational_Home.<init>(ScholasticInternational_Home.java:19)
	at pom.ScholasticInternational_Home.<init>(ScholasticInternational_Home.java:19)
	at pom.ScholasticInternational_Home.<init>(ScholasticInternational_Home.java:19)
	at pom.ScholasticInternational_Home.<init>(ScholasticInternational_Home.java:19)
]]>
    </failure>
  </testcase> <!-- verifySearchFunctionality -->
  <testcase name="verifyHamMenu_HomeButton" time="0.001" classname="scripts.VerifyHamburgerMenu"/>
  <testcase name="verifyHamberger_Home" time="0.001" classname="scripts.VerifyHamburgerMenu"/>
</testsuite> <!-- Test -->
