<?xml version="1.0" encoding="UTF-8"?>
<!-- Generated by org.testng.reporters.JUnitXMLReporter -->
<testsuite hostname="RLE0160" name="Test" tests="3" failures="1" timestamp="13 Feb 2017 11:51:06 GMT" time="64.247" errors="0">
  <testcase name="verifyHamMenu_HomeButton" time="0.074" classname="scripts.VerifyHamburgerMenu"/>
  <testcase name="verifyHamberger_Home" time="0.004" classname="scripts.VerifyHamburgerMenu"/>
  <testcase name="signIn" time="0.003" classname="scripts.SignIn">
    <failure type="java.lang.NullPointerException">
      <![CDATA[java.lang.NullPointerException
	at org.openqa.selenium.support.pagefactory.DefaultElementLocator.findElement(DefaultElementLocator.java:69)
	at org.openqa.selenium.support.pagefactory.internal.LocatingElementHandler.invoke(LocatingElementHandler.java:38)
	at com.sun.proxy.$Proxy6.click(Unknown Source)
	at pom.ScholasticInternational_Home.signIn(ScholasticInternational_Home.java:213)
	at scripts.SignIn.signIn(SignIn.java:17)
... Removed 25 stack frames]]>
    </failure>
  </testcase> <!-- signIn -->
</testsuite> <!-- Test -->
