<?xml version="1.0" encoding="UTF-8"?>
<testng-results skipped="0" failed="1" total="1" passed="0">
  <reporter-output>
  </reporter-output>
  <suite name="Default suite" duration-ms="33225" started-at="2017-01-31T13:09:51Z" finished-at="2017-01-31T13:10:25Z">
    <groups>
    </groups>
    <test name="Default test" duration-ms="33225" started-at="2017-01-31T13:09:51Z" finished-at="2017-01-31T13:10:25Z">
      <class name="scripts.BaseTest">
        <test-method status="PASS" signature="preCondotion()[pri:0, instance:scripts.BaseTest@56f4468b]" name="preCondotion" is-config="true" duration-ms="32083" started-at="2017-01-31T18:39:51Z" finished-at="2017-01-31T18:40:23Z">
          <reporter-output>
          </reporter-output>
        </test-method> <!-- preCondotion -->
        <test-method status="FAIL" signature="verifySearchFunctionality()[pri:0, instance:scripts.BaseTest@56f4468b]" name="verifySearchFunctionality" duration-ms="776" started-at="2017-01-31T18:40:23Z" finished-at="2017-01-31T18:40:24Z">
          <exception class="java.lang.StackOverflowError">
            <full-stacktrace>
              <![CDATA[java.lang.StackOverflowError
	at org.openqa.selenium.support.pagefactory.Annotations.isLookupCached(Annotations.java:45)
	at org.openqa.selenium.support.pagefactory.DefaultElementLocator.<init>(DefaultElementLocator.java:57)
	at org.openqa.selenium.support.pagefactory.DefaultElementLocator.<init>(DefaultElementLocator.java:46)
	at org.openqa.selenium.support.pagefactory.DefaultElementLocatorFactory.createLocator(DefaultElementLocatorFactory.java:32)
	at org.openqa.selenium.support.pagefactory.DefaultFieldDecorator.decorate(DefaultFieldDecorator.java:56)
	at org.openqa.selenium.support.PageFactory.proxyFields(PageFactory.java:113)
	at org.openqa.selenium.support.PageFactory.initElements(PageFactory.java:105)
	at org.openqa.selenium.support.PageFactory.initElements(PageFactory.java:92)
	at org.openqa.selenium.support.PageFactory.initElements(PageFactory.java:79)
	at pom.BasePage.<init>(BasePage.java:15)
	at pom.ScholasticInternational_Home.<init>(ScholasticInternational_Home.java:12)
	at pom.ScholasticInternational_Home.<init>(ScholasticInternational_Home.java:19)
	at pom.ScholasticInternational_Home.<init>(ScholasticInternational_Home.java:19)
	at pom.ScholasticInternational_Home.<init>(ScholasticInternational_Home.java:19)
	at pom.ScholasticInternational_Home.<init>(ScholasticInternational_Home.java:19)
	at pom.ScholasticInternational_Home.<init>(ScholasticInternational_Home.java:19)
	at pom.ScholasticInternational_Home.<init>(ScholasticInternational_Home.java:19)
	at pom.ScholasticInternational_Home.<init>(ScholasticInternational_Home.java:19)
	at pom.ScholasticInternational_Home.<init>(ScholasticInternational_Home.java:19)
	at pom.ScholasticInternational_Home.<init>(ScholasticInternational_Home.java:19)
	at pom.ScholasticInternational_Home.<init>(ScholasticInternational_Home.java:19)
	at pom.ScholasticInternational_Home.<init>(ScholasticInternational_Home.java:19)
	at pom.ScholasticInternational_Home.<init>(ScholasticInternational_Home.java:19)
	at pom.ScholasticInternational_Home.<init>(ScholasticInternational_Home.java:19)
	at pom.ScholasticInternational_Home.<init>(ScholasticInternational_Home.java:19)
	at pom.ScholasticInternational_Home.<init>(ScholasticInternational_Home.java:19)
	at pom.ScholasticInternational_Home.<init>(ScholasticInternational_Home.java:19)
	at pom.ScholasticInternational_Home.<init>(ScholasticInternational_Home.java:19)
	at pom.ScholasticInternational_Home.<init>(ScholasticInternational_Home.java:19)
	at pom.ScholasticInternational_Home.<init>(ScholasticInternational_Home.java:19)
	at pom.ScholasticInternational_Home.<init>(ScholasticInternational_Home.java:19)
	at pom.ScholasticInternational_Home.<init>(ScholasticInternational_Home.java:19)
	at pom.ScholasticInternational_Home.<init>(ScholasticInternational_Home.java:19)
	at pom.ScholasticInternational_Home.<init>(ScholasticInternational_Home.java:19)
	at pom.ScholasticInternational_Home.<init>(ScholasticInternational_Home.java:19)
	at pom.ScholasticInternational_Home.<init>(ScholasticInternational_Home.java:19)
	at pom.ScholasticInternational_Home.<init>(ScholasticInternational_Home.java:19)
	at pom.ScholasticInternational_Home.<init>(ScholasticInternational_Home.java:19)
	at pom.ScholasticInternational_Home.<init>(ScholasticInternational_Home.java:19)
	at pom.ScholasticInternational_Home.<init>(ScholasticInternational_Home.java:19)
	at pom.ScholasticInternational_Home.<init>(ScholasticInternational_Home.java:19)
	at pom.ScholasticInternational_Home.<init>(ScholasticInternational_Home.java:19)
	at pom.ScholasticInternational_Home.<init>(ScholasticInternational_Home.java:19)
	at pom.ScholasticInternational_Home.<init>(ScholasticInternational_Home.java:19)
	at pom.ScholasticInternational_Home.<init>(ScholasticInternational_Home.java:19)
	at pom.ScholasticInternational_Home.<init>(ScholasticInternational_Home.java:19)
	at pom.ScholasticInternational_Home.<init>(ScholasticInternational_Home.java:19)
	at pom.ScholasticInternational_Home.<init>(ScholasticInternational_Home.java:19)
	at pom.ScholasticInternational_Home.<init>(ScholasticInternational_Home.java:19)
	at pom.ScholasticInternational_Home.<init>(ScholasticInternational_Home.java:19)
	at pom.ScholasticInternational_Home.<init>(ScholasticInternational_Home.java:19)
	at pom.ScholasticInternational_Home.<init>(ScholasticInternational_Home.java:19)
	at pom.ScholasticInternational_Home.<init>(ScholasticInternational_Home.java:19)
	at pom.ScholasticInternational_Home.<init>(ScholasticInternational_Home.java:19)
	at pom.ScholasticInternational_Home.<init>(ScholasticInternational_Home.java:19)
	at pom.ScholasticInternational_Home.<init>(ScholasticInternational_Home.java:19)
	at pom.ScholasticInternational_Home.<init>(ScholasticInternational_Home.java:19)
	at pom.ScholasticInternational_Home.<init>(ScholasticInternational_Home.java:19)
	at pom.ScholasticInternational_Home.<init>(ScholasticInternational_Home.java:19)
	at pom.ScholasticInternational_Home.<init>(ScholasticInternational_Home.java:19)
	at pom.ScholasticInternational_Home.<init>(ScholasticInternational_Home.java:19)
	at pom.ScholasticInternational_Home.<init>(ScholasticInternational_Home.java:19)
	at pom.ScholasticInternational_Home.<init>(ScholasticInternational_Home.java:19)
	at pom.ScholasticInternational_Home.<init>(ScholasticInternational_Home.java:19)
	at pom.ScholasticInternational_Home.<init>(ScholasticInternational_Home.java:19)
	at pom.ScholasticInternational_Home.<init>(ScholasticInternational_Home.java:19)
	at pom.ScholasticInternational_Home.<init>(ScholasticInternational_Home.java:19)
	at pom.ScholasticInternational_Home.<init>(ScholasticInternational_Home.java:19)
	at pom.ScholasticInternational_Home.<init>(ScholasticInternational_Home.java:19)
	at pom.ScholasticInternational_Home.<init>(ScholasticInternational_Home.java:19)
	at pom.ScholasticInternational_Home.<init>(ScholasticInternational_Home.java:19)
	at pom.ScholasticInternational_Home.<init>(ScholasticInternational_Home.java:19)
	at pom.ScholasticInternational_Home.<init>(ScholasticInternational_Home.java:19)
	at pom.ScholasticInternational_Home.<init>(ScholasticInternational_Home.java:19)
	at pom.ScholasticInternational_Home.<init>(ScholasticInternational_Home.java:19)
	at pom.ScholasticInternational_Home.<init>(ScholasticInternational_Home.java:19)
	at pom.ScholasticInternational_Home.<init>(ScholasticInternational_Home.java:19)
	at pom.ScholasticInternational_Home.<init>(ScholasticInternational_Home.java:19)
	at pom.ScholasticInternational_Home.<init>(ScholasticInternational_Home.java:19)
	at pom.ScholasticInternational_Home.<init>(ScholasticInternational_Home.java:19)
	at pom.ScholasticInternational_Home.<init>(ScholasticInternational_Home.java:19)
	at pom.ScholasticInternational_Home.<init>(ScholasticInternational_Home.java:19)
	at pom.ScholasticInternational_Home.<init>(ScholasticInternational_Home.java:19)
	at pom.ScholasticInternational_Home.<init>(ScholasticInternational_Home.java:19)
	at pom.ScholasticInternational_Home.<init>(ScholasticInternational_Home.java:19)
	at pom.ScholasticInternational_Home.<init>(ScholasticInternational_Home.java:19)
	at pom.ScholasticInternational_Home.<init>(ScholasticInternational_Home.java:19)
	at pom.ScholasticInternational_Home.<init>(ScholasticInternational_Home.java:19)
	at pom.ScholasticInternational_Home.<init>(ScholasticInternational_Home.java:19)
	at pom.ScholasticInternational_Home.<init>(ScholasticInternational_Home.java:19)
	at pom.ScholasticInternational_Home.<init>(ScholasticInternational_Home.java:19)
	at pom.ScholasticInternational_Home.<init>(ScholasticInternational_Home.java:19)
	at pom.ScholasticInternational_Home.<init>(ScholasticInternational_Home.java:19)
	at pom.ScholasticInternational_Home.<init>(ScholasticInternational_Home.java:19)
	at pom.ScholasticInternational_Home.<init>(ScholasticInternational_Home.java:19)
	at pom.ScholasticInternational_Home.<init>(ScholasticInternational_Home.java:19)
	at pom.ScholasticInternational_Home.<init>(ScholasticInternational_Home.java:19)
	at pom.ScholasticInternational_Home.<init>(ScholasticInternational_Home.java:19)
	at pom.ScholasticInternational_Home.<init>(ScholasticInternational_Home.java:19)
	at pom.ScholasticInternational_Home.<init>(ScholasticInternational_Home.java:19)
	at pom.ScholasticInternational_Home.<init>(ScholasticInternational_Home.java:19)
	at pom.ScholasticInternational_Home.<init>(ScholasticInternational_Home.java:19)
	at pom.ScholasticInternational_Home.<init>(ScholasticInternational_Home.java:19)
	at pom.ScholasticInternational_Home.<init>(ScholasticInternational_Home.java:19)
	at pom.ScholasticInternational_Home.<init>(ScholasticInternational_Home.java:19)
	at pom.ScholasticInternational_Home.<init>(ScholasticInternational_Home.java:19)
	at pom.ScholasticInternational_Home.<init>(ScholasticInternational_Home.java:19)
	at pom.ScholasticInternational_Home.<init>(ScholasticInternational_Home.java:19)
	at pom.ScholasticInternational_Home.<init>(ScholasticInternational_Home.java:19)
	at pom.ScholasticInternational_Home.<init>(ScholasticInternational_Home.java:19)
	at pom.ScholasticInternational_Home.<init>(ScholasticInternational_Home.java:19)
	at pom.ScholasticInternational_Home.<init>(ScholasticInternational_Home.java:19)
	at pom.ScholasticInternational_Home.<init>(ScholasticInternational_Home.java:19)
	at pom.ScholasticInternational_Home.<init>(ScholasticInternational_Home.java:19)
	at pom.ScholasticInternational_Home.<init>(ScholasticInternational_Home.java:19)
	at pom.ScholasticInternational_Home.<init>(ScholasticInternational_Home.java:19)
	at pom.ScholasticInternational_Home.<init>(ScholasticInternational_Home.java:19)
	at pom.ScholasticInternational_Home.<init>(ScholasticInternational_Home.java:19)
	at pom.ScholasticInternational_Home.<init>(ScholasticInternational_Home.java:19)
	at pom.ScholasticInternational_Home.<init>(ScholasticInternational_Home.java:19)
	at pom.ScholasticInternational_Home.<init>(ScholasticInternational_Home.java:19)
	at pom.ScholasticInternational_Home.<init>(ScholasticInternational_Home.java:19)
	at pom.ScholasticInternational_Home.<init>(ScholasticInternational_Home.java:19)
	at pom.ScholasticInternational_Home.<init>(ScholasticInternational_Home.java:19)
	at pom.ScholasticInternational_Home.<init>(ScholasticInternational_Home.java:19)
	at pom.ScholasticInternational_Home.<init>(ScholasticInternational_Home.java:19)
	at pom.ScholasticInternational_Home.<init>(ScholasticInternational_Home.java:19)
	at pom.ScholasticInternational_Home.<init>(ScholasticInternational_Home.java:19)
	at pom.ScholasticInternational_Home.<init>(ScholasticInternational_Home.java:19)
	at pom.ScholasticInternational_Home.<init>(ScholasticInternational_Home.java:19)
	at pom.ScholasticInternational_Home.<init>(ScholasticInternational_Home.java:19)
	at pom.ScholasticInternational_Home.<init>(ScholasticInternational_Home.java:19)
	at pom.ScholasticInternational_Home.<init>(ScholasticInternational_Home.java:19)
	at pom.ScholasticInternational_Home.<init>(ScholasticInternational_Home.java:19)
	at pom.ScholasticInternational_Home.<init>(ScholasticInternational_Home.java:19)
	at pom.ScholasticInternational_Home.<init>(ScholasticInternational_Home.java:19)
	at pom.ScholasticInternational_Home.<init>(ScholasticInternational_Home.java:19)
	at pom.ScholasticInternational_Home.<init>(ScholasticInternational_Home.java:19)
	at pom.ScholasticInternational_Home.<init>(ScholasticInternational_Home.java:19)
	at pom.ScholasticInternational_Home.<init>(ScholasticInternational_Home.java:19)
	at pom.ScholasticInternational_Home.<init>(ScholasticInternational_Home.java:19)
	at pom.ScholasticInternational_Home.<init>(ScholasticInternational_Home.java:19)
	at pom.ScholasticInternational_Home.<init>(ScholasticInternational_Home.java:19)
	at pom.ScholasticInternational_Home.<init>(ScholasticInternational_Home.java:19)
	at pom.ScholasticInternational_Home.<init>(ScholasticInternational_Home.java:19)
	at pom.ScholasticInternational_Home.<init>(ScholasticInternational_Home.java:19)
	at pom.ScholasticInternational_Home.<init>(ScholasticInternational_Home.java:19)
	at pom.ScholasticInternational_Home.<init>(ScholasticInternational_Home.java:19)
	at pom.ScholasticInternational_Home.<init>(ScholasticInternational_Home.java:19)
	at pom.ScholasticInternational_Home.<init>(ScholasticInternational_Home.java:19)
	at pom.ScholasticInternational_Home.<init>(ScholasticInternational_Home.java:19)
	at pom.ScholasticInternational_Home.<init>(ScholasticInternational_Home.java:19)
	at pom.ScholasticInternational_Home.<init>(ScholasticInternational_Home.java:19)
	at pom.ScholasticInternational_Home.<init>(ScholasticInternational_Home.java:19)
	at pom.ScholasticInternational_Home.<init>(ScholasticInternational_Home.java:19)
	at pom.ScholasticInternational_Home.<init>(ScholasticInternational_Home.java:19)
	at pom.ScholasticInternational_Home.<init>(ScholasticInternational_Home.java:19)
	at pom.ScholasticInternational_Home.<init>(ScholasticInternational_Home.java:19)
	at pom.ScholasticInternational_Home.<init>(ScholasticInternational_Home.java:19)
	at pom.ScholasticInternational_Home.<init>(ScholasticInternational_Home.java:19)
	at pom.ScholasticInternational_Home.<init>(ScholasticInternational_Home.java:19)
	at pom.ScholasticInternational_Home.<init>(ScholasticInternational_Home.java:19)
	at pom.ScholasticInternational_Home.<init>(ScholasticInternational_Home.java:19)
	at pom.ScholasticInternational_Home.<init>(ScholasticInternational_Home.java:19)
	at pom.ScholasticInternational_Home.<init>(ScholasticInternational_Home.java:19)
	at pom.ScholasticInternational_Home.<init>(ScholasticInternational_Home.java:19)
	at pom.ScholasticInternational_Home.<init>(ScholasticInternational_Home.java:19)
	at pom.ScholasticInternational_Home.<init>(ScholasticInternational_Home.java:19)
	at pom.ScholasticInternational_Home.<init>(ScholasticInternational_Home.java:19)
	at pom.ScholasticInternational_Home.<init>(ScholasticInternational_Home.java:19)
	at pom.ScholasticInternational_Home.<init>(ScholasticInternational_Home.java:19)
	at pom.ScholasticInternational_Home.<init>(ScholasticInternational_Home.java:19)
	at pom.ScholasticInternational_Home.<init>(ScholasticInternational_Home.java:19)
	at pom.ScholasticInternational_Home.<init>(ScholasticInternational_Home.java:19)
	at pom.ScholasticInternational_Home.<init>(ScholasticInternational_Home.java:19)
	at pom.ScholasticInternational_Home.<init>(ScholasticInternational_Home.java:19)
	at pom.ScholasticInternational_Home.<init>(ScholasticInternational_Home.java:19)
	at pom.ScholasticInternational_Home.<init>(ScholasticInternational_Home.java:19)
	at pom.ScholasticInternational_Home.<init>(ScholasticInternational_Home.java:19)
	at pom.ScholasticInternational_Home.<init>(ScholasticInternational_Home.java:19)
	at pom.ScholasticInternational_Home.<init>(ScholasticInternational_Home.java:19)
	at pom.ScholasticInternational_Home.<init>(ScholasticInternational_Home.java:19)
	at pom.ScholasticInternational_Home.<init>(ScholasticInternational_Home.java:19)
	at pom.ScholasticInternational_Home.<init>(ScholasticInternational_Home.java:19)
	at pom.ScholasticInternational_Home.<init>(ScholasticInternational_Home.java:19)
	at pom.ScholasticInternational_Home.<init>(ScholasticInternational_Home.java:19)
	at pom.ScholasticInternational_Home.<init>(ScholasticInternational_Home.java:19)
	at pom.ScholasticInternational_Home.<init>(ScholasticInternational_Home.java:19)
	at pom.ScholasticInternational_Home.<init>(ScholasticInternational_Home.java:19)
	at pom.ScholasticInternational_Home.<init>(ScholasticInternational_Home.java:19)
	at pom.ScholasticInternational_Home.<init>(ScholasticInternational_Home.java:19)
	at pom.ScholasticInternational_Home.<init>(ScholasticInternational_Home.java:19)
	at pom.ScholasticInternational_Home.<init>(ScholasticInternational_Home.java:19)
	at pom.ScholasticInternational_Home.<init>(ScholasticInternational_Home.java:19)
	at pom.ScholasticInternational_Home.<init>(ScholasticInternational_Home.java:19)
	at pom.ScholasticInternational_Home.<init>(ScholasticInternational_Home.java:19)
	at pom.ScholasticInternational_Home.<init>(ScholasticInternational_Home.java:19)
	at pom.ScholasticInternational_Home.<init>(ScholasticInternational_Home.java:19)
	at pom.ScholasticInternational_Home.<init>(ScholasticInternational_Home.java:19)
	at pom.ScholasticInternational_Home.<init>(ScholasticInternational_Home.java:19)
	at pom.ScholasticInternational_Home.<init>(ScholasticInternational_Home.java:19)
	at pom.ScholasticInternational_Home.<init>(ScholasticInternational_Home.java:19)
	at pom.ScholasticInternational_Home.<init>(ScholasticInternational_Home.java:19)
	at pom.ScholasticInternational_Home.<init>(ScholasticInternational_Home.java:19)
	at pom.ScholasticInternational_Home.<init>(ScholasticInternational_Home.java:19)
	at pom.ScholasticInternational_Home.<init>(ScholasticInternational_Home.java:19)
	at pom.ScholasticInternational_Home.<init>(ScholasticInternational_Home.java:19)
	at pom.ScholasticInternational_Home.<init>(ScholasticInternational_Home.java:19)
	at pom.ScholasticInternational_Home.<init>(ScholasticInternational_Home.java:19)
	at pom.ScholasticInternational_Home.<init>(ScholasticInternational_Home.java:19)
	at pom.ScholasticInternational_Home.<init>(ScholasticInternational_Home.java:19)
	at pom.ScholasticInternational_Home.<init>(ScholasticInternational_Home.java:19)
	at pom.ScholasticInternational_Home.<init>(ScholasticInternational_Home.java:19)
	at pom.ScholasticInternational_Home.<init>(ScholasticInternational_Home.java:19)
	at pom.ScholasticInternational_Home.<init>(ScholasticInternational_Home.java:19)
	at pom.ScholasticInternational_Home.<init>(ScholasticInternational_Home.java:19)
	at pom.ScholasticInternational_Home.<init>(ScholasticInternational_Home.java:19)
	at pom.ScholasticInternational_Home.<init>(ScholasticInternational_Home.java:19)
	at pom.ScholasticInternational_Home.<init>(ScholasticInternational_Home.java:19)
	at pom.ScholasticInternational_Home.<init>(ScholasticInternational_Home.java:19)
	at pom.ScholasticInternational_Home.<init>(ScholasticInternational_Home.java:19)
	at pom.ScholasticInternational_Home.<init>(ScholasticInternational_Home.java:19)
	at pom.ScholasticInternational_Home.<init>(ScholasticInternational_Home.java:19)
	at pom.ScholasticInternational_Home.<init>(ScholasticInternational_Home.java:19)
	at pom.ScholasticInternational_Home.<init>(ScholasticInternational_Home.java:19)
	at pom.ScholasticInternational_Home.<init>(ScholasticInternational_Home.java:19)
	at pom.ScholasticInternational_Home.<init>(ScholasticInternational_Home.java:19)
	at pom.ScholasticInternational_Home.<init>(ScholasticInternational_Home.java:19)
	at pom.ScholasticInternational_Home.<init>(ScholasticInternational_Home.java:19)
	at pom.ScholasticInternational_Home.<init>(ScholasticInternational_Home.java:19)
	at pom.ScholasticInternational_Home.<init>(ScholasticInternational_Home.java:19)
	at pom.ScholasticInternational_Home.<init>(ScholasticInternational_Home.java:19)
	at pom.ScholasticInternational_Home.<init>(ScholasticInternational_Home.java:19)
	at pom.ScholasticInternational_Home.<init>(ScholasticInternational_Home.java:19)
	at pom.ScholasticInternational_Home.<init>(ScholasticInternational_Home.java:19)
	at pom.ScholasticInternational_Home.<init>(ScholasticInternational_Home.java:19)
	at pom.ScholasticInternational_Home.<init>(ScholasticInternational_Home.java:19)
	at pom.ScholasticInternational_Home.<init>(ScholasticInternational_Home.java:19)
	at pom.ScholasticInternational_Home.<init>(ScholasticInternational_Home.java:19)
	at pom.ScholasticInternational_Home.<init>(ScholasticInternational_Home.java:19)
	at pom.ScholasticInternational_Home.<init>(ScholasticInternational_Home.java:19)
	at pom.ScholasticInternational_Home.<init>(ScholasticInternational_Home.java:19)
	at pom.ScholasticInternational_Home.<init>(ScholasticInternational_Home.java:19)
	at pom.ScholasticInternational_Home.<init>(ScholasticInternational_Home.java:19)
	at pom.ScholasticInternational_Home.<init>(ScholasticInternational_Home.java:19)
	at pom.ScholasticInternational_Home.<init>(ScholasticInternational_Home.java:19)
	at pom.ScholasticInternational_Home.<init>(ScholasticInternational_Home.java:19)
	at pom.ScholasticInternational_Home.<init>(ScholasticInternational_Home.java:19)
	at pom.ScholasticInternational_Home.<init>(ScholasticInternational_Home.java:19)
	at pom.ScholasticInternational_Home.<init>(ScholasticInternational_Home.java:19)
	at pom.ScholasticInternational_Home.<init>(ScholasticInternational_Home.java:19)
	at pom.ScholasticInternational_Home.<init>(ScholasticInternational_Home.java:19)
	at pom.ScholasticInternational_Home.<init>(ScholasticInternational_Home.java:19)
	at pom.ScholasticInternational_Home.<init>(ScholasticInternational_Home.java:19)
	at pom.ScholasticInternational_Home.<init>(ScholasticInternational_Home.java:19)
	at pom.ScholasticInternational_Home.<init>(ScholasticInternational_Home.java:19)
	at pom.ScholasticInternational_Home.<init>(ScholasticInternational_Home.java:19)
	at pom.ScholasticInternational_Home.<init>(ScholasticInternational_Home.java:19)
	at pom.ScholasticInternational_Home.<init>(ScholasticInternational_Home.java:19)
	at pom.ScholasticInternational_Home.<init>(ScholasticInternational_Home.java:19)
	at pom.ScholasticInternational_Home.<init>(ScholasticInternational_Home.java:19)
	at pom.ScholasticInternational_Home.<init>(ScholasticInternational_Home.java:19)
	at pom.ScholasticInternational_Home.<init>(ScholasticInternational_Home.java:19)
	at pom.ScholasticInternational_Home.<init>(ScholasticInternational_Home.java:19)
	at pom.ScholasticInternational_Home.<init>(ScholasticInternational_Home.java:19)
	at pom.ScholasticInternational_Home.<init>(ScholasticInternational_Home.java:19)
	at pom.ScholasticInternational_Home.<init>(ScholasticInternational_Home.java:19)
	at pom.ScholasticInternational_Home.<init>(ScholasticInternational_Home.java:19)
	at pom.ScholasticInternational_Home.<init>(ScholasticInternational_Home.java:19)
	at pom.ScholasticInternational_Home.<init>(ScholasticInternational_Home.java:19)
	at pom.ScholasticInternational_Home.<init>(ScholasticInternational_Home.java:19)
	at pom.ScholasticInternational_Home.<init>(ScholasticInternational_Home.java:19)
	at pom.ScholasticInternational_Home.<init>(ScholasticInternational_Home.java:19)
	at pom.ScholasticInternational_Home.<init>(ScholasticInternational_Home.java:19)
	at pom.ScholasticInternational_Home.<init>(ScholasticInternational_Home.java:19)
	at pom.ScholasticInternational_Home.<init>(ScholasticInternational_Home.java:19)
	at pom.ScholasticInternational_Home.<init>(ScholasticInternational_Home.java:19)
	at pom.ScholasticInternational_Home.<init>(ScholasticInternational_Home.java:19)
	at pom.ScholasticInternational_Home.<init>(ScholasticInternational_Home.java:19)
	at pom.ScholasticInternational_Home.<init>(ScholasticInternational_Home.java:19)
	at pom.ScholasticInternational_Home.<init>(ScholasticInternational_Home.java:19)
	at pom.ScholasticInternational_Home.<init>(ScholasticInternational_Home.java:19)
	at pom.ScholasticInternational_Home.<init>(ScholasticInternational_Home.java:19)
	at pom.ScholasticInternational_Home.<init>(ScholasticInternational_Home.java:19)
	at pom.ScholasticInternational_Home.<init>(ScholasticInternational_Home.java:19)
	at pom.ScholasticInternational_Home.<init>(ScholasticInternational_Home.java:19)
	at pom.ScholasticInternational_Home.<init>(ScholasticInternational_Home.java:19)
	at pom.ScholasticInternational_Home.<init>(ScholasticInternational_Home.java:19)
	at pom.ScholasticInternational_Home.<init>(ScholasticInternational_Home.java:19)
	at pom.ScholasticInternational_Home.<init>(ScholasticInternational_Home.java:19)
	at pom.ScholasticInternational_Home.<init>(ScholasticInternational_Home.java:19)
	at pom.ScholasticInternational_Home.<init>(ScholasticInternational_Home.java:19)
	at pom.ScholasticInternational_Home.<init>(ScholasticInternational_Home.java:19)
	at pom.ScholasticInternational_Home.<init>(ScholasticInternational_Home.java:19)
	at pom.ScholasticInternational_Home.<init>(ScholasticInternational_Home.java:19)
	at pom.ScholasticInternational_Home.<init>(ScholasticInternational_Home.java:19)
	at pom.ScholasticInternational_Home.<init>(ScholasticInternational_Home.java:19)
	at pom.ScholasticInternational_Home.<init>(ScholasticInternational_Home.java:19)
	at pom.ScholasticInternational_Home.<init>(ScholasticInternational_Home.java:19)
	at pom.ScholasticInternational_Home.<init>(ScholasticInternational_Home.java:19)
	at pom.ScholasticInternational_Home.<init>(ScholasticInternational_Home.java:19)
	at pom.ScholasticInternational_Home.<init>(ScholasticInternational_Home.java:19)
	at pom.ScholasticInternational_Home.<init>(ScholasticInternational_Home.java:19)
	at pom.ScholasticInternational_Home.<init>(ScholasticInternational_Home.java:19)
	at pom.ScholasticInternational_Home.<init>(ScholasticInternational_Home.java:19)
	at pom.ScholasticInternational_Home.<init>(ScholasticInternational_Home.java:19)
	at pom.ScholasticInternational_Home.<init>(ScholasticInternational_Home.java:19)
	at pom.ScholasticInternational_Home.<init>(ScholasticInternational_Home.java:19)
	at pom.ScholasticInternational_Home.<init>(ScholasticInternational_Home.java:19)
	at pom.ScholasticInternational_Home.<init>(ScholasticInternational_Home.java:19)
	at pom.ScholasticInternational_Home.<init>(ScholasticInternational_Home.java:19)
	at pom.ScholasticInternational_Home.<init>(ScholasticInternational_Home.java:19)
	at pom.ScholasticInternational_Home.<init>(ScholasticInternational_Home.java:19)
	at pom.ScholasticInternational_Home.<init>(ScholasticInternational_Home.java:19)
	at pom.ScholasticInternational_Home.<init>(ScholasticInternational_Home.java:19)
	at pom.ScholasticInternational_Home.<init>(ScholasticInternational_Home.java:19)
	at pom.ScholasticInternational_Home.<init>(ScholasticInternational_Home.java:19)
	at pom.ScholasticInternational_Home.<init>(ScholasticInternational_Home.java:19)
	at pom.ScholasticInternational_Home.<init>(ScholasticInternational_Home.java:19)
	at pom.ScholasticInternational_Home.<init>(ScholasticInternational_Home.java:19)
	at pom.ScholasticInternational_Home.<init>(ScholasticInternational_Home.java:19)
	at pom.ScholasticInternational_Home.<init>(ScholasticInternational_Home.java:19)
	at pom.ScholasticInternational_Home.<init>(ScholasticInternational_Home.java:19)
	at pom.ScholasticInternational_Home.<init>(ScholasticInternational_Home.java:19)
	at pom.ScholasticInternational_Home.<init>(ScholasticInternational_Home.java:19)
	at pom.ScholasticInternational_Home.<init>(ScholasticInternational_Home.java:19)
	at pom.ScholasticInternational_Home.<init>(ScholasticInternational_Home.java:19)
	at pom.ScholasticInternational_Home.<init>(ScholasticInternational_Home.java:19)
	at pom.ScholasticInternational_Home.<init>(ScholasticInternational_Home.java:19)
	at pom.ScholasticInternational_Home.<init>(ScholasticInternational_Home.java:19)
	at pom.ScholasticInternational_Home.<init>(ScholasticInternational_Home.java:19)
	at pom.ScholasticInternational_Home.<init>(ScholasticInternational_Home.java:19)
	at pom.ScholasticInternational_Home.<init>(ScholasticInternational_Home.java:19)
	at pom.ScholasticInternational_Home.<init>(ScholasticInternational_Home.java:19)
	at pom.ScholasticInternational_Home.<init>(ScholasticInternational_Home.java:19)
	at pom.ScholasticInternational_Home.<init>(ScholasticInternational_Home.java:19)
	at pom.ScholasticInternational_Home.<init>(ScholasticInternational_Home.java:19)
	at pom.ScholasticInternational_Home.<init>(ScholasticInternational_Home.java:19)
	at pom.ScholasticInternational_Home.<init>(ScholasticInternational_Home.java:19)
	at pom.ScholasticInternational_Home.<init>(ScholasticInternational_Home.java:19)
	at pom.ScholasticInternational_Home.<init>(ScholasticInternational_Home.java:19)
	at pom.ScholasticInternational_Home.<init>(ScholasticInternational_Home.java:19)
	at pom.ScholasticInternational_Home.<init>(ScholasticInternational_Home.java:19)
	at pom.ScholasticInternational_Home.<init>(ScholasticInternational_Home.java:19)
	at pom.ScholasticInternational_Home.<init>(ScholasticInternational_Home.java:19)
	at pom.ScholasticInternational_Home.<init>(ScholasticInternational_Home.java:19)
	at pom.ScholasticInternational_Home.<init>(ScholasticInternational_Home.java:19)
	at pom.ScholasticInternational_Home.<init>(ScholasticInternational_Home.java:19)
	at pom.ScholasticInternational_Home.<init>(ScholasticInternational_Home.java:19)
	at pom.ScholasticInternational_Home.<init>(ScholasticInternational_Home.java:19)
	at pom.ScholasticInternational_Home.<init>(ScholasticInternational_Home.java:19)
	at pom.ScholasticInternational_Home.<init>(ScholasticInternational_Home.java:19)
	at pom.ScholasticInternational_Home.<init>(ScholasticInternational_Home.java:19)
	at pom.ScholasticInternational_Home.<init>(ScholasticInternational_Home.java:19)
	at pom.ScholasticInternational_Home.<init>(ScholasticInternational_Home.java:19)
	at pom.ScholasticInternational_Home.<init>(ScholasticInternational_Home.java:19)
	at pom.ScholasticInternational_Home.<init>(ScholasticInternational_Home.java:19)
	at pom.ScholasticInternational_Home.<init>(ScholasticInternational_Home.java:19)
	at pom.ScholasticInternational_Home.<init>(ScholasticInternational_Home.java:19)
	at pom.ScholasticInternational_Home.<init>(ScholasticInternational_Home.java:19)
	at pom.ScholasticInternational_Home.<init>(ScholasticInternational_Home.java:19)
	at pom.ScholasticInternational_Home.<init>(ScholasticInternational_Home.java:19)
	at pom.ScholasticInternational_Home.<init>(ScholasticInternational_Home.java:19)
	at pom.ScholasticInternational_Home.<init>(ScholasticInternational_Home.java:19)
	at pom.ScholasticInternational_Home.<init>(ScholasticInternational_Home.java:19)
	at pom.ScholasticInternational_Home.<init>(ScholasticInternational_Home.java:19)
	at pom.ScholasticInternational_Home.<init>(ScholasticInternational_Home.java:19)
	at pom.ScholasticInternational_Home.<init>(ScholasticInternational_Home.java:19)
	at pom.ScholasticInternational_Home.<init>(ScholasticInternational_Home.java:19)
	at pom.ScholasticInternational_Home.<init>(ScholasticInternational_Home.java:19)
	at pom.ScholasticInternational_Home.<init>(ScholasticInternational_Home.java:19)
	at pom.ScholasticInternational_Home.<init>(ScholasticInternational_Home.java:19)
	at pom.ScholasticInternational_Home.<init>(ScholasticInternational_Home.java:19)
	at pom.ScholasticInternational_Home.<init>(ScholasticInternational_Home.java:19)
	at pom.ScholasticInternational_Home.<init>(ScholasticInternational_Home.java:19)
	at pom.ScholasticInternational_Home.<init>(ScholasticInternational_Home.java:19)
	at pom.ScholasticInternational_Home.<init>(ScholasticInternational_Home.java:19)
	at pom.ScholasticInternational_Home.<init>(ScholasticInternational_Home.java:19)
	at pom.ScholasticInternational_Home.<init>(ScholasticInternational_Home.java:19)
	at pom.ScholasticInternational_Home.<init>(ScholasticInternational_Home.java:19)
	at pom.ScholasticInternational_Home.<init>(ScholasticInternational_Home.java:19)
	at pom.ScholasticInternational_Home.<init>(ScholasticInternational_Home.java:19)
	at pom.ScholasticInternational_Home.<init>(ScholasticInternational_Home.java:19)
	at pom.ScholasticInternational_Home.<init>(ScholasticInternational_Home.java:19)
	at pom.ScholasticInternational_Home.<init>(ScholasticInternational_Home.java:19)
	at pom.ScholasticInternational_Home.<init>(ScholasticInternational_Home.java:19)
	at pom.ScholasticInternational_Home.<init>(ScholasticInternational_Home.java:19)
	at pom.ScholasticInternational_Home.<init>(ScholasticInternational_Home.java:19)
	at pom.ScholasticInternational_Home.<init>(ScholasticInternational_Home.java:19)
	at pom.ScholasticInternational_Home.<init>(ScholasticInternational_Home.java:19)
	at pom.ScholasticInternational_Home.<init>(ScholasticInternational_Home.java:19)
	at pom.ScholasticInternational_Home.<init>(ScholasticInternational_Home.java:19)
	at pom.ScholasticInternational_Home.<init>(ScholasticInternational_Home.java:19)
	at pom.ScholasticInternational_Home.<init>(ScholasticInternational_Home.java:19)
	at pom.ScholasticInternational_Home.<init>(ScholasticInternational_Home.java:19)
	at pom.ScholasticInternational_Home.<init>(ScholasticInternational_Home.java:19)
	at pom.ScholasticInternational_Home.<init>(ScholasticInternational_Home.java:19)
	at pom.ScholasticInternational_Home.<init>(ScholasticInternational_Home.java:19)
	at pom.ScholasticInternational_Home.<init>(ScholasticInternational_Home.java:19)
	at pom.ScholasticInternational_Home.<init>(ScholasticInternational_Home.java:19)
	at pom.ScholasticInternational_Home.<init>(ScholasticInternational_Home.java:19)
	at pom.ScholasticInternational_Home.<init>(ScholasticInternational_Home.java:19)
	at pom.ScholasticInternational_Home.<init>(ScholasticInternational_Home.java:19)
	at pom.ScholasticInternational_Home.<init>(ScholasticInternational_Home.java:19)
	at pom.ScholasticInternational_Home.<init>(ScholasticInternational_Home.java:19)
	at pom.ScholasticInternational_Home.<init>(ScholasticInternational_Home.java:19)
	at pom.ScholasticInternational_Home.<init>(ScholasticInternational_Home.java:19)
	at pom.ScholasticInternational_Home.<init>(ScholasticInternational_Home.java:19)
	at pom.ScholasticInternational_Home.<init>(ScholasticInternational_Home.java:19)
	at pom.ScholasticInternational_Home.<init>(ScholasticInternational_Home.java:19)
	at pom.ScholasticInternational_Home.<init>(ScholasticInternational_Home.java:19)
	at pom.ScholasticInternational_Home.<init>(ScholasticInternational_Home.java:19)
	at pom.ScholasticInternational_Home.<init>(ScholasticInternational_Home.java:19)
	at pom.ScholasticInternational_Home.<init>(ScholasticInternational_Home.java:19)
	at pom.ScholasticInternational_Home.<init>(ScholasticInternational_Home.java:19)
	at pom.ScholasticInternational_Home.<init>(ScholasticInternational_Home.java:19)
	at pom.ScholasticInternational_Home.<init>(ScholasticInternational_Home.java:19)
	at pom.ScholasticInternational_Home.<init>(ScholasticInternational_Home.java:19)
	at pom.ScholasticInternational_Home.<init>(ScholasticInternational_Home.java:19)
	at pom.ScholasticInternational_Home.<init>(ScholasticInternational_Home.java:19)
	at pom.ScholasticInternational_Home.<init>(ScholasticInternational_Home.java:19)
	at pom.ScholasticInternational_Home.<init>(ScholasticInternational_Home.java:19)
	at pom.ScholasticInternational_Home.<init>(ScholasticInternational_Home.java:19)
	at pom.ScholasticInternational_Home.<init>(ScholasticInternational_Home.java:19)
	at pom.ScholasticInternational_Home.<init>(ScholasticInternational_Home.java:19)
	at pom.ScholasticInternational_Home.<init>(ScholasticInternational_Home.java:19)
	at pom.ScholasticInternational_Home.<init>(ScholasticInternational_Home.java:19)
	at pom.ScholasticInternational_Home.<init>(ScholasticInternational_Home.java:19)
	at pom.ScholasticInternational_Home.<init>(ScholasticInternational_Home.java:19)
	at pom.ScholasticInternational_Home.<init>(ScholasticInternational_Home.java:19)
	at pom.ScholasticInternational_Home.<init>(ScholasticInternational_Home.java:19)
	at pom.ScholasticInternational_Home.<init>(ScholasticInternational_Home.java:19)
	at pom.ScholasticInternational_Home.<init>(ScholasticInternational_Home.java:19)
	at pom.ScholasticInternational_Home.<init>(ScholasticInternational_Home.java:19)
	at pom.ScholasticInternational_Home.<init>(ScholasticInternational_Home.java:19)
	at pom.ScholasticInternational_Home.<init>(ScholasticInternational_Home.java:19)
	at pom.ScholasticInternational_Home.<init>(ScholasticInternational_Home.java:19)
	at pom.ScholasticInternational_Home.<init>(ScholasticInternational_Home.java:19)
	at pom.ScholasticInternational_Home.<init>(ScholasticInternational_Home.java:19)
	at pom.ScholasticInternational_Home.<init>(ScholasticInternational_Home.java:19)
	at pom.ScholasticInternational_Home.<init>(ScholasticInternational_Home.java:19)
	at pom.ScholasticInternational_Home.<init>(ScholasticInternational_Home.java:19)
	at pom.ScholasticInternational_Home.<init>(ScholasticInternational_Home.java:19)
	at pom.ScholasticInternational_Home.<init>(ScholasticInternational_Home.java:19)
	at pom.ScholasticInternational_Home.<init>(ScholasticInternational_Home.java:19)
	at pom.ScholasticInternational_Home.<init>(ScholasticInternational_Home.java:19)
	at pom.ScholasticInternational_Home.<init>(ScholasticInternational_Home.java:19)
	at pom.ScholasticInternational_Home.<init>(ScholasticInternational_Home.java:19)
	at pom.ScholasticInternational_Home.<init>(ScholasticInternational_Home.java:19)
	at pom.ScholasticInternational_Home.<init>(ScholasticInternational_Home.java:19)
	at pom.ScholasticInternational_Home.<init>(ScholasticInternational_Home.java:19)
	at pom.ScholasticInternational_Home.<init>(ScholasticInternational_Home.java:19)
	at pom.ScholasticInternational_Home.<init>(ScholasticInternational_Home.java:19)
	at pom.ScholasticInternational_Home.<init>(ScholasticInternational_Home.java:19)
	at pom.ScholasticInternational_Home.<init>(ScholasticInternational_Home.java:19)
	at pom.ScholasticInternational_Home.<init>(ScholasticInternational_Home.java:19)
	at pom.ScholasticInternational_Home.<init>(ScholasticInternational_Home.java:19)
	at pom.ScholasticInternational_Home.<init>(ScholasticInternational_Home.java:19)
	at pom.ScholasticInternational_Home.<init>(ScholasticInternational_Home.java:19)
	at pom.ScholasticInternational_Home.<init>(ScholasticInternational_Home.java:19)
	at pom.ScholasticInternational_Home.<init>(ScholasticInternational_Home.java:19)
	at pom.ScholasticInternational_Home.<init>(ScholasticInternational_Home.java:19)
	at pom.ScholasticInternational_Home.<init>(ScholasticInternational_Home.java:19)
	at pom.ScholasticInternational_Home.<init>(ScholasticInternational_Home.java:19)
	at pom.ScholasticInternational_Home.<init>(ScholasticInternational_Home.java:19)
	at pom.ScholasticInternational_Home.<init>(ScholasticInternational_Home.java:19)
	at pom.ScholasticInternational_Home.<init>(ScholasticInternational_Home.java:19)
	at pom.ScholasticInternational_Home.<init>(ScholasticInternational_Home.java:19)
	at pom.ScholasticInternational_Home.<init>(ScholasticInternational_Home.java:19)
	at pom.ScholasticInternational_Home.<init>(ScholasticInternational_Home.java:19)
	at pom.ScholasticInternational_Home.<init>(ScholasticInternational_Home.java:19)
	at pom.ScholasticInternational_Home.<init>(ScholasticInternational_Home.java:19)
	at pom.ScholasticInternational_Home.<init>(ScholasticInternational_Home.java:19)
	at pom.ScholasticInternational_Home.<init>(ScholasticInternational_Home.java:19)
	at pom.ScholasticInternational_Home.<init>(ScholasticInternational_Home.java:19)
	at pom.ScholasticInternational_Home.<init>(ScholasticInternational_Home.java:19)
	at pom.ScholasticInternational_Home.<init>(ScholasticInternational_Home.java:19)
	at pom.ScholasticInternational_Home.<init>(ScholasticInternational_Home.java:19)
	at pom.ScholasticInternational_Home.<init>(ScholasticInternational_Home.java:19)
	at pom.ScholasticInternational_Home.<init>(ScholasticInternational_Home.java:19)
	at pom.ScholasticInternational_Home.<init>(ScholasticInternational_Home.java:19)
	at pom.ScholasticInternational_Home.<init>(ScholasticInternational_Home.java:19)
	at pom.ScholasticInternational_Home.<init>(ScholasticInternational_Home.java:19)
	at pom.ScholasticInternational_Home.<init>(ScholasticInternational_Home.java:19)
	at pom.ScholasticInternational_Home.<init>(ScholasticInternational_Home.java:19)
	at pom.ScholasticInternational_Home.<init>(ScholasticInternational_Home.java:19)
	at pom.ScholasticInternational_Home.<init>(ScholasticInternational_Home.java:19)
	at pom.ScholasticInternational_Home.<init>(ScholasticInternational_Home.java:19)
	at pom.ScholasticInternational_Home.<init>(ScholasticInternational_Home.java:19)
	at pom.ScholasticInternational_Home.<init>(ScholasticInternational_Home.java:19)
	at pom.ScholasticInternational_Home.<init>(ScholasticInternational_Home.java:19)
	at pom.ScholasticInternational_Home.<init>(ScholasticInternational_Home.java:19)
	at pom.ScholasticInternational_Home.<init>(ScholasticInternational_Home.java:19)
	at pom.ScholasticInternational_Home.<init>(ScholasticInternational_Home.java:19)
	at pom.ScholasticInternational_Home.<init>(ScholasticInternational_Home.java:19)
	at pom.ScholasticInternational_Home.<init>(ScholasticInternational_Home.java:19)
	at pom.ScholasticInternational_Home.<init>(ScholasticInternational_Home.java:19)
	at pom.ScholasticInternational_Home.<init>(ScholasticInternational_Home.java:19)
	at pom.ScholasticInternational_Home.<init>(ScholasticInternational_Home.java:19)
	at pom.ScholasticInternational_Home.<init>(ScholasticInternational_Home.java:19)
	at pom.ScholasticInternational_Home.<init>(ScholasticInternational_Home.java:19)
	at pom.ScholasticInternational_Home.<init>(ScholasticInternational_Home.java:19)
	at pom.ScholasticInternational_Home.<init>(ScholasticInternational_Home.java:19)
	at pom.ScholasticInternational_Home.<init>(ScholasticInternational_Home.java:19)
	at pom.ScholasticInternational_Home.<init>(ScholasticInternational_Home.java:19)
	at pom.ScholasticInternational_Home.<init>(ScholasticInternational_Home.java:19)
	at pom.ScholasticInternational_Home.<init>(ScholasticInternational_Home.java:19)
	at pom.ScholasticInternational_Home.<init>(ScholasticInternational_Home.java:19)
	at pom.ScholasticInternational_Home.<init>(ScholasticInternational_Home.java:19)
	at pom.ScholasticInternational_Home.<init>(ScholasticInternational_Home.java:19)
	at pom.ScholasticInternational_Home.<init>(ScholasticInternational_Home.java:19)
	at pom.ScholasticInternational_Home.<init>(ScholasticInternational_Home.java:19)
	at pom.ScholasticInternational_Home.<init>(ScholasticInternational_Home.java:19)
	at pom.ScholasticInternational_Home.<init>(ScholasticInternational_Home.java:19)
	at pom.ScholasticInternational_Home.<init>(ScholasticInternational_Home.java:19)
	at pom.ScholasticInternational_Home.<init>(ScholasticInternational_Home.java:19)
	at pom.ScholasticInternational_Home.<init>(ScholasticInternational_Home.java:19)
	at pom.ScholasticInternational_Home.<init>(ScholasticInternational_Home.java:19)
	at pom.ScholasticInternational_Home.<init>(ScholasticInternational_Home.java:19)
	at pom.ScholasticInternational_Home.<init>(ScholasticInternational_Home.java:19)
	at pom.ScholasticInternational_Home.<init>(ScholasticInternational_Home.java:19)
	at pom.ScholasticInternational_Home.<init>(ScholasticInternational_Home.java:19)
	at pom.ScholasticInternational_Home.<init>(ScholasticInternational_Home.java:19)
	at pom.ScholasticInternational_Home.<init>(ScholasticInternational_Home.java:19)
	at pom.ScholasticInternational_Home.<init>(ScholasticInternational_Home.java:19)
	at pom.ScholasticInternational_Home.<init>(ScholasticInternational_Home.java:19)
	at pom.ScholasticInternational_Home.<init>(ScholasticInternational_Home.java:19)
	at pom.ScholasticInternational_Home.<init>(ScholasticInternational_Home.java:19)
	at pom.ScholasticInternational_Home.<init>(ScholasticInternational_Home.java:19)
	at pom.ScholasticInternational_Home.<init>(ScholasticInternational_Home.java:19)
	at pom.ScholasticInternational_Home.<init>(ScholasticInternational_Home.java:19)
	at pom.ScholasticInternational_Home.<init>(ScholasticInternational_Home.java:19)
	at pom.ScholasticInternational_Home.<init>(ScholasticInternational_Home.java:19)
	at pom.ScholasticInternational_Home.<init>(ScholasticInternational_Home.java:19)
	at pom.ScholasticInternational_Home.<init>(ScholasticInternational_Home.java:19)
	at pom.ScholasticInternational_Home.<init>(ScholasticInternational_Home.java:19)
	at pom.ScholasticInternational_Home.<init>(ScholasticInternational_Home.java:19)
	at pom.ScholasticInternational_Home.<init>(ScholasticInternational_Home.java:19)
	at pom.ScholasticInternational_Home.<init>(ScholasticInternational_Home.java:19)
	at pom.ScholasticInternational_Home.<init>(ScholasticInternational_Home.java:19)
	at pom.ScholasticInternational_Home.<init>(ScholasticInternational_Home.java:19)
	at pom.ScholasticInternational_Home.<init>(ScholasticInternational_Home.java:19)
	at pom.ScholasticInternational_Home.<init>(ScholasticInternational_Home.java:19)
	at pom.ScholasticInternational_Home.<init>(ScholasticInternational_Home.java:19)
	at pom.ScholasticInternational_Home.<init>(ScholasticInternational_Home.java:19)
	at pom.ScholasticInternational_Home.<init>(ScholasticInternational_Home.java:19)
	at pom.ScholasticInternational_Home.<init>(ScholasticInternational_Home.java:19)
	at pom.ScholasticInternational_Home.<init>(ScholasticInternational_Home.java:19)
	at pom.ScholasticInternational_Home.<init>(ScholasticInternational_Home.java:19)
	at pom.ScholasticInternational_Home.<init>(ScholasticInternational_Home.java:19)
	at pom.ScholasticInternational_Home.<init>(ScholasticInternational_Home.java:19)
	at pom.ScholasticInternational_Home.<init>(ScholasticInternational_Home.java:19)
	at pom.ScholasticInternational_Home.<init>(ScholasticInternational_Home.java:19)
	at pom.ScholasticInternational_Home.<init>(ScholasticInternational_Home.java:19)
	at pom.ScholasticInternational_Home.<init>(ScholasticInternational_Home.java:19)
	at pom.ScholasticInternational_Home.<init>(ScholasticInternational_Home.java:19)
	at pom.ScholasticInternational_Home.<init>(ScholasticInternational_Home.java:19)
	at pom.ScholasticInternational_Home.<init>(ScholasticInternational_Home.java:19)
	at pom.ScholasticInternational_Home.<init>(ScholasticInternational_Home.java:19)
	at pom.ScholasticInternational_Home.<init>(ScholasticInternational_Home.java:19)
	at pom.ScholasticInternational_Home.<init>(ScholasticInternational_Home.java:19)
	at pom.ScholasticInternational_Home.<init>(ScholasticInternational_Home.java:19)
	at pom.ScholasticInternational_Home.<init>(ScholasticInternational_Home.java:19)
	at pom.ScholasticInternational_Home.<init>(ScholasticInternational_Home.java:19)
	at pom.ScholasticInternational_Home.<init>(ScholasticInternational_Home.java:19)
	at pom.ScholasticInternational_Home.<init>(ScholasticInternational_Home.java:19)
	at pom.ScholasticInternational_Home.<init>(ScholasticInternational_Home.java:19)
	at pom.ScholasticInternational_Home.<init>(ScholasticInternational_Home.java:19)
	at pom.ScholasticInternational_Home.<init>(ScholasticInternational_Home.java:19)
	at pom.ScholasticInternational_Home.<init>(ScholasticInternational_Home.java:19)
	at pom.ScholasticInternational_Home.<init>(ScholasticInternational_Home.java:19)
	at pom.ScholasticInternational_Home.<init>(ScholasticInternational_Home.java:19)
	at pom.ScholasticInternational_Home.<init>(ScholasticInternational_Home.java:19)
	at pom.ScholasticInternational_Home.<init>(ScholasticInternational_Home.java:19)
	at pom.ScholasticInternational_Home.<init>(ScholasticInternational_Home.java:19)
	at pom.ScholasticInternational_Home.<init>(ScholasticInternational_Home.java:19)
	at pom.ScholasticInternational_Home.<init>(ScholasticInternational_Home.java:19)
	at pom.ScholasticInternational_Home.<init>(ScholasticInternational_Home.java:19)
	at pom.ScholasticInternational_Home.<init>(ScholasticInternational_Home.java:19)
	at pom.ScholasticInternational_Home.<init>(ScholasticInternational_Home.java:19)
	at pom.ScholasticInternational_Home.<init>(ScholasticInternational_Home.java:19)
	at pom.ScholasticInternational_Home.<init>(ScholasticInternational_Home.java:19)
	at pom.ScholasticInternational_Home.<init>(ScholasticInternational_Home.java:19)
	at pom.ScholasticInternational_Home.<init>(ScholasticInternational_Home.java:19)
	at pom.ScholasticInternational_Home.<init>(ScholasticInternational_Home.java:19)
	at pom.ScholasticInternational_Home.<init>(ScholasticInternational_Home.java:19)
	at pom.ScholasticInternational_Home.<init>(ScholasticInternational_Home.java:19)
	at pom.ScholasticInternational_Home.<init>(ScholasticInternational_Home.java:19)
	at pom.ScholasticInternational_Home.<init>(ScholasticInternational_Home.java:19)
	at pom.ScholasticInternational_Home.<init>(ScholasticInternational_Home.java:19)
	at pom.ScholasticInternational_Home.<init>(ScholasticInternational_Home.java:19)
	at pom.ScholasticInternational_Home.<init>(ScholasticInternational_Home.java:19)
	at pom.ScholasticInternational_Home.<init>(ScholasticInternational_Home.java:19)
	at pom.ScholasticInternational_Home.<init>(ScholasticInternational_Home.java:19)
	at pom.ScholasticInternational_Home.<init>(ScholasticInternational_Home.java:19)
	at pom.ScholasticInternational_Home.<init>(ScholasticInternational_Home.java:19)
	at pom.ScholasticInternational_Home.<init>(ScholasticInternational_Home.java:19)
	at pom.ScholasticInternational_Home.<init>(ScholasticInternational_Home.java:19)
	at pom.ScholasticInternational_Home.<init>(ScholasticInternational_Home.java:19)
	at pom.ScholasticInternational_Home.<init>(ScholasticInternational_Home.java:19)
	at pom.ScholasticInternational_Home.<init>(ScholasticInternational_Home.java:19)
	at pom.ScholasticInternational_Home.<init>(ScholasticInternational_Home.java:19)
	at pom.ScholasticInternational_Home.<init>(ScholasticInternational_Home.java:19)
	at pom.ScholasticInternational_Home.<init>(ScholasticInternational_Home.java:19)
	at pom.ScholasticInternational_Home.<init>(ScholasticInternational_Home.java:19)
	at pom.ScholasticInternational_Home.<init>(ScholasticInternational_Home.java:19)
	at pom.ScholasticInternational_Home.<init>(ScholasticInternational_Home.java:19)
	at pom.ScholasticInternational_Home.<init>(ScholasticInternational_Home.java:19)
	at pom.ScholasticInternational_Home.<init>(ScholasticInternational_Home.java:19)
	at pom.ScholasticInternational_Home.<init>(ScholasticInternational_Home.java:19)
	at pom.ScholasticInternational_Home.<init>(ScholasticInternational_Home.java:19)
	at pom.ScholasticInternational_Home.<init>(ScholasticInternational_Home.java:19)
	at pom.ScholasticInternational_Home.<init>(ScholasticInternational_Home.java:19)
	at pom.ScholasticInternational_Home.<init>(ScholasticInternational_Home.java:19)
	at pom.ScholasticInternational_Home.<init>(ScholasticInternational_Home.java:19)
	at pom.ScholasticInternational_Home.<init>(ScholasticInternational_Home.java:19)
	at pom.ScholasticInternational_Home.<init>(ScholasticInternational_Home.java:19)
	at pom.ScholasticInternational_Home.<init>(ScholasticInternational_Home.java:19)
	at pom.ScholasticInternational_Home.<init>(ScholasticInternational_Home.java:19)
	at pom.ScholasticInternational_Home.<init>(ScholasticInternational_Home.java:19)
	at pom.ScholasticInternational_Home.<init>(ScholasticInternational_Home.java:19)
	at pom.ScholasticInternational_Home.<init>(ScholasticInternational_Home.java:19)
	at pom.ScholasticInternational_Home.<init>(ScholasticInternational_Home.java:19)
	at pom.ScholasticInternational_Home.<init>(ScholasticInternational_Home.java:19)
	at pom.ScholasticInternational_Home.<init>(ScholasticInternational_Home.java:19)
	at pom.ScholasticInternational_Home.<init>(ScholasticInternational_Home.java:19)
	at pom.ScholasticInternational_Home.<init>(ScholasticInternational_Home.java:19)
	at pom.ScholasticInternational_Home.<init>(ScholasticInternational_Home.java:19)
	at pom.ScholasticInternational_Home.<init>(ScholasticInternational_Home.java:19)
	at pom.ScholasticInternational_Home.<init>(ScholasticInternational_Home.java:19)
	at pom.ScholasticInternational_Home.<init>(ScholasticInternational_Home.java:19)
	at pom.ScholasticInternational_Home.<init>(ScholasticInternational_Home.java:19)
	at pom.ScholasticInternational_Home.<init>(ScholasticInternational_Home.java:19)
	at pom.ScholasticInternational_Home.<init>(ScholasticInternational_Home.java:19)
	at pom.ScholasticInternational_Home.<init>(ScholasticInternational_Home.java:19)
	at pom.ScholasticInternational_Home.<init>(ScholasticInternational_Home.java:19)
	at pom.ScholasticInternational_Home.<init>(ScholasticInternational_Home.java:19)
	at pom.ScholasticInternational_Home.<init>(ScholasticInternational_Home.java:19)
	at pom.ScholasticInternational_Home.<init>(ScholasticInternational_Home.java:19)
	at pom.ScholasticInternational_Home.<init>(ScholasticInternational_Home.java:19)
	at pom.ScholasticInternational_Home.<init>(ScholasticInternational_Home.java:19)
	at pom.ScholasticInternational_Home.<init>(ScholasticInternational_Home.java:19)
	at pom.ScholasticInternational_Home.<init>(ScholasticInternational_Home.java:19)
	at pom.ScholasticInternational_Home.<init>(ScholasticInternational_Home.java:19)
	at pom.ScholasticInternational_Home.<init>(ScholasticInternational_Home.java:19)
	at pom.ScholasticInternational_Home.<init>(ScholasticInternational_Home.java:19)
	at pom.ScholasticInternational_Home.<init>(ScholasticInternational_Home.java:19)
	at pom.ScholasticInternational_Home.<init>(ScholasticInternational_Home.java:19)
	at pom.ScholasticInternational_Home.<init>(ScholasticInternational_Home.java:19)
	at pom.ScholasticInternational_Home.<init>(ScholasticInternational_Home.java:19)
	at pom.ScholasticInternational_Home.<init>(ScholasticInternational_Home.java:19)
	at pom.ScholasticInternational_Home.<init>(ScholasticInternational_Home.java:19)
	at pom.ScholasticInternational_Home.<init>(ScholasticInternational_Home.java:19)
	at pom.ScholasticInternational_Home.<init>(ScholasticInternational_Home.java:19)
	at pom.ScholasticInternational_Home.<init>(ScholasticInternational_Home.java:19)
	at pom.ScholasticInternational_Home.<init>(ScholasticInternational_Home.java:19)
	at pom.ScholasticInternational_Home.<init>(ScholasticInternational_Home.java:19)
	at pom.ScholasticInternational_Home.<init>(ScholasticInternational_Home.java:19)
	at pom.ScholasticInternational_Home.<init>(ScholasticInternational_Home.java:19)
	at pom.ScholasticInternational_Home.<init>(ScholasticInternational_Home.java:19)
	at pom.ScholasticInternational_Home.<init>(ScholasticInternational_Home.java:19)
	at pom.ScholasticInternational_Home.<init>(ScholasticInternational_Home.java:19)
	at pom.ScholasticInternational_Home.<init>(ScholasticInternational_Home.java:19)
	at pom.ScholasticInternational_Home.<init>(ScholasticInternational_Home.java:19)
	at pom.ScholasticInternational_Home.<init>(ScholasticInternational_Home.java:19)
	at pom.ScholasticInternational_Home.<init>(ScholasticInternational_Home.java:19)
	at pom.ScholasticInternational_Home.<init>(ScholasticInternational_Home.java:19)
	at pom.ScholasticInternational_Home.<init>(ScholasticInternational_Home.java:19)
	at pom.ScholasticInternational_Home.<init>(ScholasticInternational_Home.java:19)
	at pom.ScholasticInternational_Home.<init>(ScholasticInternational_Home.java:19)
	at pom.ScholasticInternational_Home.<init>(ScholasticInternational_Home.java:19)
	at pom.ScholasticInternational_Home.<init>(ScholasticInternational_Home.java:19)
	at pom.ScholasticInternational_Home.<init>(ScholasticInternational_Home.java:19)
	at pom.ScholasticInternational_Home.<init>(ScholasticInternational_Home.java:19)
	at pom.ScholasticInternational_Home.<init>(ScholasticInternational_Home.java:19)
	at pom.ScholasticInternational_Home.<init>(ScholasticInternational_Home.java:19)
	at pom.ScholasticInternational_Home.<init>(ScholasticInternational_Home.java:19)
	at pom.ScholasticInternational_Home.<init>(ScholasticInternational_Home.java:19)
	at pom.ScholasticInternational_Home.<init>(ScholasticInternational_Home.java:19)
	at pom.ScholasticInternational_Home.<init>(ScholasticInternational_Home.java:19)
	at pom.ScholasticInternational_Home.<init>(ScholasticInternational_Home.java:19)
	at pom.ScholasticInternational_Home.<init>(ScholasticInternational_Home.java:19)
	at pom.ScholasticInternational_Home.<init>(ScholasticInternational_Home.java:19)
	at pom.ScholasticInternational_Home.<init>(ScholasticInternational_Home.java:19)
	at pom.ScholasticInternational_Home.<init>(ScholasticInternational_Home.java:19)
	at pom.ScholasticInternational_Home.<init>(ScholasticInternational_Home.java:19)
	at pom.ScholasticInternational_Home.<init>(ScholasticInternational_Home.java:19)
	at pom.ScholasticInternational_Home.<init>(ScholasticInternational_Home.java:19)
	at pom.ScholasticInternational_Home.<init>(ScholasticInternational_Home.java:19)
	at pom.ScholasticInternational_Home.<init>(ScholasticInternational_Home.java:19)
	at pom.ScholasticInternational_Home.<init>(ScholasticInternational_Home.java:19)
	at pom.ScholasticInternational_Home.<init>(ScholasticInternational_Home.java:19)
	at pom.ScholasticInternational_Home.<init>(ScholasticInternational_Home.java:19)
	at pom.ScholasticInternational_Home.<init>(ScholasticInternational_Home.java:19)
	at pom.ScholasticInternational_Home.<init>(ScholasticInternational_Home.java:19)
	at pom.ScholasticInternational_Home.<init>(ScholasticInternational_Home.java:19)
	at pom.ScholasticInternational_Home.<init>(ScholasticInternational_Home.java:19)
	at pom.ScholasticInternational_Home.<init>(ScholasticInternational_Home.java:19)
	at pom.ScholasticInternational_Home.<init>(ScholasticInternational_Home.java:19)
	at pom.ScholasticInternational_Home.<init>(ScholasticInternational_Home.java:19)
	at pom.ScholasticInternational_Home.<init>(ScholasticInternational_Home.java:19)
	at pom.ScholasticInternational_Home.<init>(ScholasticInternational_Home.java:19)
	at pom.ScholasticInternational_Home.<init>(ScholasticInternational_Home.java:19)
	at pom.ScholasticInternational_Home.<init>(ScholasticInternational_Home.java:19)
	at pom.ScholasticInternational_Home.<init>(ScholasticInternational_Home.java:19)
	at pom.ScholasticInternational_Home.<init>(ScholasticInternational_Home.java:19)
	at pom.ScholasticInternational_Home.<init>(ScholasticInternational_Home.java:19)
	at pom.ScholasticInternational_Home.<init>(ScholasticInternational_Home.java:19)
	at pom.ScholasticInternational_Home.<init>(ScholasticInternational_Home.java:19)
	at pom.ScholasticInternational_Home.<init>(ScholasticInternational_Home.java:19)
	at pom.ScholasticInternational_Home.<init>(ScholasticInternational_Home.java:19)
	at pom.ScholasticInternational_Home.<init>(ScholasticInternational_Home.java:19)
	at pom.ScholasticInternational_Home.<init>(ScholasticInternational_Home.java:19)
	at pom.ScholasticInternational_Home.<init>(ScholasticInternational_Home.java:19)
	at pom.ScholasticInternational_Home.<init>(ScholasticInternational_Home.java:19)
	at pom.ScholasticInternational_Home.<init>(ScholasticInternational_Home.java:19)
	at pom.ScholasticInternational_Home.<init>(ScholasticInternational_Home.java:19)
	at pom.ScholasticInternational_Home.<init>(ScholasticInternational_Home.java:19)
	at pom.ScholasticInternational_Home.<init>(ScholasticInternational_Home.java:19)
	at pom.ScholasticInternational_Home.<init>(ScholasticInternational_Home.java:19)
	at pom.ScholasticInternational_Home.<init>(ScholasticInternational_Home.java:19)
	at pom.ScholasticInternational_Home.<init>(ScholasticInternational_Home.java:19)
	at pom.ScholasticInternational_Home.<init>(ScholasticInternational_Home.java:19)
	at pom.ScholasticInternational_Home.<init>(ScholasticInternational_Home.java:19)
	at pom.ScholasticInternational_Home.<init>(ScholasticInternational_Home.java:19)
	at pom.ScholasticInternational_Home.<init>(ScholasticInternational_Home.java:19)
	at pom.ScholasticInternational_Home.<init>(ScholasticInternational_Home.java:19)
	at pom.ScholasticInternational_Home.<init>(ScholasticInternational_Home.java:19)
	at pom.ScholasticInternational_Home.<init>(ScholasticInternational_Home.java:19)
	at pom.ScholasticInternational_Home.<init>(ScholasticInternational_Home.java:19)
	at pom.ScholasticInternational_Home.<init>(ScholasticInternational_Home.java:19)
	at pom.ScholasticInternational_Home.<init>(ScholasticInternational_Home.java:19)
	at pom.ScholasticInternational_Home.<init>(ScholasticInternational_Home.java:19)
	at pom.ScholasticInternational_Home.<init>(ScholasticInternational_Home.java:19)
	at pom.ScholasticInternational_Home.<init>(ScholasticInternational_Home.java:19)
	at pom.ScholasticInternational_Home.<init>(ScholasticInternational_Home.java:19)
	at pom.ScholasticInternational_Home.<init>(ScholasticInternational_Home.java:19)
	at pom.ScholasticInternational_Home.<init>(ScholasticInternational_Home.java:19)
	at pom.ScholasticInternational_Home.<init>(ScholasticInternational_Home.java:19)
	at pom.ScholasticInternational_Home.<init>(ScholasticInternational_Home.java:19)
	at pom.ScholasticInternational_Home.<init>(ScholasticInternational_Home.java:19)
	at pom.ScholasticInternational_Home.<init>(ScholasticInternational_Home.java:19)
	at pom.ScholasticInternational_Home.<init>(ScholasticInternational_Home.java:19)
	at pom.ScholasticInternational_Home.<init>(ScholasticInternational_Home.java:19)
	at pom.ScholasticInternational_Home.<init>(ScholasticInternational_Home.java:19)
	at pom.ScholasticInternational_Home.<init>(ScholasticInternational_Home.java:19)
	at pom.ScholasticInternational_Home.<init>(ScholasticInternational_Home.java:19)
	at pom.ScholasticInternational_Home.<init>(ScholasticInternational_Home.java:19)
	at pom.ScholasticInternational_Home.<init>(ScholasticInternational_Home.java:19)
	at pom.ScholasticInternational_Home.<init>(ScholasticInternational_Home.java:19)
	at pom.ScholasticInternational_Home.<init>(ScholasticInternational_Home.java:19)
	at pom.ScholasticInternational_Home.<init>(ScholasticInternational_Home.java:19)
	at pom.ScholasticInternational_Home.<init>(ScholasticInternational_Home.java:19)
	at pom.ScholasticInternational_Home.<init>(ScholasticInternational_Home.java:19)
	at pom.ScholasticInternational_Home.<init>(ScholasticInternational_Home.java:19)
	at pom.ScholasticInternational_Home.<init>(ScholasticInternational_Home.java:19)
	at pom.ScholasticInternational_Home.<init>(ScholasticInternational_Home.java:19)
	at pom.ScholasticInternational_Home.<init>(ScholasticInternational_Home.java:19)
	at pom.ScholasticInternational_Home.<init>(ScholasticInternational_Home.java:19)
	at pom.ScholasticInternational_Home.<init>(ScholasticInternational_Home.java:19)
	at pom.ScholasticInternational_Home.<init>(ScholasticInternational_Home.java:19)
	at pom.ScholasticInternational_Home.<init>(ScholasticInternational_Home.java:19)
	at pom.ScholasticInternational_Home.<init>(ScholasticInternational_Home.java:19)
	at pom.ScholasticInternational_Home.<init>(ScholasticInternational_Home.java:19)
	at pom.ScholasticInternational_Home.<init>(ScholasticInternational_Home.java:19)
	at pom.ScholasticInternational_Home.<init>(ScholasticInternational_Home.java:19)
	at pom.ScholasticInternational_Home.<init>(ScholasticInternational_Home.java:19)
	at pom.ScholasticInternational_Home.<init>(ScholasticInternational_Home.java:19)
	at pom.ScholasticInternational_Home.<init>(ScholasticInternational_Home.java:19)
	at pom.ScholasticInternational_Home.<init>(ScholasticInternational_Home.java:19)
	at pom.ScholasticInternational_Home.<init>(ScholasticInternational_Home.java:19)
	at pom.ScholasticInternational_Home.<init>(ScholasticInternational_Home.java:19)
	at pom.ScholasticInternational_Home.<init>(ScholasticInternational_Home.java:19)
	at pom.ScholasticInternational_Home.<init>(ScholasticInternational_Home.java:19)
	at pom.ScholasticInternational_Home.<init>(ScholasticInternational_Home.java:19)
	at pom.ScholasticInternational_Home.<init>(ScholasticInternational_Home.java:19)
	at pom.ScholasticInternational_Home.<init>(ScholasticInternational_Home.java:19)
	at pom.ScholasticInternational_Home.<init>(ScholasticInternational_Home.java:19)
	at pom.ScholasticInternational_Home.<init>(ScholasticInternational_Home.java:19)
	at pom.ScholasticInternational_Home.<init>(ScholasticInternational_Home.java:19)
	at pom.ScholasticInternational_Home.<init>(ScholasticInternational_Home.java:19)
	at pom.ScholasticInternational_Home.<init>(ScholasticInternational_Home.java:19)
	at pom.ScholasticInternational_Home.<init>(ScholasticInternational_Home.java:19)
	at pom.ScholasticInternational_Home.<init>(ScholasticInternational_Home.java:19)
	at pom.ScholasticInternational_Home.<init>(ScholasticInternational_Home.java:19)
	at pom.ScholasticInternational_Home.<init>(ScholasticInternational_Home.java:19)
	at pom.ScholasticInternational_Home.<init>(ScholasticInternational_Home.java:19)
	at pom.ScholasticInternational_Home.<init>(ScholasticInternational_Home.java:19)
	at pom.ScholasticInternational_Home.<init>(ScholasticInternational_Home.java:19)
	at pom.ScholasticInternational_Home.<init>(ScholasticInternational_Home.java:19)
	at pom.ScholasticInternational_Home.<init>(ScholasticInternational_Home.java:19)
	at pom.ScholasticInternational_Home.<init>(ScholasticInternational_Home.java:19)
	at pom.ScholasticInternational_Home.<init>(ScholasticInternational_Home.java:19)
	at pom.ScholasticInternational_Home.<init>(ScholasticInternational_Home.java:19)
	at pom.ScholasticInternational_Home.<init>(ScholasticInternational_Home.java:19)
	at pom.ScholasticInternational_Home.<init>(ScholasticInternational_Home.java:19)
	at pom.ScholasticInternational_Home.<init>(ScholasticInternational_Home.java:19)
	at pom.ScholasticInternational_Home.<init>(ScholasticInternational_Home.java:19)
	at pom.ScholasticInternational_Home.<init>(ScholasticInternational_Home.java:19)
	at pom.ScholasticInternational_Home.<init>(ScholasticInternational_Home.java:19)
	at pom.ScholasticInternational_Home.<init>(ScholasticInternational_Home.java:19)
	at pom.ScholasticInternational_Home.<init>(ScholasticInternational_Home.java:19)
	at pom.ScholasticInternational_Home.<init>(ScholasticInternational_Home.java:19)
	at pom.ScholasticInternational_Home.<init>(ScholasticInternational_Home.java:19)
	at pom.ScholasticInternational_Home.<init>(ScholasticInternational_Home.java:19)
	at pom.ScholasticInternational_Home.<init>(ScholasticInternational_Home.java:19)
	at pom.ScholasticInternational_Home.<init>(ScholasticInternational_Home.java:19)
	at pom.ScholasticInternational_Home.<init>(ScholasticInternational_Home.java:19)
	at pom.ScholasticInternational_Home.<init>(ScholasticInternational_Home.java:19)
	at pom.ScholasticInternational_Home.<init>(ScholasticInternational_Home.java:19)
	at pom.ScholasticInternational_Home.<init>(ScholasticInternational_Home.java:19)
	at pom.ScholasticInternational_Home.<init>(ScholasticInternational_Home.java:19)
	at pom.ScholasticInternational_Home.<init>(ScholasticInternational_Home.java:19)
	at pom.ScholasticInternational_Home.<init>(ScholasticInternational_Home.java:19)
	at pom.ScholasticInternational_Home.<init>(ScholasticInternational_Home.java:19)
	at pom.ScholasticInternational_Home.<init>(ScholasticInternational_Home.java:19)
	at pom.ScholasticInternational_Home.<init>(ScholasticInternational_Home.java:19)
	at pom.ScholasticInternational_Home.<init>(ScholasticInternational_Home.java:19)
	at pom.ScholasticInternational_Home.<init>(ScholasticInternational_Home.java:19)
	at pom.ScholasticInternational_Home.<init>(ScholasticInternational_Home.java:19)
	at pom.ScholasticInternational_Home.<init>(ScholasticInternational_Home.java:19)
	at pom.ScholasticInternational_Home.<init>(ScholasticInternational_Home.java:19)
	at pom.ScholasticInternational_Home.<init>(ScholasticInternational_Home.java:19)
	at pom.ScholasticInternational_Home.<init>(ScholasticInternational_Home.java:19)
	at pom.ScholasticInternational_Home.<init>(ScholasticInternational_Home.java:19)
	at pom.ScholasticInternational_Home.<init>(ScholasticInternational_Home.java:19)
	at pom.ScholasticInternational_Home.<init>(ScholasticInternational_Home.java:19)
	at pom.ScholasticInternational_Home.<init>(ScholasticInternational_Home.java:19)
	at pom.ScholasticInternational_Home.<init>(ScholasticInternational_Home.java:19)
	at pom.ScholasticInternational_Home.<init>(ScholasticInternational_Home.java:19)
	at pom.ScholasticInternational_Home.<init>(ScholasticInternational_Home.java:19)
	at pom.ScholasticInternational_Home.<init>(ScholasticInternational_Home.java:19)
	at pom.ScholasticInternational_Home.<init>(ScholasticInternational_Home.java:19)
	at pom.ScholasticInternational_Home.<init>(ScholasticInternational_Home.java:19)
	at pom.ScholasticInternational_Home.<init>(ScholasticInternational_Home.java:19)
	at pom.ScholasticInternational_Home.<init>(ScholasticInternational_Home.java:19)
	at pom.ScholasticInternational_Home.<init>(ScholasticInternational_Home.java:19)
	at pom.ScholasticInternational_Home.<init>(ScholasticInternational_Home.java:19)
	at pom.ScholasticInternational_Home.<init>(ScholasticInternational_Home.java:19)
	at pom.ScholasticInternational_Home.<init>(ScholasticInternational_Home.java:19)
	at pom.ScholasticInternational_Home.<init>(ScholasticInternational_Home.java:19)
	at pom.ScholasticInternational_Home.<init>(ScholasticInternational_Home.java:19)
	at pom.ScholasticInternational_Home.<init>(ScholasticInternational_Home.java:19)
	at pom.ScholasticInternational_Home.<init>(ScholasticInternational_Home.java:19)
	at pom.ScholasticInternational_Home.<init>(ScholasticInternational_Home.java:19)
	at pom.ScholasticInternational_Home.<init>(ScholasticInternational_Home.java:19)
	at pom.ScholasticInternational_Home.<init>(ScholasticInternational_Home.java:19)
	at pom.ScholasticInternational_Home.<init>(ScholasticInternational_Home.java:19)
	at pom.ScholasticInternational_Home.<init>(ScholasticInternational_Home.java:19)
	at pom.ScholasticInternational_Home.<init>(ScholasticInternational_Home.java:19)
	at pom.ScholasticInternational_Home.<init>(ScholasticInternational_Home.java:19)
	at pom.ScholasticInternational_Home.<init>(ScholasticInternational_Home.java:19)
	at pom.ScholasticInternational_Home.<init>(ScholasticInternational_Home.java:19)
	at pom.ScholasticInternational_Home.<init>(ScholasticInternational_Home.java:19)
	at pom.ScholasticInternational_Home.<init>(ScholasticInternational_Home.java:19)
	at pom.ScholasticInternational_Home.<init>(ScholasticInternational_Home.java:19)
	at pom.ScholasticInternational_Home.<init>(ScholasticInternational_Home.java:19)
	at pom.ScholasticInternational_Home.<init>(ScholasticInternational_Home.java:19)
	at pom.ScholasticInternational_Home.<init>(ScholasticInternational_Home.java:19)
	at pom.ScholasticInternational_Home.<init>(ScholasticInternational_Home.java:19)
	at pom.ScholasticInternational_Home.<init>(ScholasticInternational_Home.java:19)
	at pom.ScholasticInternational_Home.<init>(ScholasticInternational_Home.java:19)
	at pom.ScholasticInternational_Home.<init>(ScholasticInternational_Home.java:19)
	at pom.ScholasticInternational_Home.<init>(ScholasticInternational_Home.java:19)
	at pom.ScholasticInternational_Home.<init>(ScholasticInternational_Home.java:19)
	at pom.ScholasticInternational_Home.<init>(ScholasticInternational_Home.java:19)
	at pom.ScholasticInternational_Home.<init>(ScholasticInternational_Home.java:19)
	at pom.ScholasticInternational_Home.<init>(ScholasticInternational_Home.java:19)
	at pom.ScholasticInternational_Home.<init>(ScholasticInternational_Home.java:19)
	at pom.ScholasticInternational_Home.<init>(ScholasticInternational_Home.java:19)
	at pom.ScholasticInternational_Home.<init>(ScholasticInternational_Home.java:19)
	at pom.ScholasticInternational_Home.<init>(ScholasticInternational_Home.java:19)
	at pom.ScholasticInternational_Home.<init>(ScholasticInternational_Home.java:19)
	at pom.ScholasticInternational_Home.<init>(ScholasticInternational_Home.java:19)
	at pom.ScholasticInternational_Home.<init>(ScholasticInternational_Home.java:19)
	at pom.ScholasticInternational_Home.<init>(ScholasticInternational_Home.java:19)
	at pom.ScholasticInternational_Home.<init>(ScholasticInternational_Home.java:19)
	at pom.ScholasticInternational_Home.<init>(ScholasticInternational_Home.java:19)
	at pom.ScholasticInternational_Home.<init>(ScholasticInternational_Home.java:19)
	at pom.ScholasticInternational_Home.<init>(ScholasticInternational_Home.java:19)
	at pom.ScholasticInternational_Home.<init>(ScholasticInternational_Home.java:19)
	at pom.ScholasticInternational_Home.<init>(ScholasticInternational_Home.java:19)
	at pom.ScholasticInternational_Home.<init>(ScholasticInternational_Home.java:19)
	at pom.ScholasticInternational_Home.<init>(ScholasticInternational_Home.java:19)
	at pom.ScholasticInternational_Home.<init>(ScholasticInternational_Home.java:19)
	at pom.ScholasticInternational_Home.<init>(ScholasticInternational_Home.java:19)
	at pom.ScholasticInternational_Home.<init>(ScholasticInternational_Home.java:19)
	at pom.ScholasticInternational_Home.<init>(ScholasticInternational_Home.java:19)
	at pom.ScholasticInternational_Home.<init>(ScholasticInternational_Home.java:19)
	at pom.ScholasticInternational_Home.<init>(ScholasticInternational_Home.java:19)
	at pom.ScholasticInternational_Home.<init>(ScholasticInternational_Home.java:19)
	at pom.ScholasticInternational_Home.<init>(ScholasticInternational_Home.java:19)
	at pom.ScholasticInternational_Home.<init>(ScholasticInternational_Home.java:19)
	at pom.ScholasticInternational_Home.<init>(ScholasticInternational_Home.java:19)
	at pom.ScholasticInternational_Home.<init>(ScholasticInternational_Home.java:19)
	at pom.ScholasticInternational_Home.<init>(ScholasticInternational_Home.java:19)
	at pom.ScholasticInternational_Home.<init>(ScholasticInternational_Home.java:19)
	at pom.ScholasticInternational_Home.<init>(ScholasticInternational_Home.java:19)
	at pom.ScholasticInternational_Home.<init>(ScholasticInternational_Home.java:19)
	at pom.ScholasticInternational_Home.<init>(ScholasticInternational_Home.java:19)
	at pom.ScholasticInternational_Home.<init>(ScholasticInternational_Home.java:19)
	at pom.ScholasticInternational_Home.<init>(ScholasticInternational_Home.java:19)
	at pom.ScholasticInternational_Home.<init>(ScholasticInternational_Home.java:19)
	at pom.ScholasticInternational_Home.<init>(ScholasticInternational_Home.java:19)
	at pom.ScholasticInternational_Home.<init>(ScholasticInternational_Home.java:19)
	at pom.ScholasticInternational_Home.<init>(ScholasticInternational_Home.java:19)
	at pom.ScholasticInternational_Home.<init>(ScholasticInternational_Home.java:19)
	at pom.ScholasticInternational_Home.<init>(ScholasticInternational_Home.java:19)
	at pom.ScholasticInternational_Home.<init>(ScholasticInternational_Home.java:19)
	at pom.ScholasticInternational_Home.<init>(ScholasticInternational_Home.java:19)
	at pom.ScholasticInternational_Home.<init>(ScholasticInternational_Home.java:19)
	at pom.ScholasticInternational_Home.<init>(ScholasticInternational_Home.java:19)
	at pom.ScholasticInternational_Home.<init>(ScholasticInternational_Home.java:19)
	at pom.ScholasticInternational_Home.<init>(ScholasticInternational_Home.java:19)
	at pom.ScholasticInternational_Home.<init>(ScholasticInternational_Home.java:19)
	at pom.ScholasticInternational_Home.<init>(ScholasticInternational_Home.java:19)
	at pom.ScholasticInternational_Home.<init>(ScholasticInternational_Home.java:19)
	at pom.ScholasticInternational_Home.<init>(ScholasticInternational_Home.java:19)
	at pom.ScholasticInternational_Home.<init>(ScholasticInternational_Home.java:19)
	at pom.ScholasticInternational_Home.<init>(ScholasticInternational_Home.java:19)
	at pom.ScholasticInternational_Home.<init>(ScholasticInternational_Home.java:19)
	at pom.ScholasticInternational_Home.<init>(ScholasticInternational_Home.java:19)
	at pom.ScholasticInternational_Home.<init>(ScholasticInternational_Home.java:19)
	at pom.ScholasticInternational_Home.<init>(ScholasticInternational_Home.java:19)
	at pom.ScholasticInternational_Home.<init>(ScholasticInternational_Home.java:19)
	at pom.ScholasticInternational_Home.<init>(ScholasticInternational_Home.java:19)
	at pom.ScholasticInternational_Home.<init>(ScholasticInternational_Home.java:19)
	at pom.ScholasticInternational_Home.<init>(ScholasticInternational_Home.java:19)
	at pom.ScholasticInternational_Home.<init>(ScholasticInternational_Home.java:19)
	at pom.ScholasticInternational_Home.<init>(ScholasticInternational_Home.java:19)
	at pom.ScholasticInternational_Home.<init>(ScholasticInternational_Home.java:19)
	at pom.ScholasticInternational_Home.<init>(ScholasticInternational_Home.java:19)
	at pom.ScholasticInternational_Home.<init>(ScholasticInternational_Home.java:19)
	at pom.ScholasticInternational_Home.<init>(ScholasticInternational_Home.java:19)
	at pom.ScholasticInternational_Home.<init>(ScholasticInternational_Home.java:19)
	at pom.ScholasticInternational_Home.<init>(ScholasticInternational_Home.java:19)
	at pom.ScholasticInternational_Home.<init>(ScholasticInternational_Home.java:19)
	at pom.ScholasticInternational_Home.<init>(ScholasticInternational_Home.java:19)
	at pom.ScholasticInternational_Home.<init>(ScholasticInternational_Home.java:19)
	at pom.ScholasticInternational_Home.<init>(ScholasticInternational_Home.java:19)
	at pom.ScholasticInternational_Home.<init>(ScholasticInternational_Home.java:19)
	at pom.ScholasticInternational_Home.<init>(ScholasticInternational_Home.java:19)
	at pom.ScholasticInternational_Home.<init>(ScholasticInternational_Home.java:19)
	at pom.ScholasticInternational_Home.<init>(ScholasticInternational_Home.java:19)
	at pom.ScholasticInternational_Home.<init>(ScholasticInternational_Home.java:19)
	at pom.ScholasticInternational_Home.<init>(ScholasticInternational_Home.java:19)
	at pom.ScholasticInternational_Home.<init>(ScholasticInternational_Home.java:19)
	at pom.ScholasticInternational_Home.<init>(ScholasticInternational_Home.java:19)
	at pom.ScholasticInternational_Home.<init>(ScholasticInternational_Home.java:19)
	at pom.ScholasticInternational_Home.<init>(ScholasticInternational_Home.java:19)
	at pom.ScholasticInternational_Home.<init>(ScholasticInternational_Home.java:19)
	at pom.ScholasticInternational_Home.<init>(ScholasticInternational_Home.java:19)
	at pom.ScholasticInternational_Home.<init>(ScholasticInternational_Home.java:19)
	at pom.ScholasticInternational_Home.<init>(ScholasticInternational_Home.java:19)
	at pom.ScholasticInternational_Home.<init>(ScholasticInternational_Home.java:19)
	at pom.ScholasticInternational_Home.<init>(ScholasticInternational_Home.java:19)
	at pom.ScholasticInternational_Home.<init>(ScholasticInternational_Home.java:19)
	at pom.ScholasticInternational_Home.<init>(ScholasticInternational_Home.java:19)
	at pom.ScholasticInternational_Home.<init>(ScholasticInternational_Home.java:19)
	at pom.ScholasticInternational_Home.<init>(ScholasticInternational_Home.java:19)
	at pom.ScholasticInternational_Home.<init>(ScholasticInternational_Home.java:19)
	at pom.ScholasticInternational_Home.<init>(ScholasticInternational_Home.java:19)
	at pom.ScholasticInternational_Home.<init>(ScholasticInternational_Home.java:19)
	at pom.ScholasticInternational_Home.<init>(ScholasticInternational_Home.java:19)
	at pom.ScholasticInternational_Home.<init>(ScholasticInternational_Home.java:19)
	at pom.ScholasticInternational_Home.<init>(ScholasticInternational_Home.java:19)
	at pom.ScholasticInternational_Home.<init>(ScholasticInternational_Home.java:19)
	at pom.ScholasticInternational_Home.<init>(ScholasticInternational_Home.java:19)
	at pom.ScholasticInternational_Home.<init>(ScholasticInternational_Home.java:19)
	at pom.ScholasticInternational_Home.<init>(ScholasticInternational_Home.java:19)
	at pom.ScholasticInternational_Home.<init>(ScholasticInternational_Home.java:19)
	at pom.ScholasticInternational_Home.<init>(ScholasticInternational_Home.java:19)
	at pom.ScholasticInternational_Home.<init>(ScholasticInternational_Home.java:19)
	at pom.ScholasticInternational_Home.<init>(ScholasticInternational_Home.java:19)
	at pom.ScholasticInternational_Home.<init>(ScholasticInternational_Home.java:19)
	at pom.ScholasticInternational_Home.<init>(ScholasticInternational_Home.java:19)
	at pom.ScholasticInternational_Home.<init>(ScholasticInternational_Home.java:19)
	at pom.ScholasticInternational_Home.<init>(ScholasticInternational_Home.java:19)
	at pom.ScholasticInternational_Home.<init>(ScholasticInternational_Home.java:19)
	at pom.ScholasticInternational_Home.<init>(ScholasticInternational_Home.java:19)
	at pom.ScholasticInternational_Home.<init>(ScholasticInternational_Home.java:19)
	at pom.ScholasticInternational_Home.<init>(ScholasticInternational_Home.java:19)
	at pom.ScholasticInternational_Home.<init>(ScholasticInternational_Home.java:19)
	at pom.ScholasticInternational_Home.<init>(ScholasticInternational_Home.java:19)
	at pom.ScholasticInternational_Home.<init>(ScholasticInternational_Home.java:19)
	at pom.ScholasticInternational_Home.<init>(ScholasticInternational_Home.java:19)
	at pom.ScholasticInternational_Home.<init>(ScholasticInternational_Home.java:19)
	at pom.ScholasticInternational_Home.<init>(ScholasticInternational_Home.java:19)
	at pom.ScholasticInternational_Home.<init>(ScholasticInternational_Home.java:19)
	at pom.ScholasticInternational_Home.<init>(ScholasticInternational_Home.java:19)
	at pom.ScholasticInternational_Home.<init>(ScholasticInternational_Home.java:19)
	at pom.ScholasticInternational_Home.<init>(ScholasticInternational_Home.java:19)
	at pom.ScholasticInternational_Home.<init>(ScholasticInternational_Home.java:19)
	at pom.ScholasticInternational_Home.<init>(ScholasticInternational_Home.java:19)
	at pom.ScholasticInternational_Home.<init>(ScholasticInternational_Home.java:19)
	at pom.ScholasticInternational_Home.<init>(ScholasticInternational_Home.java:19)
	at pom.ScholasticInternational_Home.<init>(ScholasticInternational_Home.java:19)
	at pom.ScholasticInternational_Home.<init>(ScholasticInternational_Home.java:19)
	at pom.ScholasticInternational_Home.<init>(ScholasticInternational_Home.java:19)
	at pom.ScholasticInternational_Home.<init>(ScholasticInternational_Home.java:19)
	at pom.ScholasticInternational_Home.<init>(ScholasticInternational_Home.java:19)
	at pom.ScholasticInternational_Home.<init>(ScholasticInternational_Home.java:19)
	at pom.ScholasticInternational_Home.<init>(ScholasticInternational_Home.java:19)
	at pom.ScholasticInternational_Home.<init>(ScholasticInternational_Home.java:19)
	at pom.ScholasticInternational_Home.<init>(ScholasticInternational_Home.java:19)
	at pom.ScholasticInternational_Home.<init>(ScholasticInternational_Home.java:19)
	at pom.ScholasticInternational_Home.<init>(ScholasticInternational_Home.java:19)
	at pom.ScholasticInternational_Home.<init>(ScholasticInternational_Home.java:19)
	at pom.ScholasticInternational_Home.<init>(ScholasticInternational_Home.java:19)
	at pom.ScholasticInternational_Home.<init>(ScholasticInternational_Home.java:19)
	at pom.ScholasticInternational_Home.<init>(ScholasticInternational_Home.java:19)
	at pom.ScholasticInternational_Home.<init>(ScholasticInternational_Home.java:19)
	at pom.ScholasticInternational_Home.<init>(ScholasticInternational_Home.java:19)
	at pom.ScholasticInternational_Home.<init>(ScholasticInternational_Home.java:19)
	at pom.ScholasticInternational_Home.<init>(ScholasticInternational_Home.java:19)
	at pom.ScholasticInternational_Home.<init>(ScholasticInternational_Home.java:19)
	at pom.ScholasticInternational_Home.<init>(ScholasticInternational_Home.java:19)
	at pom.ScholasticInternational_Home.<init>(ScholasticInternational_Home.java:19)
	at pom.ScholasticInternational_Home.<init>(ScholasticInternational_Home.java:19)
	at pom.ScholasticInternational_Home.<init>(ScholasticInternational_Home.java:19)
	at pom.ScholasticInternational_Home.<init>(ScholasticInternational_Home.java:19)
	at pom.ScholasticInternational_Home.<init>(ScholasticInternational_Home.java:19)
	at pom.ScholasticInternational_Home.<init>(ScholasticInternational_Home.java:19)
	at pom.ScholasticInternational_Home.<init>(ScholasticInternational_Home.java:19)
]]>
            </full-stacktrace>
          </exception> <!-- java.lang.StackOverflowError -->
          <reporter-output>
          </reporter-output>
        </test-method> <!-- verifySearchFunctionality -->
        <test-method status="PASS" signature="postCondition()[pri:0, instance:scripts.BaseTest@56f4468b]" name="postCondition" is-config="true" duration-ms="330" started-at="2017-01-31T18:40:24Z" finished-at="2017-01-31T18:40:25Z">
          <reporter-output>
          </reporter-output>
        </test-method> <!-- postCondition -->
      </class> <!-- scripts.BaseTest -->
    </test> <!-- Default test -->
  </suite> <!-- Default suite -->
</testng-results>
